SF:lib/src/components/action_sheet/t_action_sheet.dart
DA:27,1
DA:49,1
DA:50,1
DA:125,1
DA:138,1
DA:155,1
DA:175,1
DA:199,1
DA:214,1
DA:233,1
DA:234,1
DA:235,1
DA:236,1
DA:237,1
DA:238,1
DA:239,1
DA:240,1
DA:241,1
DA:242,1
DA:243,1
DA:244,1
DA:245,1
DA:246,1
DA:247,1
DA:248,1
DA:249,1
DA:250,1
DA:251,1
DA:252,1
DA:253,1
DA:258,1
DA:259,1
DA:263,1
DA:265,1
DA:269,1
DA:290,2
DA:295,2
DA:296,1
DA:297,1
DA:300,1
DA:301,1
DA:302,1
DA:303,1
DA:304,1
DA:305,1
DA:306,1
DA:307,3
DA:311,1
DA:312,1
DA:323,1
DA:324,1
DA:341,1
DA:342,1
DA:356,1
DA:358,1
LF:55
LH:55
end_of_record
SF:lib/src/util/context_extension.dart
DA:7,90
LF:1
LH:1
end_of_record
SF:lib/src/components/popup/t_popup_inset.dart
DA:5,2
DA:10,1
DA:24,1
DA:38,2
DA:52,1
LF:5
LH:5
end_of_record
SF:lib/src/components/popup/_popup_header.dart
DA:5,5
DA:19,1
DA:20,2
DA:23,5
DA:25,10
DA:29,8
DA:30,8
DA:33,4
DA:35,4
DA:36,4
DA:37,4
DA:44,4
DA:55,4
DA:57,4
DA:58,8
DA:59,8
DA:61,8
DA:63,4
DA:64,4
DA:66,4
DA:67,8
DA:68,4
DA:70,4
DA:74,4
DA:75,4
DA:78,4
DA:81,4
DA:82,8
DA:83,4
DA:85,4
DA:89,4
DA:94,4
DA:98,12
DA:101,4
DA:103,8
DA:109,4
DA:113,12
DA:116,4
DA:118,8
DA:124,2
DA:126,2
DA:127,2
DA:128,2
DA:129,4
DA:138,4
DA:139,12
DA:140,4
DA:141,6
DA:142,4
DA:143,8
DA:144,4
DA:145,4
DA:149,6
DA:151,3
DA:155,4
DA:156,12
DA:157,4
DA:158,3
DA:159,4
DA:160,8
DA:161,4
DA:162,4
DA:167,6
DA:169,3
DA:174,4
DA:175,8
DA:178,4
DA:179,8
LF:68
LH:68
end_of_record
SF:lib/src/components/popup/_popup_shell.dart
DA:6,6
DA:15,6
DA:17,6
DA:18,18
DA:19,18
DA:20,18
DA:22,18
DA:23,4
DA:26,6
DA:29,4
DA:30,4
DA:31,4
DA:33,4
DA:36,8
DA:39,8
DA:40,3
DA:41,3
DA:43,3
DA:46,3
DA:47,6
DA:48,6
DA:53,6
DA:58,18
DA:59,18
DA:60,10
DA:62,18
DA:63,5
DA:66,5
DA:67,5
DA:68,5
DA:69,5
DA:71,17
DA:75,3
DA:78,12
DA:80,2
DA:82,6
DA:83,6
DA:92,6
DA:94,6
DA:95,6
DA:96,6
DA:97,10
DA:98,5
DA:99,6
DA:100,5
DA:101,6
DA:102,4
DA:103,4
LF:48
LH:48
end_of_record
SF:lib/src/components/popup/t_popup.dart
DA:71,6
DA:78,6
DA:83,6
LF:3
LH:3
end_of_record
SF:lib/src/components/popup/_popup_center_close.dart
DA:4,3
DA:10,6
DA:11,3
DA:12,3
DA:13,6
DA:14,3
DA:16,3
DA:19,4
DA:22,4
DA:27,3
DA:43,3
DA:45,3
DA:46,8
DA:47,2
DA:48,4
DA:49,4
DA:50,2
DA:54,6
DA:56,3
DA:58,3
DA:60,3
DA:63,3
DA:66,3
LF:23
LH:23
end_of_record
SF:lib/src/components/popup/t_popup_handle.dart
DA:16,6
DA:41,6
DA:42,21
DA:53,6
DA:54,6
DA:57,6
DA:60,0
DA:68,12
DA:70,1
DA:72,12
DA:73,6
DA:74,12
DA:76,6
DA:77,6
DA:81,3
DA:83,3
DA:86,3
DA:93,6
DA:94,6
DA:95,6
DA:96,12
DA:97,2
DA:103,6
DA:105,6
DA:107,17
DA:108,5
DA:111,5
DA:121,5
DA:122,5
DA:123,6
DA:124,5
DA:127,5
DA:134,6
DA:135,6
DA:139,2
DA:140,2
DA:143,0
DA:146,6
DA:147,6
DA:150,12
DA:153,5
DA:154,5
DA:157,5
DA:162,5
DA:163,5
DA:164,5
DA:165,5
DA:168,1
DA:171,5
DA:172,5
DA:175,5
DA:176,5
LF:52
LH:50
end_of_record
SF:lib/src/components/popup/_popup_layout.dart
DA:5,7
DA:19,7
DA:23,7
DA:24,7
DA:26,9
DA:27,4
DA:28,4
DA:29,9
DA:30,9
DA:31,4
DA:34,7
DA:35,12
DA:36,3
DA:38,6
DA:40,4
DA:41,11
DA:42,11
DA:43,4
DA:48,5
DA:49,10
DA:50,10
DA:51,5
DA:54,6
DA:55,10
DA:56,3
DA:58,5
DA:59,13
DA:60,13
DA:61,5
DA:62,5
DA:65,6
DA:66,10
DA:67,5
DA:69,5
DA:70,15
DA:71,15
DA:72,5
DA:73,5
DA:76,5
DA:77,5
DA:78,5
DA:84,7
DA:93,7
DA:94,8
DA:95,7
DA:96,12
DA:97,6
DA:98,4
DA:99,4
DA:100,4
DA:101,4
DA:103,6
DA:104,4
DA:105,4
DA:106,4
DA:107,4
DA:109,5
DA:115,6
DA:116,6
DA:117,4
DA:122,2
DA:123,2
DA:124,2
DA:126,2
DA:128,2
DA:130,2
DA:132,1
DA:137,7
DA:138,7
DA:139,7
DA:140,8
DA:141,7
DA:142,12
DA:143,4
DA:144,8
DA:145,4
DA:146,8
DA:147,1
LF:78
LH:78
end_of_record
SF:lib/src/components/popup/_popup_route.dart
DA:5,6
DA:8,6
DA:9,6
DA:10,6
DA:11,6
DA:12,6
DA:25,6
DA:26,12
DA:29,12
DA:34,6
DA:35,12
DA:38,12
DA:39,12
DA:40,3
DA:41,3
DA:46,6
DA:47,12
DA:49,6
DA:50,12
DA:52,6
DA:55,0
DA:57,0
DA:59,0
DA:63,6
DA:66,6
DA:67,12
DA:69,6
DA:71,12
DA:74,12
DA:75,12
DA:76,6
DA:79,6
DA:80,18
DA:92,5
DA:93,5
DA:96,5
DA:97,12
DA:98,12
DA:101,0
DA:110,6
DA:117,6
DA:123,12
DA:124,12
DA:125,12
DA:126,12
DA:127,12
DA:130,6
DA:131,6
DA:132,6
DA:133,6
DA:137,18
DA:138,4
DA:144,6
DA:145,12
DA:150,6
DA:151,12
DA:152,6
DA:153,12
DA:155,12
DA:160,6
DA:162,6
DA:164,6
DA:165,18
DA:166,6
DA:171,6
DA:172,6
DA:174,6
DA:175,6
DA:176,12
DA:177,18
DA:183,6
DA:184,6
DA:185,12
DA:188,3
DA:189,7
DA:190,6
DA:191,6
DA:195,6
DA:196,12
DA:197,6
DA:198,14
DA:200,11
DA:201,5
DA:202,15
DA:206,6
DA:207,6
DA:210,6
DA:214,6
DA:215,12
DA:216,12
DA:217,6
DA:221,6
DA:223,14
DA:224,14
DA:225,6
DA:226,12
DA:230,5
DA:232,5
DA:233,5
DA:236,6
DA:238,6
DA:239,6
DA:240,18
DA:242,6
DA:243,18
DA:245,6
LF:106
LH:102
end_of_record
SF:lib/src/components/popup/_popup_tracker.dart
DA:5,18
DA:7,6
DA:8,30
DA:11,5
DA:12,15
DA:13,15
DA:14,10
DA:18,5
DA:19,10
DA:20,5
DA:23,5
LF:11
LH:11
end_of_record
SF:lib/src/components/popup/t_popup_options.dart
DA:6,3
DA:7,6
DA:45,7
DA:78,6
DA:103,6
DA:133,5
DA:155,5
DA:182,5
DA:203,5
DA:229,4
DA:250,4
DA:276,4
DA:297,4
DA:357,19
DA:431,7
DA:459,7
DA:460,7
DA:461,7
DA:463,8
DA:465,7
DA:466,1
DA:467,7
DA:469,7
DA:470,0
DA:472,7
DA:474,7
DA:476,7
DA:479,7
DA:482,7
DA:483,0
DA:484,7
DA:485,7
DA:486,7
DA:488,7
DA:491,7
DA:494,7
DA:497,7
DA:500,7
DA:502,7
DA:504,7
DA:507,7
DA:509,2
DA:512,7
DA:515,7
DA:517,7
DA:521,7
DA:522,14
DA:523,14
DA:525,7
DA:526,7
DA:527,7
DA:528,7
DA:529,7
DA:530,7
DA:531,7
DA:532,7
DA:533,7
DA:534,7
DA:535,7
DA:536,7
DA:537,7
DA:538,7
DA:539,7
DA:540,6
DA:541,6
DA:542,6
DA:543,6
DA:544,5
DA:545,7
DA:546,7
DA:547,7
DA:548,7
DA:549,7
DA:550,7
DA:551,7
DA:555,6
DA:557,6
DA:559,6
DA:561,6
DA:563,6
DA:564,12
DA:565,6
DA:566,12
DA:568,2
DA:569,4
DA:570,4
DA:572,1
DA:573,2
DA:574,1
DA:575,1
DA:577,1
DA:578,2
DA:579,1
DA:580,1
DA:582,6
DA:583,18
DA:586,6
DA:589,6
DA:590,5
DA:591,5
DA:594,2
DA:595,4
DA:596,2
DA:598,2
DA:601,2
DA:604,7
DA:605,7
DA:606,7
DA:607,4
DA:610,6
DA:614,7
DA:615,6
DA:618,10
DA:622,6
DA:623,5
DA:626,11
DA:630,6
DA:631,5
DA:634,13
DA:638,5
DA:639,5
DA:644,14
DA:645,7
DA:646,14
DA:647,12
DA:648,14
DA:649,1
DA:650,1
DA:652,14
DA:653,14
DA:654,0
DA:655,0
DA:657,14
DA:660,17
LF:134
LH:130
end_of_record
SF:lib/src/components/popup/t_popup_types.dart
DA:54,7
DA:57,7
DA:60,6
DA:63,7
LF:4
LH:4
end_of_record
SF:lib/src/components/action_sheet/t_action_sheet_grid.dart
DA:61,2
DA:79,2
DA:80,2
DA:86,2
DA:88,6
DA:89,2
DA:90,2
DA:92,2
DA:93,4
DA:96,4
DA:97,8
DA:99,2
DA:101,2
DA:102,6
DA:103,5
DA:104,5
DA:105,1
DA:106,1
DA:108,4
DA:109,1
DA:111,2
DA:112,4
DA:113,2
DA:115,4
DA:116,4
DA:117,4
DA:124,1
DA:125,1
DA:126,1
DA:127,2
DA:128,2
DA:129,2
DA:131,1
DA:132,3
DA:133,1
DA:134,1
DA:135,2
DA:136,2
DA:137,2
DA:144,2
DA:145,2
DA:146,10
DA:151,1
DA:152,1
DA:153,1
DA:154,7
DA:156,2
DA:157,1
DA:158,2
DA:159,1
DA:163,1
DA:165,2
DA:166,4
DA:167,3
DA:168,1
DA:169,1
DA:175,1
DA:177,10
DA:178,2
DA:179,1
DA:180,1
DA:184,1
DA:185,1
DA:186,3
DA:187,2
DA:188,1
DA:189,2
DA:190,2
DA:191,1
DA:192,2
DA:194,2
DA:204,2
DA:210,10
DA:212,6
DA:214,8
DA:215,2
DA:216,2
DA:219,6
DA:220,2
DA:224,2
DA:225,6
DA:226,2
DA:228,8
DA:229,4
DA:236,1
DA:237,1
DA:240,9
DA:241,1
DA:242,3
DA:245,1
DA:247,2
DA:248,2
DA:249,2
LF:93
LH:93
end_of_record
SF:lib/src/components/action_sheet/t_action_sheet_group.dart
DA:46,1
DA:59,1
DA:61,3
DA:62,4
DA:63,1
DA:64,5
DA:66,1
DA:67,1
DA:69,1
DA:70,2
DA:73,1
DA:74,4
DA:76,1
DA:78,1
DA:79,2
DA:80,1
DA:81,1
DA:83,1
DA:84,1
DA:85,1
DA:86,2
DA:87,2
DA:88,2
DA:91,1
DA:92,2
DA:93,1
DA:94,1
DA:96,2
DA:97,2
DA:102,1
DA:103,1
DA:104,1
DA:105,1
DA:108,1
DA:109,1
DA:110,1
DA:111,1
DA:112,1
DA:113,1
DA:114,3
DA:120,3
DA:121,1
DA:122,1
DA:123,2
DA:124,1
DA:125,1
DA:126,2
DA:135,1
DA:136,3
LF:49
LH:49
end_of_record
SF:lib/src/components/action_sheet/t_action_sheet_list.dart
DA:42,2
DA:54,2
DA:56,6
DA:57,2
DA:58,2
DA:60,2
DA:61,4
DA:64,2
DA:66,2
DA:67,4
DA:68,2
DA:69,4
DA:76,2
DA:77,2
DA:78,2
DA:79,4
DA:80,4
DA:82,2
DA:83,4
DA:84,2
DA:85,2
DA:86,4
DA:91,2
DA:92,4
DA:93,2
DA:94,2
DA:95,2
DA:96,4
DA:97,4
DA:105,2
DA:106,2
DA:107,4
DA:108,2
DA:112,4
DA:114,2
DA:115,4
DA:116,2
DA:117,2
DA:119,2
DA:120,4
DA:121,2
DA:123,2
DA:124,4
DA:127,2
DA:128,4
DA:129,2
DA:130,2
DA:131,2
DA:132,4
DA:137,2
DA:139,2
DA:140,2
DA:141,4
DA:142,2
DA:143,3
DA:144,1
DA:145,1
DA:146,1
DA:148,0
DA:149,1
DA:151,2
DA:152,1
DA:154,1
DA:155,1
DA:156,1
DA:157,1
DA:160,3
DA:162,2
DA:163,2
DA:164,4
DA:165,2
DA:166,2
DA:167,2
DA:168,2
DA:169,2
DA:170,2
DA:174,3
DA:175,3
DA:176,1
DA:180,2
DA:181,3
DA:182,3
DA:183,1
DA:184,2
DA:185,1
DA:186,1
DA:187,2
DA:188,2
DA:192,2
DA:205,2
DA:206,2
DA:207,1
DA:208,2
DA:209,1
DA:211,2
DA:212,2
DA:213,2
DA:214,4
DA:216,6
DA:217,2
DA:218,2
DA:219,4
DA:220,4
DA:221,4
DA:225,2
DA:226,2
DA:227,4
DA:228,6
LF:108
LH:107
end_of_record
SF:lib/src/components/action_sheet/t_action_sheet_theme_data.dart
DA:46,1
DA:62,1
DA:66,1
DA:67,2
DA:68,2
DA:69,2
DA:70,1
DA:71,2
DA:72,2
DA:73,2
DA:74,2
DA:75,2
DA:76,2
DA:77,2
DA:78,2
DA:79,2
DA:83,1
DA:99,1
DA:100,0
DA:101,1
DA:102,1
DA:103,1
DA:104,1
DA:105,1
DA:106,1
DA:107,1
DA:108,1
DA:109,1
DA:110,1
DA:111,1
DA:112,1
DA:116,0
DA:118,0
DA:121,0
DA:122,0
DA:123,0
DA:124,0
DA:125,0
DA:126,0
DA:127,0
DA:128,0
DA:129,0
DA:130,0
DA:131,0
DA:132,0
DA:133,0
DA:134,0
DA:138,0
DA:142,0
LF:49
LH:30
end_of_record
SF:lib/src/components/action_sheet/t_action_sheet_item.dart
DA:8,4
LF:1
LH:1
end_of_record
SF:lib/src/theme/t_colors.dart
DA:18,15
DA:24,12
DA:33,6
DA:36,6
DA:39,9
DA:48,58
DA:51,9
DA:54,46
DA:57,10
DA:60,204
DA:63,12
DA:68,6
DA:83,18
DA:86,6
DA:98,28
DA:104,15
DA:110,85
DA:113,8
DA:118,6
DA:130,9
DA:148,16
DA:160,28
DA:198,9
DA:210,21
DA:218,12
DA:221,9
DA:224,6
DA:227,6
DA:230,30
DA:233,6
DA:239,6
DA:244,15
DA:247,15
DA:253,6
DA:256,15
DA:271,9
DA:283,15
DA:286,6
DA:290,12
DA:292,156
DA:296,30
DA:298,6
DA:300,73
DA:302,2
DA:303,4
DA:305,3
DA:306,6
DA:308,58
DA:310,9
DA:314,21
DA:316,106
DA:318,46
DA:322,220
DA:324,58
DA:326,132
DA:328,76
DA:330,93
LF:57
LH:57
end_of_record
SF:lib/src/theme/t_fonts.dart
DA:8,3
DA:11,3
DA:14,3
DA:17,3
DA:20,3
DA:23,9
DA:26,24
DA:29,39
DA:32,27
DA:35,3
DA:38,171
DA:41,78
DA:44,45
DA:47,24
DA:50,3
DA:53,18
DA:56,6
DA:59,12
DA:62,3
DA:65,3
DA:68,3
LF:21
LH:21
end_of_record
SF:lib/src/theme/t_radius.dart
DA:8,21
DA:9,102
DA:10,30
DA:11,42
DA:14,15
DA:17,15
LF:6
LH:6
end_of_record
SF:lib/src/theme/t_spacers.dart
DA:5,48
DA:7,66
DA:9,30
DA:11,78
DA:13,12
DA:15,12
DA:17,3
DA:19,3
DA:21,3
DA:23,3
DA:25,3
LF:11
LH:11
end_of_record
SF:lib/src/theme/t_theme.dart
DA:21,96
DA:22,226
DA:41,9
DA:42,18
DA:43,9
DA:44,27
DA:61,2
DA:66,2
DA:67,2
DA:70,2
DA:71,6
DA:72,1
DA:75,8
DA:78,4
DA:81,6
DA:84,2
DA:85,6
DA:96,2
DA:102,2
DA:103,4
DA:104,2
DA:106,2
DA:112,2
DA:113,5
DA:114,2
DA:116,2
DA:122,2
DA:127,2
DA:128,2
DA:130,2
DA:131,4
DA:137,2
DA:138,2
DA:140,2
DA:141,2
DA:142,2
DA:143,2
DA:145,2
DA:146,2
DA:147,2
DA:148,2
DA:150,2
DA:151,2
DA:152,2
DA:153,2
DA:155,2
DA:156,2
DA:157,2
DA:158,2
DA:160,2
DA:161,2
DA:162,2
DA:163,2
DA:165,2
DA:166,2
DA:168,2
DA:169,2
DA:170,2
DA:178,2
DA:179,2
DA:181,2
DA:182,2
DA:183,2
DA:184,2
DA:186,2
DA:187,2
DA:188,2
DA:189,2
DA:191,2
DA:192,2
DA:193,2
DA:194,2
DA:196,2
DA:197,2
DA:198,2
DA:199,2
DA:201,2
DA:202,2
DA:203,2
DA:204,2
DA:206,2
DA:207,2
DA:209,2
DA:210,2
DA:211,2
DA:232,0
DA:235,2
DA:236,4
DA:239,2
DA:240,4
DA:248,5
DA:252,10
DA:298,101
DA:311,101
DA:314,101
DA:320,0
DA:321,0
DA:329,1
DA:339,1
DA:351,2
DA:362,2
DA:364,4
DA:365,4
DA:366,4
DA:367,4
DA:368,4
DA:369,4
DA:370,6
DA:371,2
DA:376,2
DA:377,3
DA:379,4
DA:380,2
DA:383,2
DA:389,101
DA:393,101
DA:394,101
DA:396,125
DA:397,101
DA:398,101
DA:400,101
DA:401,101
DA:402,197
DA:416,101
DA:423,101
DA:424,1
DA:429,101
DA:430,101
DA:431,101
DA:432,101
DA:433,1
DA:434,101
DA:436,101
DA:437,101
DA:438,101
DA:440,303
DA:441,203
DA:449,1
DA:450,1
DA:454,2
DA:459,101
DA:460,101
DA:461,202
DA:462,101
DA:467,101
DA:468,202
DA:469,101
DA:471,202
DA:476,101
DA:477,202
DA:478,202
DA:482,101
DA:483,202
DA:484,303
DA:488,101
DA:489,202
DA:490,303
DA:494,101
DA:495,202
DA:496,303
DA:500,101
DA:501,202
DA:502,101
DA:503,202
DA:504,202
DA:505,202
DA:506,202
DA:507,202
DA:508,404
DA:509,303
DA:513,202
DA:517,101
DA:518,2
DA:519,3
DA:523,1
DA:524,1
DA:529,1
DA:530,2
DA:533,1
DA:534,2
DA:537,1
DA:540,2
DA:543,1
DA:544,2
DA:547,1
DA:548,2
DA:551,1
DA:553,1
DA:555,2
DA:560,1
DA:565,1
DA:568,1
DA:569,1
DA:570,1
DA:571,1
DA:572,1
DA:573,1
DA:574,1
DA:575,1
DA:576,1
DA:591,101
DA:594,202
DA:598,99
DA:601,198
DA:602,99
DA:606,172
DA:607,90
DA:613,41
DA:614,41
LF:209
LH:206
end_of_record
SF:lib/src/util/iterable_ext.dart
DA:8,0
DA:9,0
DA:10,0
DA:16,4
DA:18,4
DA:27,0
DA:29,0
DA:30,0
DA:37,0
DA:39,0
DA:40,0
DA:51,0
DA:57,0
DA:59,0
DA:62,0
DA:63,0
DA:64,0
DA:65,0
DA:66,0
DA:71,0
DA:74,0
DA:80,4
DA:81,12
DA:87,8
DA:88,24
DA:91,8
LF:26
LH:7
end_of_record
SF:lib/src/util/list_ext.dart
DA:14,3
DA:15,27
DA:29,3
DA:30,3
DA:32,6
DA:33,3
DA:34,3
DA:35,6
DA:37,6
DA:64,2
DA:65,2
DA:66,7
DA:67,4
DA:68,2
LF:14
LH:14
end_of_record
SF:lib/src/components/badge/t_badge.dart
DA:45,5
DA:51,5
DA:65,6
DA:66,6
DA:73,6
DA:74,12
DA:76,6
DA:80,8
DA:82,4
DA:83,12
DA:84,8
DA:85,2
DA:87,4
DA:92,4
DA:93,8
DA:94,4
DA:96,4
DA:101,4
DA:102,8
DA:103,4
DA:104,2
DA:105,4
DA:106,8
DA:110,4
DA:111,8
DA:112,1
DA:113,8
DA:115,1
DA:119,4
DA:120,8
DA:121,1
DA:122,11
DA:125,6
DA:126,6
DA:127,13
DA:130,4
DA:131,4
DA:132,9
DA:135,1
DA:136,1
DA:137,1
DA:140,1
DA:141,1
DA:142,1
DA:145,1
DA:146,1
DA:147,1
DA:150,1
DA:151,1
DA:152,1
DA:155,6
DA:157,6
DA:158,18
DA:161,1
DA:163,1
DA:164,4
DA:165,3
DA:169,6
DA:171,12
DA:172,6
DA:173,3
DA:175,6
DA:176,6
DA:177,3
DA:178,3
DA:179,9
DA:181,4
DA:182,2
DA:183,2
DA:184,6
DA:185,2
DA:186,2
DA:187,2
DA:188,2
DA:189,2
DA:190,6
DA:192,2
DA:193,2
DA:194,2
DA:196,2
DA:198,2
DA:202,1
DA:203,1
DA:205,1
DA:206,1
DA:207,3
DA:209,1
DA:210,1
DA:211,1
DA:213,1
DA:215,1
DA:220,3
DA:221,1
DA:222,1
DA:223,2
DA:224,1
DA:226,1
DA:229,1
DA:230,1
DA:231,1
DA:232,1
DA:233,1
DA:234,1
DA:235,1
DA:237,1
DA:243,3
DA:244,3
DA:245,3
DA:246,3
DA:249,3
DA:250,3
DA:257,3
DA:258,3
DA:259,3
DA:261,3
DA:263,3
DA:268,1
DA:269,1
DA:270,1
DA:271,1
DA:272,1
DA:273,1
DA:275,1
DA:276,1
DA:277,2
DA:278,1
DA:279,1
DA:281,1
DA:282,1
DA:283,1
DA:285,1
DA:287,1
DA:300,1
DA:302,1
DA:304,1
DA:305,1
DA:306,4
DA:307,3
DA:308,3
DA:309,1
DA:310,1
DA:314,0
LF:142
LH:141
end_of_record
SF:lib/src/components/text/t_text.dart
DA:34,62
DA:61,62
DA:64,3
DA:91,3
DA:156,61
DA:159,122
DA:161,62
DA:170,62
DA:172,18
DA:173,1
DA:175,18
DA:176,12
DA:178,38
DA:179,40
DA:182,18
DA:187,18
DA:188,18
DA:189,43
DA:190,18
DA:191,18
DA:192,18
DA:195,18
DA:196,18
DA:197,54
DA:200,18
DA:202,18
DA:205,142
DA:207,54
DA:209,1
DA:211,1
DA:216,18
DA:217,18
DA:224,61
DA:226,61
DA:228,61
DA:229,61
DA:230,61
DA:231,61
DA:232,61
DA:233,61
DA:234,61
DA:235,61
DA:236,61
DA:244,1
DA:245,2
DA:248,61
DA:252,61
DA:253,61
DA:254,61
DA:255,61
DA:257,54
DA:258,61
DA:259,61
DA:260,61
DA:261,61
DA:262,61
DA:263,61
DA:264,122
DA:265,61
DA:266,61
DA:267,61
DA:268,61
DA:270,3
DA:271,3
DA:273,3
DA:274,3
DA:275,3
DA:276,3
DA:277,3
DA:278,3
DA:279,3
DA:280,6
DA:281,3
DA:282,3
DA:283,3
DA:284,3
DA:292,1
DA:310,1
DA:313,1
DA:322,1
DA:333,1
DA:357,1
DA:362,1
DA:364,1
DA:366,3
DA:367,3
DA:378,54
DA:381,18
DA:382,18
DA:390,18
DA:399,7
DA:401,18
DA:403,36
DA:411,18
DA:426,36
DA:428,36
DA:431,36
DA:437,18
DA:438,18
DA:441,18
DA:445,36
DA:453,18
DA:454,18
DA:456,18
DA:458,18
DA:460,36
DA:467,36
LF:107
LH:107
end_of_record
SF:lib/src/components/action_sheet/t_action_sheet_item_widget.dart
DA:15,3
DA:31,3
DA:33,3
DA:38,6
DA:39,1
DA:40,1
DA:42,3
DA:43,6
DA:45,2
DA:46,8
DA:47,2
DA:49,3
DA:51,3
DA:52,8
DA:53,2
DA:55,2
DA:56,2
DA:57,4
DA:58,4
DA:59,2
DA:61,4
DA:64,4
DA:65,1
DA:67,1
DA:68,1
DA:69,1
DA:71,2
DA:72,1
DA:73,1
DA:79,6
DA:81,3
DA:82,6
DA:83,6
DA:84,6
DA:85,6
DA:92,1
DA:94,3
DA:96,2
DA:97,1
DA:98,3
DA:99,3
DA:100,6
DA:101,2
DA:108,4
DA:110,4
DA:112,4
DA:114,4
DA:123,3
DA:129,3
DA:130,3
DA:132,4
DA:133,6
DA:134,3
DA:135,0
DA:136,0
DA:137,0
DA:139,3
DA:140,3
DA:141,6
DA:142,3
DA:143,3
DA:144,6
DA:150,3
DA:151,3
DA:152,4
DA:153,6
DA:154,6
LF:67
LH:64
end_of_record
SF:lib/src/components/avatar/t_avatar.dart
DA:15,1
DA:29,1
DA:68,1
DA:69,2
DA:71,1
DA:73,1
DA:74,1
DA:77,1
DA:80,1
DA:84,1
DA:85,1
DA:88,1
DA:89,1
DA:90,1
DA:91,2
DA:92,1
DA:93,2
DA:94,1
DA:95,2
DA:99,1
DA:100,1
DA:101,1
DA:103,1
DA:105,1
DA:110,1
DA:111,1
DA:112,1
DA:115,1
DA:116,2
DA:118,1
DA:119,2
DA:122,1
DA:125,1
DA:126,1
DA:127,3
DA:130,1
DA:131,1
DA:132,1
DA:135,1
DA:137,1
DA:138,1
DA:139,1
DA:140,1
DA:141,1
DA:142,1
DA:143,1
DA:144,1
DA:145,2
DA:147,1
DA:148,1
DA:149,1
DA:150,1
DA:151,2
DA:154,1
DA:156,1
DA:157,1
DA:158,1
DA:159,1
DA:160,1
DA:161,1
DA:162,1
DA:163,2
DA:164,1
DA:165,3
DA:166,2
DA:167,3
DA:170,1
DA:172,1
DA:173,1
DA:174,1
DA:175,1
DA:176,1
DA:177,1
DA:178,4
DA:179,2
DA:180,1
DA:181,2
DA:183,1
DA:184,1
DA:186,1
DA:189,1
DA:190,2
DA:194,1
DA:196,1
DA:197,1
DA:198,1
DA:199,1
DA:203,1
DA:204,1
DA:205,1
DA:207,1
DA:209,1
DA:214,1
DA:215,1
DA:216,3
DA:217,3
DA:218,1
DA:222,1
DA:223,1
DA:225,1
DA:226,2
DA:227,5
DA:228,3
DA:229,3
DA:230,2
DA:232,1
DA:233,1
DA:234,1
DA:235,1
DA:236,1
DA:237,1
DA:238,2
DA:243,1
DA:244,2
DA:245,1
DA:246,1
DA:247,2
DA:248,1
DA:254,2
DA:256,1
DA:260,1
DA:261,1
DA:262,1
DA:263,2
DA:264,1
DA:265,2
DA:267,1
DA:268,3
DA:269,1
DA:272,1
DA:273,2
DA:274,5
DA:275,3
DA:276,3
DA:277,2
DA:279,1
DA:280,1
DA:281,1
DA:282,1
DA:283,1
DA:284,1
DA:285,1
DA:286,2
DA:291,1
DA:292,2
DA:293,1
DA:294,1
DA:295,2
DA:296,1
DA:297,2
DA:302,2
DA:304,1
DA:308,1
DA:309,1
DA:310,1
DA:311,2
DA:312,1
DA:313,2
DA:315,1
DA:316,3
DA:317,1
DA:322,1
DA:324,5
DA:325,1
DA:329,1
DA:330,1
DA:331,3
DA:332,3
DA:333,1
DA:337,1
DA:338,1
DA:340,1
DA:341,2
DA:342,4
DA:343,3
DA:344,3
DA:345,2
DA:347,1
DA:348,1
DA:349,1
DA:350,1
DA:354,1
DA:355,2
DA:361,1
DA:362,2
DA:363,1
DA:364,1
DA:365,2
DA:366,1
DA:367,2
DA:371,2
DA:373,1
DA:377,1
DA:378,1
DA:379,1
DA:380,2
DA:381,1
DA:382,2
DA:384,1
DA:385,3
DA:386,1
DA:389,1
DA:390,2
DA:391,4
DA:392,3
DA:393,3
DA:394,2
DA:396,1
DA:397,1
DA:398,1
DA:399,1
DA:403,1
DA:404,2
DA:410,1
DA:411,2
DA:412,1
DA:413,1
DA:414,2
DA:415,1
DA:416,2
DA:420,2
DA:422,1
DA:426,1
DA:427,1
DA:428,1
DA:429,2
DA:430,1
DA:431,2
DA:433,1
DA:434,3
DA:435,1
DA:440,1
DA:442,5
DA:443,1
LF:234
LH:234
end_of_record
SF:lib/src/components/avatar/t_avatar_theme_data.dart
DA:27,1
DA:36,1
DA:45,1
DA:46,1
DA:47,1
DA:48,1
DA:49,1
DA:50,1
DA:51,1
DA:55,1
DA:57,1
DA:60,1
DA:61,3
DA:62,3
DA:63,3
DA:64,3
DA:66,3
DA:67,3
LF:18
LH:18
end_of_record
SF:lib/src/components/backtop/t_backtop.dart
DA:13,2
DA:22,2
DA:45,2
DA:46,2
DA:58,2
DA:59,6
DA:62,2
DA:63,8
DA:65,2
DA:66,8
DA:68,2
DA:69,8
DA:71,2
DA:73,2
DA:76,2
DA:78,2
DA:79,2
DA:80,2
DA:83,2
DA:84,2
DA:87,2
DA:88,4
DA:89,8
DA:90,2
DA:91,2
DA:95,1
DA:96,1
DA:97,2
DA:98,1
DA:102,2
DA:103,4
DA:104,2
DA:107,2
DA:108,2
DA:109,2
DA:110,1
DA:115,1
DA:117,1
DA:118,4
DA:119,1
DA:121,4
DA:122,4
DA:124,0
DA:125,0
DA:126,0
DA:130,2
DA:132,8
DA:133,2
DA:136,2
DA:137,4
DA:138,2
DA:139,4
DA:140,2
DA:141,2
DA:142,4
DA:143,2
DA:144,2
DA:145,4
DA:146,2
DA:147,2
DA:150,2
DA:151,4
DA:152,4
DA:155,10
DA:158,2
DA:161,4
DA:165,4
DA:167,4
DA:168,2
DA:169,2
DA:172,2
DA:173,2
DA:174,2
DA:175,2
DA:181,1
DA:183,1
DA:187,2
DA:188,1
DA:189,1
DA:190,1
DA:195,1
DA:198,3
DA:201,2
DA:202,2
DA:205,6
DA:206,2
DA:207,6
DA:208,4
DA:209,2
DA:211,2
DA:212,2
DA:214,2
DA:215,2
DA:218,2
DA:220,2
DA:221,4
DA:222,2
DA:223,4
DA:226,2
DA:228,2
DA:239,2
DA:240,2
DA:242,2
DA:245,2
DA:246,2
DA:247,2
DA:248,6
DA:249,6
DA:251,4
DA:253,2
DA:256,2
DA:257,2
DA:260,2
DA:263,2
DA:264,4
DA:265,2
DA:267,2
DA:270,2
DA:271,2
DA:272,4
DA:273,2
DA:276,2
DA:280,2
DA:281,4
DA:282,2
DA:285,2
LF:126
LH:123
end_of_record
SF:lib/src/components/backtop/t_backtop_theme_data.dart
DA:50,4
DA:59,2
DA:68,2
DA:69,0
DA:70,2
DA:72,1
DA:73,2
DA:74,2
DA:76,2
DA:80,2
DA:82,2
DA:85,2
DA:86,6
DA:87,6
DA:88,2
DA:89,4
DA:90,6
DA:91,6
DA:93,6
LF:19
LH:18
end_of_record
SF:lib/src/components/badge/t_badge_theme_data.dart
DA:40,1
DA:52,1
DA:64,1
DA:65,1
DA:66,1
DA:67,1
DA:68,0
DA:69,1
DA:70,1
DA:71,1
DA:72,1
DA:73,1
DA:77,1
DA:79,1
DA:82,1
DA:83,2
DA:84,2
DA:85,3
DA:86,3
DA:87,2
DA:88,3
DA:89,3
DA:90,3
DA:91,2
LF:24
LH:23
end_of_record
SF:lib/src/components/button/t_button.dart
DA:61,11
DA:71,11
DA:97,11
DA:98,11
DA:102,11
DA:105,22
DA:106,24
DA:107,24
DA:108,3
DA:111,11
DA:113,22
DA:115,22
DA:116,22
DA:118,22
DA:124,22
DA:125,22
DA:126,3
DA:127,3
DA:131,11
DA:134,9
DA:135,12
DA:140,44
DA:144,9
DA:145,8
DA:149,22
DA:150,6
DA:153,11
DA:168,1
DA:169,3
DA:172,2
DA:173,1
DA:174,2
DA:177,5
DA:181,1
DA:182,1
DA:183,1
DA:184,2
DA:191,1
DA:192,2
DA:193,2
DA:196,1
DA:197,1
DA:198,1
DA:202,1
DA:203,1
DA:205,1
DA:208,1
DA:210,2
DA:211,1
DA:221,1
DA:222,2
DA:225,11
DA:226,22
DA:232,3
DA:233,2
DA:241,3
DA:242,3
DA:244,3
DA:245,3
DA:248,3
DA:249,3
DA:250,3
DA:260,3
DA:262,3
DA:264,3
DA:266,1
DA:274,1
DA:275,2
DA:277,2
DA:284,1
DA:285,2
DA:292,1
DA:295,1
DA:309,1
DA:313,1
DA:315,1
DA:316,1
DA:323,1
DA:325,1
DA:326,1
LF:80
LH:80
end_of_record
SF:lib/src/components/button/t_button_resolve.dart
DA:10,0
DA:13,11
DA:24,11
DA:25,3
DA:28,11
DA:31,11
DA:39,11
DA:46,11
DA:54,11
DA:55,11
DA:56,22
DA:61,3
DA:62,3
DA:66,3
DA:67,11
DA:71,11
DA:72,11
DA:73,11
DA:74,11
DA:76,1
DA:78,11
DA:82,1
DA:95,4
DA:102,11
DA:104,14
DA:105,8
DA:106,4
DA:107,2
DA:112,11
DA:121,11
DA:122,11
DA:123,5
DA:124,4
DA:125,3
DA:126,3
DA:127,2
DA:128,2
DA:133,11
DA:139,11
DA:140,8
DA:141,8
DA:142,9
DA:143,3
DA:144,3
DA:145,9
DA:146,4
DA:147,4
DA:148,6
DA:149,6
DA:150,6
DA:153,11
DA:154,22
DA:155,11
DA:156,5
DA:158,10
DA:159,1
DA:163,22
DA:164,11
DA:165,5
DA:177,4
DA:183,4
DA:184,3
DA:185,3
DA:186,2
DA:187,1
DA:188,1
DA:189,2
DA:190,1
DA:191,1
DA:192,2
DA:193,2
DA:194,2
DA:197,4
DA:198,8
DA:199,4
DA:200,0
DA:204,8
DA:205,4
DA:206,3
DA:210,8
DA:211,4
DA:212,9
DA:214,2
DA:224,3
DA:229,3
DA:230,2
DA:231,3
DA:232,1
DA:233,3
DA:234,1
DA:235,3
DA:236,3
DA:239,3
DA:240,6
DA:241,3
DA:242,0
DA:246,6
DA:247,3
DA:248,1
DA:260,2
DA:265,2
DA:266,1
DA:267,2
DA:268,1
DA:269,2
DA:270,1
DA:271,2
DA:272,2
DA:275,2
DA:277,4
DA:278,2
DA:279,1
DA:283,4
DA:284,2
DA:285,1
DA:287,2
DA:297,11
DA:303,21
DA:304,10
DA:305,20
DA:308,3
DA:311,5
DA:312,2
DA:313,4
DA:316,3
DA:317,1
DA:321,11
DA:322,11
DA:327,11
DA:333,11
DA:334,11
DA:342,11
DA:345,10
DA:348,3
DA:351,1
DA:366,11
DA:368,11
DA:369,11
DA:370,11
DA:372,11
DA:373,11
DA:379,11
DA:381,11
DA:383,10
DA:385,3
DA:387,1
DA:393,11
DA:395,11
DA:396,10
DA:397,3
DA:398,1
DA:403,11
DA:411,5
DA:413,5
DA:414,4
DA:415,3
DA:416,2
DA:417,3
DA:418,2
DA:419,2
DA:420,2
DA:424,1
DA:426,1
DA:427,1
DA:428,1
DA:429,1
DA:430,1
DA:431,1
DA:432,1
DA:433,1
LF:170
LH:167
end_of_record
SF:lib/src/components/button/t_button_theme_data.dart
DA:48,4
DA:62,2
DA:76,2
DA:77,1
DA:78,1
DA:79,2
DA:80,2
DA:81,2
DA:82,2
DA:83,0
DA:84,2
DA:85,2
DA:86,1
DA:87,2
DA:91,1
DA:93,1
DA:96,1
DA:97,3
DA:98,3
DA:99,3
DA:100,3
DA:101,3
DA:102,3
DA:103,3
DA:104,3
DA:105,3
DA:106,3
DA:107,3
DA:112,8
LF:29
LH:28
end_of_record
SF:lib/src/components/calendar/t_calendar.dart
DA:54,4
DA:69,7
DA:71,3
DA:72,3
DA:74,4
DA:142,6
DA:143,6
DA:149,4
DA:153,16
DA:154,4
DA:155,8
DA:156,8
DA:157,8
DA:158,8
DA:159,8
DA:160,8
DA:161,8
DA:162,8
DA:163,8
DA:164,8
DA:165,8
DA:166,8
DA:168,20
DA:172,4
DA:174,24
DA:175,4
DA:178,4
DA:179,4
DA:183,4
DA:186,4
DA:187,4
DA:205,4
DA:207,4
DA:208,8
DA:209,12
DA:210,12
DA:211,12
DA:212,12
DA:213,12
DA:214,12
DA:215,12
DA:217,8
DA:218,12
DA:219,12
DA:220,12
DA:221,12
DA:222,12
DA:223,12
DA:224,12
DA:225,12
DA:226,12
DA:227,12
DA:228,12
DA:229,12
DA:231,12
DA:232,4
DA:233,4
DA:234,4
DA:239,4
DA:240,12
DA:243,2
DA:245,2
DA:250,4
DA:251,8
DA:252,4
DA:253,4
DA:254,5
DA:255,5
DA:256,5
DA:257,5
DA:258,5
DA:259,5
DA:260,5
DA:261,5
DA:262,5
DA:263,5
DA:264,5
DA:265,5
DA:266,5
DA:270,4
DA:272,8
DA:274,4
DA:275,12
DA:277,8
DA:278,4
DA:279,4
DA:280,4
DA:281,8
DA:282,8
DA:283,8
DA:284,8
DA:285,8
DA:286,4
DA:288,4
DA:289,4
DA:296,4
DA:297,4
DA:298,8
DA:299,8
DA:300,8
DA:301,8
DA:302,4
DA:303,8
DA:304,4
DA:305,8
DA:307,8
DA:308,8
DA:309,8
DA:310,8
DA:311,8
DA:312,8
DA:313,4
DA:314,4
DA:315,4
DA:316,4
DA:317,8
DA:319,4
DA:320,4
DA:324,8
DA:325,8
DA:326,8
DA:327,8
DA:328,8
DA:336,4
DA:337,12
DA:340,8
DA:344,12
DA:347,12
DA:348,3
DA:349,9
DA:350,9
DA:357,2
DA:358,2
DA:359,4
DA:363,3
DA:364,6
DA:365,3
DA:367,3
DA:371,6
DA:372,3
DA:373,2
DA:376,6
DA:377,4
DA:378,2
DA:379,4
DA:381,2
DA:382,4
DA:385,2
DA:386,2
DA:388,4
DA:389,4
DA:391,8
DA:392,2
DA:394,1
DA:395,2
DA:396,1
DA:402,3
DA:403,3
DA:404,3
DA:405,12
DA:406,1
DA:407,2
DA:415,1
DA:416,1
DA:419,1
DA:420,2
DA:421,2
DA:422,2
DA:424,1
DA:425,1
DA:426,2
DA:427,2
DA:428,2
DA:430,1
DA:436,4
DA:438,8
DA:439,8
DA:440,8
DA:442,4
DA:443,4
DA:444,12
DA:445,4
LF:182
LH:182
end_of_record
SF:lib/src/components/calendar/t_calendar_body.dart
DA:8,5
DA:28,5
DA:66,5
DA:67,5
DA:92,5
DA:94,5
DA:95,5
DA:96,5
DA:97,10
DA:98,15
DA:101,10
DA:104,3
DA:106,3
DA:107,12
DA:108,12
DA:110,12
DA:111,12
DA:112,12
DA:113,12
DA:114,12
DA:116,12
DA:120,4
DA:121,4
DA:122,6
DA:123,2
DA:124,2
DA:128,2
DA:129,1
DA:131,6
DA:132,8
DA:134,3
DA:135,2
DA:139,3
DA:140,6
DA:144,2
DA:148,6
DA:151,3
DA:158,9
DA:161,4
DA:162,6
DA:169,5
DA:171,15
DA:172,10
DA:173,5
DA:176,5
DA:177,15
DA:178,15
DA:179,20
DA:180,5
DA:193,5
DA:194,25
DA:196,20
DA:197,10
DA:198,20
DA:200,20
DA:203,20
DA:206,5
DA:207,10
DA:211,15
DA:212,5
DA:213,12
DA:214,12
DA:217,4
DA:226,5
DA:227,10
DA:229,25
DA:232,18
DA:234,8
DA:238,12
DA:239,12
DA:240,4
DA:241,4
DA:243,4
DA:244,8
DA:247,3
DA:248,6
DA:251,9
DA:252,6
DA:253,3
DA:255,6
DA:256,3
DA:257,3
DA:258,7
DA:261,3
DA:262,3
DA:270,5
DA:271,10
DA:275,25
DA:276,25
DA:277,10
DA:278,10
DA:279,10
DA:280,15
DA:281,10
DA:282,15
DA:291,3
DA:292,6
DA:295,9
DA:296,9
DA:298,6
DA:299,12
DA:303,5
DA:305,5
DA:306,15
DA:307,5
DA:308,10
DA:309,5
DA:310,15
DA:311,5
DA:312,10
DA:313,25
DA:314,25
DA:315,5
DA:319,10
DA:323,9
DA:324,9
DA:325,3
DA:330,6
DA:331,6
DA:332,8
DA:337,5
DA:339,5
DA:340,5
DA:341,10
DA:342,15
DA:343,3
DA:345,5
DA:346,15
DA:347,10
DA:348,15
DA:349,5
DA:350,5
DA:351,15
DA:352,5
DA:353,20
DA:354,5
DA:355,15
DA:356,20
DA:357,15
DA:368,15
DA:369,5
DA:370,28
DA:377,2
DA:378,2
DA:380,2
DA:381,2
DA:384,4
DA:385,0
DA:388,0
DA:389,0
DA:393,4
DA:394,2
DA:395,2
DA:396,2
DA:398,4
DA:399,1
DA:401,2
DA:405,6
DA:406,2
DA:424,1
DA:425,3
DA:426,1
DA:430,1
DA:432,3
DA:434,2
DA:435,1
DA:436,0
DA:437,3
DA:438,1
DA:439,1
DA:444,3
DA:445,3
DA:446,0
DA:451,2
DA:452,1
DA:453,1
DA:454,1
DA:456,1
DA:463,0
DA:472,1
DA:473,2
DA:474,0
DA:477,1
DA:478,1
DA:479,2
DA:481,1
DA:484,1
DA:487,2
DA:488,1
DA:493,5
DA:494,5
DA:495,15
DA:496,10
DA:497,5
DA:498,20
DA:503,5
DA:505,5
DA:506,9
DA:507,20
DA:508,5
DA:509,10
DA:510,15
DA:512,25
DA:514,15
DA:515,16
DA:516,20
DA:519,12
DA:520,8
DA:521,24
DA:524,9
DA:525,12
DA:527,21
DA:528,15
DA:531,15
DA:532,6
DA:535,15
DA:536,9
DA:541,10
DA:543,5
DA:544,5
DA:547,15
DA:548,5
DA:549,10
DA:550,5
DA:555,5
DA:556,5
DA:557,5
DA:558,10
DA:559,5
DA:560,15
DA:561,7
DA:566,5
DA:568,5
DA:571,5
DA:572,5
DA:574,5
DA:575,15
DA:576,5
DA:577,25
DA:578,5
DA:579,15
DA:580,45
DA:581,8
DA:582,5
LF:244
LH:237
end_of_record
SF:lib/src/components/calendar/t_calendar_cell.dart
DA:31,2
DA:73,5
DA:83,12
DA:89,5
DA:90,5
DA:93,4
DA:94,4
DA:95,4
DA:100,4
DA:114,4
DA:131,4
DA:132,4
DA:139,4
DA:141,4
DA:142,8
DA:143,20
DA:146,2
DA:148,2
DA:149,8
DA:150,4
DA:151,8
DA:152,10
DA:156,4
DA:158,20
DA:159,4
DA:162,4
DA:163,4
DA:164,16
DA:165,16
DA:168,4
DA:170,8
DA:176,12
DA:178,4
DA:179,4
DA:181,9
DA:182,4
DA:184,4
DA:186,12
DA:187,4
DA:189,4
DA:190,4
DA:191,4
DA:193,8
DA:198,12
DA:199,4
DA:200,20
DA:201,4
DA:202,20
DA:203,8
DA:212,3
DA:214,9
DA:215,3
DA:218,4
DA:222,4
DA:227,4
DA:229,4
DA:230,4
DA:231,16
DA:232,8
DA:235,4
DA:236,0
DA:237,0
DA:239,4
DA:243,16
DA:249,4
DA:250,28
DA:251,12
DA:254,4
DA:259,12
DA:260,5
DA:261,8
DA:262,0
DA:263,0
DA:265,4
DA:267,4
DA:269,4
DA:270,4
DA:276,2
DA:284,4
DA:289,10
DA:291,2
DA:292,2
DA:293,2
LF:83
LH:79
end_of_record
SF:lib/src/components/calendar/t_calendar_header.dart
DA:9,4
DA:17,4
DA:37,4
DA:38,4
DA:39,8
DA:40,8
DA:41,12
DA:42,8
DA:47,4
DA:49,4
DA:50,4
DA:51,8
DA:52,4
DA:53,4
DA:54,16
DA:55,12
DA:56,4
DA:57,4
DA:58,4
DA:59,4
DA:60,4
DA:61,4
DA:62,4
LF:23
LH:23
end_of_record
SF:lib/src/components/calendar/t_calendar_style.dart
DA:14,6
DA:70,4
DA:75,4
DA:79,4
DA:80,4
DA:81,8
DA:82,4
DA:83,12
DA:86,4
DA:87,12
DA:88,8
DA:90,4
DA:91,12
DA:92,12
DA:93,8
DA:95,4
DA:96,12
DA:97,12
DA:98,12
DA:99,8
DA:101,4
DA:102,12
DA:103,12
DA:104,12
DA:105,8
DA:107,8
DA:108,8
DA:109,8
DA:114,4
DA:115,8
DA:116,4
DA:117,12
DA:118,12
DA:119,12
DA:121,4
DA:122,12
DA:123,12
DA:126,8
DA:128,4
DA:129,4
DA:131,12
DA:133,12
DA:134,4
DA:135,8
DA:138,4
DA:139,1
DA:141,3
DA:143,3
DA:145,3
DA:148,4
DA:149,4
DA:151,12
DA:153,12
DA:154,4
DA:155,4
DA:156,8
DA:159,2
DA:160,2
DA:162,6
DA:163,2
DA:164,4
DA:165,2
DA:169,2
DA:170,2
DA:172,6
DA:174,6
DA:175,2
DA:176,4
DA:177,4
DA:180,2
DA:181,2
DA:183,6
DA:185,6
DA:186,2
DA:187,4
DA:188,4
LF:76
LH:76
end_of_record
SF:lib/src/components/calendar/t_calendar_theme_data.dart
DA:58,2
DA:77,1
DA:96,1
DA:97,0
DA:98,0
DA:99,0
DA:100,1
DA:101,1
DA:102,1
DA:103,1
DA:104,1
DA:105,1
DA:106,1
DA:107,1
DA:108,1
DA:109,1
DA:110,1
DA:111,1
DA:112,1
DA:116,1
DA:118,1
DA:121,1
DA:122,3
DA:123,3
DA:124,3
DA:125,3
DA:126,3
DA:127,3
DA:128,3
DA:129,3
DA:130,3
DA:131,3
DA:132,3
DA:133,3
DA:134,3
DA:135,3
DA:136,3
DA:137,3
LF:38
LH:35
end_of_record
SF:lib/src/components/cascader/t_cascader.dart
DA:7,1
DA:22,1
DA:26,3
DA:27,1
DA:28,1
LF:5
LH:5
end_of_record
SF:lib/src/components/cascader/t_cascader_action.dart
DA:8,2
DA:19,2
DA:20,14
LF:3
LH:3
end_of_record
SF:lib/src/components/cascader/t_cascader_theme_data.dart
DA:22,0
DA:30,0
DA:38,0
DA:39,0
DA:40,0
DA:41,0
DA:42,0
DA:43,0
DA:47,0
DA:49,0
DA:52,0
DA:53,0
DA:54,0
DA:55,0
DA:56,0
DA:57,0
LF:16
LH:0
end_of_record
SF:lib/src/components/cascader/t_custom_tab.dart
DA:12,3
DA:15,3
DA:16,3
DA:23,3
DA:26,3
DA:27,9
DA:30,1
DA:32,1
DA:33,4
DA:34,3
DA:38,3
DA:40,3
DA:42,3
DA:43,3
DA:45,15
DA:46,3
DA:47,1
DA:48,1
DA:50,3
DA:53,3
DA:54,3
DA:55,3
DA:56,3
DA:57,9
DA:58,3
DA:60,6
DA:61,2
DA:62,6
DA:63,6
DA:68,6
DA:69,1
DA:71,2
DA:72,1
DA:73,1
DA:76,2
DA:86,1
DA:87,2
DA:88,3
LF:38
LH:38
end_of_record
SF:lib/src/components/cascader/t_multi_cascader.dart
DA:54,2
DA:72,2
DA:73,2
DA:97,2
DA:99,2
DA:100,10
DA:101,2
DA:102,10
DA:103,8
DA:104,8
DA:107,4
DA:109,8
DA:110,12
DA:111,2
DA:112,16
DA:115,4
DA:116,2
DA:120,10
DA:121,6
DA:123,6
DA:126,8
DA:127,7
DA:128,4
DA:129,8
DA:130,6
DA:131,2
DA:132,20
DA:134,14
DA:135,6
DA:136,8
DA:141,2
DA:143,6
DA:145,2
DA:147,4
DA:148,2
DA:149,8
DA:150,2
DA:151,2
DA:152,8
DA:153,2
DA:154,8
DA:157,2
DA:159,2
DA:160,2
DA:161,2
DA:162,4
DA:168,2
DA:171,2
DA:172,4
DA:173,8
DA:174,10
DA:175,2
DA:181,2
DA:183,4
DA:184,2
DA:187,2
DA:189,12
DA:190,2
DA:191,6
DA:192,4
DA:193,3
DA:199,2
DA:200,2
DA:204,2
DA:207,2
DA:214,2
DA:215,2
DA:219,4
DA:222,5
DA:223,2
DA:225,6
DA:226,2
DA:227,2
DA:229,11
DA:230,1
DA:242,2
DA:243,6
DA:244,4
DA:247,2
DA:248,2
DA:249,6
DA:254,2
DA:255,6
DA:256,2
DA:257,6
DA:258,4
DA:260,4
DA:263,4
DA:264,4
DA:265,4
DA:266,1
DA:267,5
DA:272,2
DA:273,2
DA:275,2
DA:276,2
DA:277,4
DA:278,2
DA:279,2
DA:280,2
DA:281,4
DA:282,4
DA:283,2
DA:284,6
DA:286,4
DA:289,2
DA:292,2
DA:293,2
DA:294,4
DA:295,2
DA:296,4
DA:297,8
DA:298,2
DA:299,8
DA:300,2
DA:302,0
DA:304,4
DA:305,6
DA:308,2
DA:311,2
DA:313,6
DA:314,4
DA:315,2
DA:317,4
DA:319,2
DA:320,4
DA:321,2
DA:322,2
DA:323,2
DA:324,2
DA:326,4
DA:335,2
DA:336,4
DA:337,6
DA:340,2
DA:341,6
DA:342,2
DA:343,2
DA:344,2
DA:345,2
DA:346,4
DA:349,2
DA:351,8
DA:352,4
DA:353,2
DA:354,1
DA:355,1
DA:357,2
DA:359,2
DA:362,2
DA:363,2
DA:366,2
DA:367,2
DA:368,6
DA:371,2
DA:374,2
DA:375,2
DA:376,8
DA:377,2
DA:379,4
DA:380,4
DA:381,4
DA:382,4
DA:387,2
DA:389,2
DA:391,4
DA:400,2
DA:401,6
DA:402,2
DA:404,2
DA:405,2
DA:406,2
DA:407,4
DA:410,2
DA:411,8
DA:412,6
DA:414,2
DA:415,2
DA:420,2
DA:421,6
DA:422,2
DA:425,2
DA:427,2
DA:428,4
DA:429,2
DA:434,2
DA:435,8
DA:436,2
DA:437,4
DA:438,4
DA:441,2
DA:442,2
DA:445,2
DA:446,4
DA:447,2
DA:448,2
DA:449,4
DA:450,2
DA:451,4
DA:452,2
DA:453,2
DA:454,6
DA:455,2
DA:456,2
DA:458,8
DA:459,0
DA:460,0
DA:461,0
DA:464,2
DA:465,2
DA:468,4
DA:469,6
DA:470,2
DA:472,2
DA:473,10
DA:474,2
DA:475,2
DA:476,0
DA:478,4
DA:479,4
DA:480,4
DA:482,6
DA:485,2
DA:487,2
DA:488,2
DA:489,2
DA:492,2
DA:493,2
DA:495,2
DA:496,2
DA:497,2
DA:499,4
DA:500,2
DA:501,2
DA:502,4
DA:503,2
DA:508,2
DA:509,4
DA:510,2
DA:514,6
DA:515,2
DA:517,4
DA:530,1
DA:531,2
DA:532,1
DA:533,1
DA:534,2
DA:536,4
DA:537,3
DA:539,0
DA:540,0
DA:542,1
DA:543,2
DA:546,2
DA:548,2
DA:549,4
DA:550,8
DA:551,2
DA:553,2
DA:556,8
DA:557,2
DA:558,2
DA:559,4
DA:561,2
DA:562,14
DA:563,2
DA:564,6
DA:565,6
DA:570,1
DA:572,1
DA:575,6
DA:576,1
DA:577,1
DA:581,5
DA:584,0
DA:585,0
DA:587,1
DA:592,2
DA:594,2
DA:595,4
DA:613,2
DA:619,2
DA:621,2
DA:624,2
DA:625,2
DA:626,2
DA:627,6
DA:628,2
DA:648,2
DA:653,2
DA:656,4
DA:657,4
DA:658,2
DA:659,2
DA:660,2
DA:661,2
DA:662,6
DA:663,2
DA:664,4
DA:665,2
DA:666,2
DA:667,2
DA:668,6
DA:669,8
DA:670,8
DA:671,6
DA:674,2
DA:683,6
DA:695,2
LF:309
LH:300
end_of_record
SF:lib/src/components/cell/t_cell.dart
DA:11,3
DA:34,3
DA:99,4
DA:100,4
DA:107,4
DA:108,6
DA:109,6
DA:110,3
DA:113,12
DA:115,4
DA:117,4
DA:118,4
DA:119,9
DA:121,9
DA:123,9
DA:124,9
DA:125,4
DA:126,8
DA:127,4
DA:128,1
DA:130,1
DA:131,1
DA:133,2
DA:138,4
DA:140,11
DA:141,3
DA:142,9
DA:143,3
DA:146,9
DA:147,2
DA:149,8
DA:150,8
DA:151,2
DA:152,4
DA:154,4
DA:155,4
DA:156,4
DA:158,4
DA:159,4
DA:160,4
DA:161,4
DA:163,4
DA:164,8
DA:165,9
DA:166,2
DA:167,3
DA:168,1
DA:169,2
DA:171,4
DA:172,4
DA:174,4
DA:175,4
DA:176,4
DA:177,8
DA:178,3
DA:179,16
DA:180,4
DA:181,12
DA:182,4
DA:183,8
DA:184,2
DA:187,16
DA:188,21
DA:189,3
DA:190,8
DA:191,3
DA:192,9
DA:193,3
DA:194,1
DA:201,4
DA:202,4
DA:204,4
DA:205,8
DA:206,3
DA:207,9
DA:208,1
DA:209,1
DA:210,2
DA:211,4
DA:212,1
DA:213,2
DA:214,1
DA:216,2
DA:218,8
DA:219,3
DA:220,8
DA:221,4
DA:222,8
DA:223,1
DA:224,1
DA:233,4
DA:235,4
DA:237,4
DA:239,1
DA:244,4
DA:245,4
DA:248,3
DA:249,6
DA:250,3
DA:254,9
DA:255,6
DA:256,3
DA:261,4
DA:262,8
DA:263,4
DA:265,8
DA:266,3
DA:267,8
DA:268,2
DA:269,3
DA:270,1
DA:271,2
DA:279,4
DA:280,5
LF:114
LH:114
end_of_record
SF:lib/src/components/cell/t_cell_inherited.dart
DA:6,3
DA:7,3
DA:11,1
DA:16,4
DA:17,4
LF:5
LH:5
end_of_record
SF:lib/src/components/cell/t_cell_group.dart
DA:14,2
DA:25,2
DA:54,2
DA:55,2
DA:59,2
DA:61,4
DA:62,2
DA:63,1
DA:64,6
DA:65,2
DA:66,2
DA:68,2
DA:71,2
DA:72,8
DA:73,2
DA:75,2
DA:76,4
DA:77,8
DA:79,2
DA:80,2
DA:81,6
DA:82,1
DA:84,2
DA:85,2
DA:86,2
DA:88,2
DA:90,6
DA:91,6
DA:95,2
DA:96,6
DA:97,4
DA:99,3
DA:100,4
DA:101,4
DA:102,6
DA:106,2
DA:107,8
DA:110,2
DA:121,2
DA:122,4
DA:126,1
DA:127,1
DA:133,2
DA:134,6
DA:135,1
DA:140,2
DA:141,2
DA:142,2
DA:143,2
DA:145,6
DA:146,2
DA:147,2
DA:148,2
DA:150,2
DA:151,0
LF:55
LH:54
end_of_record
SF:lib/src/components/cell/t_cell_theme_data.dart
DA:81,2
DA:107,4
DA:108,4
DA:112,4
DA:113,12
DA:114,12
DA:115,12
DA:116,12
DA:117,8
DA:118,8
DA:119,12
DA:120,12
DA:123,4
DA:124,16
DA:125,8
DA:126,8
DA:127,12
DA:128,12
DA:131,4
DA:132,16
DA:133,12
DA:135,12
DA:136,12
DA:137,8
DA:138,8
DA:139,12
DA:140,12
DA:142,12
DA:145,16
DA:146,4
DA:147,16
DA:148,4
DA:149,12
DA:150,8
DA:151,8
DA:152,8
DA:153,8
DA:154,8
DA:156,4
DA:159,1
DA:184,1
DA:185,1
DA:186,1
DA:187,1
DA:188,1
DA:189,1
DA:190,1
DA:191,1
DA:192,1
DA:193,1
DA:194,0
DA:195,1
DA:196,1
DA:197,1
DA:198,1
DA:199,1
DA:200,1
DA:201,1
DA:202,0
DA:203,1
DA:204,1
DA:205,1
DA:206,1
DA:210,1
DA:212,1
DA:215,1
DA:216,3
DA:217,3
DA:218,3
DA:219,3
DA:220,3
DA:221,3
DA:222,3
DA:223,3
DA:224,3
DA:225,3
DA:226,3
DA:227,3
DA:228,3
DA:229,3
DA:230,3
DA:231,3
DA:232,2
DA:233,2
DA:234,2
DA:235,2
DA:236,2
LF:87
LH:85
end_of_record
SF:lib/src/components/checkbox/t_check_box.dart
DA:38,6
DA:66,6
DA:148,5
DA:149,5
DA:152,2
DA:154,4
DA:155,2
DA:160,6
DA:161,2
DA:162,2
DA:164,2
DA:165,2
DA:166,2
DA:170,1
DA:178,2
DA:180,2
DA:183,4
DA:197,7
DA:199,21
DA:200,7
DA:203,5
DA:205,15
DA:206,5
DA:209,5
DA:210,20
DA:213,5
DA:214,10
DA:218,5
DA:220,2
DA:225,7
DA:228,13
DA:229,14
DA:236,18
DA:240,14
DA:243,14
DA:246,0
DA:257,5
DA:259,20
DA:261,5
DA:262,4
DA:264,4
DA:265,4
DA:266,20
DA:267,4
DA:269,4
DA:270,4
DA:273,4
DA:274,4
DA:275,4
DA:276,4
DA:277,8
DA:280,4
DA:283,4
DA:289,4
DA:291,11
DA:292,4
DA:293,4
DA:294,8
DA:295,12
DA:296,8
DA:298,8
DA:299,8
DA:300,8
DA:301,0
DA:302,8
DA:308,4
DA:309,16
DA:317,3
DA:318,3
DA:320,3
DA:321,3
DA:322,15
DA:323,3
DA:325,3
DA:326,3
DA:329,3
DA:330,3
DA:331,3
DA:332,6
DA:335,3
DA:336,6
DA:338,3
DA:339,3
DA:340,3
DA:341,6
DA:346,3
DA:348,12
DA:349,3
DA:350,3
DA:351,8
DA:352,6
DA:353,6
DA:354,9
DA:355,6
DA:357,6
DA:358,6
DA:359,6
DA:360,4
DA:361,6
DA:362,6
DA:368,3
DA:369,12
DA:381,11
DA:382,7
DA:384,0
DA:391,7
DA:393,4
DA:394,4
DA:396,4
DA:397,4
DA:399,0
DA:400,0
DA:402,4
DA:403,8
DA:409,7
DA:410,14
DA:411,7
DA:412,28
DA:413,14
DA:414,3
DA:415,2
DA:417,4
DA:418,4
DA:419,3
DA:421,14
DA:424,7
DA:425,7
DA:427,7
DA:430,7
DA:431,17
DA:432,7
DA:435,14
DA:443,4
DA:444,8
DA:447,4
DA:448,8
DA:452,4
DA:457,8
DA:460,8
DA:461,4
DA:463,6
DA:465,12
DA:472,7
DA:477,14
DA:479,26
DA:481,4
DA:484,5
DA:485,12
DA:487,10
DA:488,20
DA:489,4
DA:490,10
DA:491,5
DA:492,5
DA:499,7
DA:502,26
DA:504,5
DA:506,12
DA:515,7
DA:520,7
DA:522,2
DA:524,2
DA:525,2
DA:526,2
DA:527,2
DA:529,2
DA:530,2
DA:531,2
DA:532,2
DA:533,2
DA:534,6
DA:555,2
DA:558,2
DA:560,2
DA:561,2
DA:562,2
DA:563,4
DA:564,2
DA:565,10
DA:567,2
DA:568,4
DA:569,2
DA:571,4
DA:572,4
DA:574,4
DA:575,4
DA:576,4
DA:577,4
DA:578,2
DA:581,0
LF:190
LH:184
end_of_record
SF:lib/src/util/auto_size.dart
DA:13,4
DA:15,12
DA:16,16
DA:19,8
DA:24,1
DA:26,3
DA:27,4
DA:30,2
LF:8
LH:8
end_of_record
SF:lib/src/components/checkbox/t_check_box_group.dart
DA:18,2
DA:19,4
DA:25,2
DA:26,4
DA:32,2
DA:33,4
DA:39,2
DA:40,12
DA:46,2
DA:47,2
DA:48,2
DA:76,6
DA:89,6
DA:139,2
DA:141,2
DA:152,6
DA:154,6
DA:156,14
DA:158,18
DA:162,6
DA:163,12
DA:164,12
DA:165,12
DA:170,4
DA:172,4
DA:173,4
DA:174,8
DA:175,4
DA:176,4
DA:185,6
DA:186,12
DA:188,12
DA:190,12
DA:194,4
DA:196,8
DA:197,24
DA:198,6
DA:202,8
DA:204,8
DA:206,4
DA:211,2
DA:213,6
DA:215,2
DA:220,2
DA:227,4
DA:228,2
DA:233,2
DA:235,8
DA:236,6
DA:237,4
DA:239,6
DA:240,2
DA:241,2
DA:243,4
DA:244,2
DA:247,4
DA:248,8
DA:250,20
DA:251,4
DA:255,6
DA:257,18
DA:267,7
DA:268,7
DA:271,12
DA:273,5
DA:282,3
DA:301,6
DA:304,1
DA:309,1
DA:313,3
DA:314,2
DA:315,1
DA:316,1
DA:322,1
DA:327,1
DA:328,1
DA:331,1
DA:334,1
DA:337,1
DA:340,2
DA:341,3
DA:342,1
DA:347,3
DA:348,1
DA:349,2
DA:352,2
DA:353,1
DA:357,1
DA:358,0
DA:365,3
DA:366,3
DA:367,3
DA:368,1
DA:371,1
DA:372,2
DA:374,1
DA:379,1
DA:380,1
DA:384,1
DA:385,1
DA:390,1
DA:393,1
DA:394,1
DA:403,1
DA:405,2
DA:409,1
DA:410,1
DA:413,2
DA:414,1
DA:415,1
DA:419,1
DA:421,1
DA:422,1
DA:424,1
DA:425,3
DA:426,1
DA:427,1
DA:428,2
DA:429,2
DA:430,1
DA:433,1
DA:434,1
DA:437,1
DA:438,3
DA:439,2
DA:440,1
DA:441,2
DA:442,1
DA:447,1
DA:450,3
DA:451,1
DA:456,0
DA:458,0
DA:472,3
DA:474,3
LF:135
LH:132
end_of_record
SF:lib/src/util/map_ext.dart
DA:15,0
DA:16,0
DA:17,0
DA:20,0
DA:24,0
DA:26,0
DA:28,0
DA:32,0
DA:39,0
DA:40,0
DA:42,0
DA:46,0
DA:57,0
DA:58,0
DA:60,0
DA:64,0
DA:65,0
DA:67,0
DA:72,0
DA:75,0
DA:89,0
DA:91,0
DA:96,0
DA:106,0
DA:108,0
DA:113,0
DA:120,0
DA:121,0
DA:123,0
DA:127,0
DA:129,0
DA:132,0
DA:133,0
DA:134,0
DA:135,0
DA:136,0
DA:140,0
DA:143,0
DA:144,0
DA:145,0
DA:155,0
DA:156,0
DA:157,0
DA:160,0
DA:161,0
DA:162,0
DA:170,0
DA:173,0
DA:174,0
DA:190,0
DA:191,0
DA:193,0
DA:196,0
DA:197,0
DA:198,0
DA:199,0
DA:200,0
DA:201,0
DA:202,0
DA:207,0
DA:210,0
DA:218,4
DA:220,8
DA:221,4
DA:222,2
DA:231,4
DA:232,4
DA:233,8
DA:234,4
DA:235,4
DA:244,2
DA:245,4
DA:246,2
DA:247,2
DA:248,4
LF:75
LH:14
end_of_record
SF:lib/src/components/checkbox/t_checkbox_theme_data.dart
DA:40,1
DA:53,1
DA:66,1
DA:67,1
DA:68,1
DA:69,1
DA:70,1
DA:71,1
DA:72,1
DA:73,1
DA:74,1
DA:75,1
DA:76,1
DA:80,1
DA:83,1
DA:86,1
DA:89,1
DA:92,1
DA:93,2
DA:94,3
DA:95,3
DA:96,3
DA:97,3
DA:99,3
DA:100,3
DA:102,3
DA:103,3
LF:27
LH:27
end_of_record
SF:lib/src/components/collapse/t_collapse.dart
DA:23,1
DA:32,1
DA:56,1
DA:57,1
DA:64,1
DA:65,2
DA:67,4
DA:69,1
DA:70,1
DA:71,2
DA:74,1
DA:76,1
DA:78,1
DA:82,1
DA:84,1
DA:87,2
DA:88,4
DA:92,1
DA:94,1
DA:96,1
DA:97,1
DA:101,0
DA:103,0
DA:106,0
DA:107,0
DA:111,1
DA:113,1
DA:115,5
DA:116,1
DA:117,1
DA:118,2
DA:119,4
DA:122,5
DA:123,3
DA:125,1
DA:126,1
DA:129,2
DA:131,1
DA:132,4
DA:134,1
DA:135,1
DA:136,2
DA:138,1
DA:139,2
DA:140,1
DA:141,1
DA:142,1
DA:144,3
DA:145,1
DA:146,1
DA:147,1
DA:148,1
DA:149,2
DA:152,1
DA:165,1
DA:166,1
DA:167,1
DA:168,1
DA:170,1
DA:171,3
DA:172,1
DA:181,1
DA:184,2
DA:186,1
DA:191,1
DA:192,4
DA:196,1
DA:198,2
DA:202,1
DA:203,1
DA:204,1
DA:206,3
DA:208,1
DA:209,2
DA:217,1
DA:218,1
DA:220,1
DA:224,1
DA:225,4
DA:227,1
DA:229,1
DA:232,0
DA:234,0
DA:240,1
DA:241,3
DA:243,1
DA:244,4
DA:247,1
DA:250,1
DA:251,3
DA:253,1
DA:258,4
DA:259,1
DA:260,3
DA:261,2
DA:262,1
DA:263,4
DA:264,3
DA:268,2
DA:269,4
DA:273,5
DA:276,1
DA:278,3
DA:279,1
DA:284,1
DA:286,1
DA:287,2
DA:289,1
DA:290,1
DA:291,1
DA:292,1
DA:293,2
DA:294,2
DA:295,2
DA:298,3
DA:302,1
DA:303,1
DA:304,1
DA:305,4
DA:307,1
DA:308,2
DA:310,1
DA:315,1
DA:316,4
DA:317,1
DA:321,1
DA:323,4
DA:324,2
DA:331,1
DA:332,4
DA:333,3
DA:334,2
LF:132
LH:126
end_of_record
SF:lib/src/components/collapse/t_collapse_salted_key.dart
DA:10,2
DA:15,2
DA:17,2
DA:20,12
DA:23,1
DA:24,4
DA:26,1
DA:29,5
DA:30,5
DA:31,1
LF:10
LH:10
end_of_record
SF:lib/src/components/collapse/t_inset_divider.dart
DA:9,4
DA:11,1
DA:13,1
DA:15,1
DA:16,2
DA:17,2
LF:6
LH:6
end_of_record
SF:lib/src/components/collapse/t_nonanimated_expand_icon.dart
DA:4,1
DA:8,1
DA:13,2
DA:14,4
DA:15,2
DA:17,1
DA:22,2
DA:24,2
DA:25,2
DA:27,2
DA:29,2
LF:11
LH:11
end_of_record
SF:lib/src/components/collapse/t_collapse_panel.dart
DA:15,1
DA:33,1
LF:2
LH:2
end_of_record
SF:lib/src/components/collapse/t_collapse_theme_data.dart
DA:22,1
DA:30,1
DA:38,1
DA:39,1
DA:40,1
DA:41,0
DA:42,1
DA:43,1
DA:47,1
DA:49,1
DA:52,1
DA:53,2
DA:54,2
DA:55,3
DA:56,2
DA:57,2
LF:16
LH:15
end_of_record
SF:lib/src/components/date_time_picker/t_date_time_picker.dart
DA:27,1
DA:39,1
DA:99,1
DA:100,1
DA:109,1
DA:111,1
DA:112,1
DA:113,2
DA:114,3
DA:117,1
DA:118,1
DA:119,3
DA:120,1
DA:121,3
DA:122,3
DA:123,2
DA:127,1
DA:128,2
DA:130,1
DA:131,4
DA:133,1
DA:135,1
DA:137,2
DA:140,1
DA:142,1
DA:144,6
DA:145,4
DA:147,8
DA:148,4
DA:149,4
DA:150,4
DA:162,2
DA:163,3
DA:164,3
DA:165,3
DA:166,3
DA:167,2
DA:169,1
DA:171,3
DA:172,3
DA:173,3
DA:174,3
DA:175,2
DA:177,1
DA:181,1
DA:186,1
DA:187,3
DA:190,1
DA:191,3
DA:194,1
DA:198,3
DA:201,3
DA:202,3
DA:209,1
DA:211,2
DA:212,3
DA:213,3
DA:214,1
DA:215,1
DA:216,1
DA:217,1
DA:218,4
DA:219,2
DA:220,2
DA:221,2
DA:222,2
DA:223,2
DA:225,1
DA:228,1
DA:232,2
DA:233,2
DA:234,2
DA:235,2
DA:236,2
DA:237,1
LF:75
LH:75
end_of_record
SF:lib/src/components/date_time_picker/t_date_time_picker_enums.dart
DA:37,1
DA:64,2
DA:67,4
DA:68,3
DA:69,3
DA:70,2
DA:71,2
DA:72,2
DA:76,2
DA:81,2
DA:84,2
DA:85,6
DA:86,6
DA:87,6
DA:88,6
DA:89,6
DA:90,3
DA:92,1
DA:93,7
LF:19
LH:19
end_of_record
SF:lib/src/components/date_time_picker/t_date_time_picker_snapshot.part.dart
DA:19,2
DA:23,2
DA:29,2
DA:36,4
DA:39,4
DA:40,1
DA:42,2
DA:45,2
DA:46,2
DA:47,2
DA:55,2
DA:56,2
DA:81,1
DA:85,1
DA:86,2
DA:87,2
DA:90,1
DA:91,1
DA:92,1
DA:93,2
DA:94,1
DA:96,1
DA:109,2
DA:115,6
DA:116,2
DA:118,2
DA:122,2
DA:124,2
DA:125,2
DA:127,2
DA:134,1
DA:140,1
DA:141,1
DA:146,1
DA:148,1
DA:149,1
DA:151,1
DA:163,1
DA:171,1
DA:172,1
DA:173,1
DA:174,2
DA:175,2
DA:179,1
DA:180,1
DA:181,1
DA:188,1
DA:192,2
DA:201,10
DA:202,1
DA:203,2
DA:204,2
DA:205,4
DA:208,2
DA:209,2
DA:210,2
DA:219,2
DA:221,8
DA:222,4
DA:223,4
DA:224,2
DA:226,2
DA:228,2
DA:230,1
DA:232,1
DA:234,1
DA:238,2
DA:251,1
DA:257,1
DA:262,1
DA:267,2
DA:273,6
DA:276,2
DA:278,8
DA:279,4
DA:280,2
DA:282,5
DA:283,5
DA:284,5
DA:285,1
DA:288,2
DA:290,2
DA:293,2
DA:294,2
DA:296,2
DA:298,2
DA:301,2
DA:302,2
DA:304,12
DA:305,2
DA:311,2
DA:314,2
DA:315,6
DA:316,6
DA:317,6
DA:319,1
DA:320,5
DA:322,1
DA:323,1
DA:324,2
DA:325,1
DA:331,2
DA:332,2
DA:335,2
DA:341,2
DA:342,6
DA:345,2
DA:347,2
DA:348,4
DA:349,2
DA:350,4
DA:351,4
DA:352,4
DA:353,4
DA:354,4
DA:355,4
DA:358,2
DA:362,2
DA:367,2
DA:368,2
DA:369,2
DA:370,2
DA:371,2
DA:372,2
DA:373,10
DA:374,2
DA:375,2
DA:376,2
DA:377,2
DA:378,2
DA:379,2
DA:380,2
DA:381,1
DA:382,1
DA:383,1
DA:384,1
DA:385,1
DA:386,1
DA:389,2
DA:390,2
DA:393,2
DA:399,2
DA:411,2
DA:412,2
DA:420,2
DA:433,2
DA:435,2
DA:436,2
DA:440,1
DA:444,2
DA:452,2
DA:468,2
DA:470,2
DA:471,2
DA:474,2
DA:478,2
DA:484,2
DA:488,2
DA:491,2
DA:499,2
DA:502,2
DA:505,2
DA:506,2
DA:507,4
DA:508,2
DA:509,2
DA:519,1
DA:520,1
DA:534,1
DA:535,2
DA:536,1
DA:537,1
DA:549,2
DA:558,2
DA:561,2
DA:564,2
DA:565,2
DA:581,2
DA:582,4
DA:583,2
DA:584,2
DA:585,2
DA:586,2
DA:597,2
DA:605,2
DA:609,2
DA:612,2
DA:619,2
DA:623,2
DA:624,2
LF:190
LH:190
end_of_record
SF:lib/src/components/date_time_picker/t_date_time_picker_bounds.part.dart
DA:9,123
DA:14,8
DA:17,2
DA:18,2
DA:20,2
DA:21,9
DA:23,2
DA:24,5
DA:26,2
DA:27,5
DA:29,1
DA:30,4
DA:32,2
DA:33,2
DA:34,2
DA:35,2
DA:38,2
DA:46,2
DA:48,2
DA:49,2
DA:54,4
DA:55,3
DA:56,2
DA:57,1
DA:59,4
DA:60,7
DA:61,7
DA:63,4
DA:64,2
DA:65,2
DA:66,2
DA:69,3
DA:70,2
DA:71,2
DA:73,2
DA:74,2
DA:75,2
DA:76,2
DA:77,2
DA:79,2
DA:80,2
DA:81,1
DA:82,1
DA:85,2
DA:86,2
DA:87,1
DA:88,1
DA:94,2
DA:101,8
DA:102,4
DA:103,8
DA:104,8
DA:106,4
DA:107,3
DA:108,3
DA:114,1
DA:115,1
DA:118,1
DA:119,1
DA:134,2
DA:135,2
DA:138,2
DA:139,2
DA:141,1
DA:144,1
DA:147,1
DA:148,5
DA:149,1
DA:152,1
DA:158,2
DA:166,2
DA:168,2
DA:170,2
DA:171,2
DA:172,2
DA:173,2
DA:174,2
DA:175,2
DA:177,4
DA:178,2
DA:186,2
DA:189,1
DA:191,2
DA:192,6
DA:193,2
DA:194,6
DA:195,2
DA:196,6
DA:197,2
DA:198,6
DA:199,2
DA:200,6
DA:201,2
DA:202,6
DA:204,2
DA:207,2
DA:208,2
DA:211,2
DA:212,2
LF:99
LH:99
end_of_record
SF:lib/src/components/date_time_picker/t_date_time_picker_labels.part.dart
DA:14,3
DA:30,2
DA:36,4
DA:37,4
DA:42,2
DA:43,2
DA:44,2
DA:45,2
DA:46,2
DA:47,2
DA:48,2
DA:49,2
DA:50,2
DA:52,2
DA:56,2
DA:57,6
DA:59,4
DA:61,2
DA:62,2
DA:63,8
DA:64,4
DA:69,2
DA:70,4
DA:71,4
DA:72,4
DA:73,4
DA:74,4
DA:75,4
DA:76,4
DA:80,2
DA:83,1
DA:84,3
DA:85,3
DA:87,1
DA:88,1
DA:89,5
DA:96,1
DA:101,4
DA:103,1
DA:106,7
DA:108,1
DA:109,3
DA:115,2
DA:119,1
DA:120,1
DA:122,1
DA:123,1
DA:124,1
DA:126,1
DA:127,1
DA:128,1
DA:130,1
DA:131,1
DA:132,1
DA:133,1
DA:137,1
DA:138,1
DA:139,1
DA:141,1
DA:142,1
DA:143,1
DA:145,1
DA:146,1
DA:147,1
DA:148,1
DA:152,2
DA:155,1
LF:67
LH:67
end_of_record
SF:lib/src/components/date_time_picker/t_date_time_picker_model.dart
DA:20,1
DA:25,1
DA:28,1
DA:42,2
DA:74,1
DA:75,1
DA:76,1
DA:77,1
DA:78,1
DA:79,1
DA:80,1
DA:81,7
DA:84,1
DA:88,1
DA:89,1
DA:90,1
DA:91,2
DA:92,2
DA:93,2
DA:94,2
DA:98,1
DA:101,1
DA:102,3
DA:103,3
DA:104,3
DA:105,3
DA:106,3
DA:107,3
DA:109,1
DA:110,7
DA:112,1
DA:113,1
DA:114,3
DA:115,3
LF:34
LH:34
end_of_record
SF:lib/src/components/date_time_picker/t_date_time_picker_wheel.dart
DA:20,2
DA:48,2
DA:49,2
DA:60,12
DA:62,2
DA:64,2
DA:65,6
DA:66,2
DA:69,6
DA:71,2
DA:72,4
DA:73,6
DA:74,6
DA:76,4
DA:77,4
DA:78,4
DA:79,2
DA:80,4
DA:81,4
DA:84,4
DA:85,4
DA:86,4
DA:88,10
DA:89,2
DA:90,8
DA:93,2
DA:96,1
DA:98,1
DA:99,4
DA:100,4
DA:101,4
DA:102,4
DA:103,4
DA:104,4
DA:105,4
DA:106,4
DA:107,4
DA:110,1
DA:111,1
DA:113,3
DA:114,1
DA:115,3
DA:116,2
DA:117,2
DA:118,1
DA:124,2
DA:126,4
DA:127,2
DA:129,2
DA:132,2
DA:133,6
DA:134,4
DA:138,2
DA:141,2
DA:143,2
DA:144,4
DA:146,4
DA:147,4
DA:148,4
DA:150,2
DA:152,4
DA:153,4
DA:154,4
DA:156,4
DA:158,2
DA:160,2
DA:164,2
DA:166,4
DA:167,6
DA:169,3
DA:170,1
DA:176,4
DA:177,8
DA:180,1
DA:181,7
DA:184,4
DA:185,4
DA:186,2
DA:187,1
DA:190,3
DA:193,2
DA:194,4
DA:196,4
DA:197,4
DA:198,4
DA:199,2
DA:200,4
DA:201,4
DA:203,4
DA:204,4
DA:207,4
DA:209,6
DA:210,2
DA:211,4
DA:213,2
DA:214,2
DA:219,6
DA:220,2
DA:225,6
DA:237,0
DA:243,2
DA:244,6
DA:248,12
DA:249,2
DA:259,2
DA:260,6
DA:263,6
DA:264,6
DA:271,1
DA:273,4
DA:275,2
DA:276,3
DA:277,1
DA:283,2
DA:285,2
DA:288,2
DA:289,4
DA:290,2
DA:291,2
DA:292,8
DA:293,2
DA:300,2
DA:301,2
DA:302,2
DA:303,4
DA:304,2
DA:305,2
DA:307,2
DA:309,3
DA:311,2
DA:312,2
DA:313,4
DA:315,4
DA:316,4
DA:317,2
DA:319,2
DA:320,2
DA:327,2
DA:328,6
DA:329,6
DA:331,4
DA:332,4
DA:333,4
DA:334,4
DA:335,4
DA:336,4
DA:341,2
DA:342,6
DA:345,8
DA:346,8
DA:350,2
DA:351,6
DA:354,8
DA:355,12
DA:356,2
DA:359,8
LF:156
LH:155
end_of_record
SF:lib/src/theme/resource_delegate.dart
DA:21,32
DA:22,32
DA:23,28
DA:25,5
DA:27,8
DA:32,6
DA:33,4
DA:39,32
DA:40,32
DA:45,90
DA:48,3
DA:49,3
DA:52,5
DA:53,5
DA:54,5
DA:226,2
DA:229,2
DA:232,7
DA:235,4
DA:241,3
DA:244,2
DA:250,2
DA:253,2
DA:256,2
DA:265,2
DA:268,4
DA:271,4
DA:274,4
DA:277,2
DA:280,3
DA:283,3
DA:286,3
DA:289,3
DA:292,7
DA:295,7
DA:298,7
DA:301,7
DA:304,7
DA:307,7
DA:310,7
DA:313,6
DA:316,5
DA:319,5
DA:322,5
DA:325,5
DA:328,5
DA:331,5
DA:334,5
DA:337,5
DA:340,5
DA:343,5
DA:346,5
DA:349,5
DA:361,2
DA:364,3
DA:367,3
DA:370,3
DA:373,2
DA:376,3
DA:379,3
DA:380,3
LF:61
LH:61
end_of_record
SF:lib/src/components/picker/picker_data.dart
DA:10,4
DA:16,3
DA:23,2
DA:27,2
DA:28,2
DA:34,1
DA:37,1
DA:38,3
DA:39,3
DA:42,1
DA:47,3
DA:50,3
DA:51,3
DA:58,1
DA:59,2
DA:65,3
DA:72,3
DA:76,3
DA:77,3
DA:83,2
DA:86,2
DA:87,6
DA:88,6
DA:91,2
DA:96,6
DA:99,4
DA:100,4
DA:101,4
DA:102,10
DA:103,10
DA:110,2
DA:114,2
DA:115,1
DA:117,2
DA:118,1
DA:120,1
DA:123,1
DA:124,2
DA:125,2
DA:126,5
LF:40
LH:40
end_of_record
SF:lib/src/components/picker/picker_option.dart
DA:10,5
DA:25,4
DA:28,3
DA:29,9
DA:30,9
DA:31,6
DA:32,6
DA:34,3
DA:35,12
DA:37,1
DA:38,3
LF:11
LH:11
end_of_record
SF:lib/src/components/picker/multi_wheel_layout.dart
DA:14,4
DA:30,4
DA:32,4
DA:33,4
DA:34,4
DA:36,4
DA:38,4
DA:39,4
DA:40,16
DA:41,4
DA:42,4
DA:43,4
DA:44,4
DA:45,4
DA:46,4
DA:47,8
DA:51,4
DA:52,8
DA:53,4
DA:54,4
DA:55,8
LF:21
LH:21
end_of_record
SF:lib/src/components/picker/wheel_behavior.dart
DA:13,4
DA:16,8
DA:19,4
DA:23,4
DA:25,4
DA:26,4
DA:27,4
DA:28,4
DA:29,4
DA:30,4
LF:10
LH:10
end_of_record
SF:lib/src/components/picker/wheel_column.dart
DA:33,4
DA:67,4
DA:68,4
DA:73,6
DA:85,4
DA:86,10
DA:111,4
DA:113,4
DA:114,12
DA:115,12
DA:118,3
DA:120,3
DA:122,12
DA:123,12
DA:133,3
DA:139,6
DA:142,3
DA:143,6
DA:144,3
DA:145,3
DA:152,2
DA:156,6
DA:157,2
DA:158,2
DA:184,1
DA:185,5
DA:191,2
DA:194,2
DA:195,4
DA:198,1
DA:199,4
DA:202,2
DA:203,6
DA:214,1
DA:215,2
DA:216,1
DA:217,4
DA:220,1
DA:221,3
DA:228,1
DA:229,3
DA:232,2
DA:233,2
DA:237,1
DA:238,1
DA:241,3
DA:242,2
DA:245,1
DA:246,1
DA:248,1
DA:249,3
DA:250,3
DA:255,2
DA:256,1
DA:260,1
DA:262,1
DA:265,2
DA:266,1
DA:269,1
DA:273,2
DA:277,1
DA:285,3
DA:286,15
DA:289,6
DA:290,3
DA:291,9
DA:292,9
DA:295,1
DA:298,3
DA:299,3
DA:300,3
DA:302,6
DA:304,4
DA:311,2
DA:312,2
DA:313,12
DA:316,4
DA:318,8
DA:322,4
DA:323,8
DA:325,4
DA:326,8
DA:329,8
DA:331,4
DA:332,4
DA:333,8
DA:334,8
DA:335,12
DA:336,4
DA:337,8
DA:339,8
DA:340,12
DA:341,8
DA:346,4
DA:349,4
DA:350,4
DA:351,4
DA:352,4
LF:98
LH:98
end_of_record
SF:lib/src/components/dialog/t_confirm_dialog.dart
DA:17,1
DA:37,1
DA:92,1
DA:93,1
DA:94,1
DA:96,2
DA:97,1
DA:99,1
DA:102,1
DA:103,3
DA:104,1
DA:108,1
DA:109,1
DA:110,1
DA:111,2
DA:113,1
DA:120,1
DA:122,1
DA:123,3
DA:124,1
DA:126,1
DA:127,1
DA:128,1
DA:129,2
DA:131,1
DA:139,1
DA:142,2
DA:144,1
DA:145,1
DA:146,1
DA:147,1
DA:148,1
DA:149,2
DA:150,2
DA:152,1
DA:154,1
DA:156,1
DA:157,1
DA:158,1
DA:159,1
DA:160,1
DA:161,1
DA:162,1
DA:164,2
DA:165,1
DA:166,2
DA:167,1
DA:171,1
LF:48
LH:48
end_of_record
SF:lib/src/components/dialog/t_dialog_widget.dart
DA:13,1
DA:20,1
DA:37,1
DA:39,1
DA:40,1
DA:42,1
DA:43,1
DA:44,1
DA:46,3
DA:47,3
DA:49,1
DA:50,1
DA:51,1
DA:52,1
DA:53,1
DA:56,1
DA:57,1
DA:58,1
DA:60,1
DA:63,1
DA:64,1
DA:67,2
DA:72,1
DA:83,1
DA:87,1
DA:95,1
DA:98,1
DA:99,1
DA:100,3
DA:102,1
DA:110,1
DA:114,1
DA:122,1
DA:125,1
DA:126,1
DA:127,1
DA:128,1
DA:136,1
DA:146,1
DA:172,1
DA:175,2
DA:176,1
DA:177,1
DA:178,1
DA:180,1
DA:181,1
DA:182,1
DA:183,1
DA:184,1
DA:185,1
DA:186,1
DA:189,2
DA:190,1
DA:191,1
DA:192,2
DA:193,2
DA:194,1
DA:195,1
DA:198,1
DA:199,1
DA:200,1
DA:202,1
DA:203,1
DA:204,1
DA:205,2
DA:218,1
DA:222,1
DA:230,1
DA:233,1
DA:235,1
DA:237,1
DA:238,1
DA:239,1
DA:240,2
DA:241,2
DA:242,2
DA:243,2
DA:244,2
DA:245,2
DA:246,2
DA:247,2
DA:248,1
DA:249,2
DA:250,3
DA:252,0
DA:258,1
DA:259,1
DA:260,2
DA:261,2
DA:262,2
DA:263,2
DA:264,2
DA:265,2
DA:266,2
DA:267,2
DA:268,1
DA:269,2
DA:270,3
DA:272,0
DA:285,1
DA:289,1
DA:297,1
DA:300,1
DA:301,1
DA:303,1
DA:305,1
DA:306,1
DA:307,1
DA:308,2
DA:309,2
DA:310,2
DA:311,2
DA:312,2
DA:313,2
DA:316,2
DA:317,1
DA:318,2
DA:319,3
DA:321,0
DA:330,1
DA:331,1
DA:332,2
DA:333,2
DA:334,2
DA:335,2
DA:336,2
DA:337,2
DA:339,2
DA:340,1
DA:341,2
DA:342,3
DA:344,0
DA:358,1
DA:371,1
DA:406,1
DA:408,1
DA:409,1
DA:410,1
DA:411,1
DA:412,1
DA:413,1
DA:414,1
DA:415,1
DA:416,1
DA:417,1
DA:418,1
DA:424,1
DA:425,1
DA:426,1
DA:427,1
LF:150
LH:146
end_of_record
SF:lib/src/components/dialog/t_dialog.dart
DA:24,1
LF:1
LH:1
end_of_record
SF:lib/src/components/dialog/t_dialog_theme_data.dart
DA:44,0
DA:58,0
DA:62,0
DA:63,0
DA:64,0
DA:65,0
DA:66,0
DA:67,0
DA:68,0
DA:69,0
DA:70,0
DA:71,0
DA:72,0
DA:76,0
DA:89,0
DA:90,0
DA:91,0
DA:92,0
DA:93,0
DA:94,0
DA:95,0
DA:96,0
DA:97,0
DA:98,0
DA:99,0
DA:103,0
DA:105,0
DA:108,0
DA:109,0
DA:110,0
DA:111,0
DA:112,0
DA:113,0
DA:115,0
DA:117,0
DA:118,0
DA:120,0
DA:121,0
DA:125,0
DA:129,0
LF:40
LH:0
end_of_record
SF:lib/src/components/divider/t_divider.dart
DA:36,2
DA:59,9
DA:63,18
DA:64,18
DA:66,9
DA:70,28
DA:71,10
DA:72,1
DA:73,1
DA:74,1
DA:75,1
DA:76,1
DA:81,9
DA:83,2
DA:84,9
DA:86,1
DA:87,1
DA:88,1
DA:98,9
DA:99,9
DA:110,1
DA:117,9
DA:126,1
DA:128,1
DA:129,1
DA:133,9
DA:138,1
DA:139,1
DA:151,2
DA:152,2
DA:156,1
DA:165,1
DA:167,1
DA:169,1
DA:174,1
DA:178,1
DA:179,1
DA:181,1
DA:185,1
DA:186,1
DA:189,1
DA:190,1
DA:192,1
DA:198,1
DA:199,1
DA:201,1
DA:202,1
DA:204,1
DA:205,1
DA:209,1
LF:50
LH:50
end_of_record
SF:lib/src/components/divider/t_divider_painter.dart
DA:9,1
DA:28,1
DA:30,1
DA:31,2
DA:32,1
DA:33,2
DA:35,1
DA:36,2
DA:41,1
DA:42,2
DA:43,2
DA:46,1
DA:47,1
DA:48,1
DA:58,1
DA:60,3
DA:61,3
DA:62,3
DA:63,3
LF:19
LH:19
end_of_record
SF:lib/src/components/divider/t_divider_theme_data.dart
DA:31,1
DA:41,1
DA:51,1
DA:52,1
DA:53,1
DA:54,1
DA:55,1
DA:56,1
DA:57,1
DA:58,1
DA:62,1
DA:64,1
DA:67,1
DA:68,3
DA:69,3
DA:70,3
DA:71,3
DA:72,3
DA:73,3
DA:74,3
LF:20
LH:20
end_of_record
SF:lib/src/components/drawer/t_drawer.dart
DA:18,1
DA:39,2
DA:40,1
DA:106,1
DA:107,3
DA:112,1
DA:113,2
DA:117,1
DA:118,1
DA:119,1
DA:120,2
DA:123,2
DA:124,2
DA:125,2
DA:127,2
DA:128,1
DA:129,1
DA:131,2
DA:136,1
DA:137,1
DA:138,1
DA:139,1
DA:140,1
DA:141,1
DA:142,1
DA:143,1
DA:144,2
DA:145,2
DA:146,2
DA:147,2
DA:148,2
DA:150,2
DA:156,1
DA:157,1
DA:160,1
DA:162,2
DA:165,1
DA:166,1
DA:167,2
LF:39
LH:39
end_of_record
SF:lib/src/components/drawer/t_drawer_theme_data.dart
DA:30,3
DA:39,1
DA:48,1
DA:49,0
DA:50,0
DA:51,1
DA:52,1
DA:53,1
DA:54,1
DA:58,1
DA:60,1
DA:63,1
DA:64,3
DA:65,3
DA:66,2
DA:68,2
DA:69,2
DA:70,2
LF:18
LH:16
end_of_record
SF:lib/src/components/drawer/t_drawer_widget.dart
DA:16,1
DA:68,1
DA:70,1
DA:72,1
DA:74,1
DA:75,3
DA:77,1
DA:78,1
DA:79,1
DA:80,2
DA:82,1
DA:83,1
DA:84,1
DA:85,1
DA:86,1
DA:87,1
DA:88,1
DA:91,4
DA:96,1
DA:97,1
DA:98,1
DA:99,1
DA:100,1
DA:101,1
DA:102,1
DA:103,1
DA:106,1
DA:107,0
DA:110,1
DA:111,1
DA:112,3
DA:113,1
DA:119,1
DA:120,3
DA:121,1
DA:130,1
LF:36
LH:35
end_of_record
SF:lib/src/components/dropdown_menu/t_dropdown_inherited.dart
DA:9,2
DA:10,2
DA:18,2
DA:24,2
DA:25,2
LF:5
LH:5
end_of_record
SF:lib/src/components/dropdown_menu/t_dropdown_item.dart
DA:23,2
DA:24,10
DA:28,2
DA:30,4
DA:33,8
DA:40,1
DA:41,1
DA:45,2
DA:46,3
DA:50,1
DA:51,2
DA:57,2
DA:76,2
DA:131,6
DA:132,2
DA:133,2
DA:135,6
DA:136,4
DA:137,2
DA:139,2
DA:140,2
DA:142,2
DA:143,4
DA:144,2
DA:146,4
DA:147,2
DA:148,2
DA:150,4
DA:158,2
DA:160,2
DA:161,5
DA:164,2
DA:166,6
DA:167,6
DA:168,4
DA:169,4
DA:171,12
DA:172,2
DA:173,2
DA:176,2
DA:177,6
DA:178,6
DA:179,2
DA:180,4
DA:181,2
DA:182,6
DA:184,2
DA:185,6
DA:186,6
DA:187,4
DA:188,2
DA:189,2
DA:190,2
DA:191,2
DA:192,6
DA:193,2
DA:194,2
DA:195,4
DA:197,2
DA:198,2
DA:201,2
DA:202,1
DA:203,2
DA:204,2
DA:205,2
DA:206,6
DA:207,4
DA:208,2
DA:209,2
DA:210,2
DA:211,8
DA:213,1
DA:215,1
DA:219,3
DA:220,3
DA:221,0
DA:222,1
DA:224,2
DA:225,2
DA:226,6
DA:227,2
DA:228,6
DA:229,8
DA:230,2
DA:232,4
DA:233,2
DA:234,4
DA:235,2
DA:236,2
DA:237,2
DA:238,4
DA:255,2
DA:260,2
DA:261,6
DA:262,2
DA:263,2
DA:265,4
DA:266,2
DA:267,2
DA:268,6
DA:269,4
DA:270,8
DA:271,8
DA:272,8
DA:273,8
DA:279,8
DA:280,1
DA:281,3
DA:282,1
DA:283,1
DA:284,2
DA:285,2
DA:286,2
DA:287,1
DA:294,2
DA:295,6
DA:299,2
DA:300,2
DA:301,2
DA:302,2
DA:303,2
DA:304,2
DA:305,2
DA:306,2
DA:307,4
DA:309,2
DA:312,2
DA:313,4
DA:314,2
DA:315,2
DA:316,6
DA:319,2
DA:320,2
DA:324,2
DA:325,4
DA:326,2
DA:335,2
DA:336,2
DA:338,8
DA:339,2
DA:340,6
DA:341,2
DA:342,2
DA:343,6
DA:346,6
DA:347,1
DA:348,3
DA:354,2
DA:357,2
DA:358,2
DA:359,2
DA:360,8
DA:362,1
DA:363,1
DA:364,3
DA:368,8
DA:369,2
DA:370,2
DA:371,8
DA:373,2
DA:374,2
DA:375,6
DA:376,10
DA:385,2
DA:386,10
DA:387,2
DA:388,2
DA:390,2
DA:391,2
DA:393,0
DA:396,2
DA:397,4
DA:398,6
DA:399,0
DA:400,2
DA:401,2
DA:403,2
DA:405,4
DA:406,8
DA:411,1
DA:413,1
DA:415,1
DA:416,1
DA:418,0
DA:420,3
DA:421,4
DA:422,3
DA:425,2
DA:427,5
DA:428,1
DA:429,1
DA:432,0
DA:436,2
DA:437,12
DA:438,1
DA:440,4
DA:443,1
DA:444,4
DA:445,1
DA:447,2
DA:450,1
DA:451,3
DA:452,2
DA:458,2
LF:204
LH:199
end_of_record
SF:lib/src/components/dropdown_menu/t_dropdown_menu.dart
DA:35,2
DA:53,2
DA:103,2
DA:104,2
DA:115,2
DA:117,2
DA:118,2
DA:121,2
DA:123,6
DA:124,2
DA:126,2
DA:129,1
DA:131,1
DA:132,4
DA:133,4
DA:134,1
DA:138,2
DA:140,6
DA:141,1
DA:144,1
DA:145,1
DA:146,2
DA:147,2
DA:148,3
DA:149,1
DA:154,2
DA:155,2
DA:156,4
DA:157,2
DA:158,2
DA:159,6
DA:160,2
DA:165,2
DA:166,4
DA:167,4
DA:168,4
DA:169,2
DA:170,4
DA:171,2
DA:172,2
DA:173,4
DA:182,2
DA:183,10
DA:184,7
DA:185,1
DA:188,6
DA:189,2
DA:190,4
DA:191,1
DA:193,4
DA:194,4
DA:195,4
DA:197,8
DA:200,4
DA:201,8
DA:202,2
DA:203,0
DA:206,2
DA:207,2
DA:208,3
DA:209,4
DA:210,6
DA:211,6
DA:213,2
DA:215,2
DA:216,2
DA:219,8
DA:221,2
DA:223,6
DA:224,4
DA:226,2
DA:227,4
DA:228,2
DA:234,2
DA:235,6
DA:236,4
DA:237,6
DA:239,2
DA:241,6
DA:248,2
DA:249,6
DA:250,4
DA:251,6
DA:254,2
DA:255,4
DA:256,2
DA:258,10
DA:262,2
DA:263,8
DA:267,1
DA:268,1
DA:272,1
DA:273,1
DA:277,2
DA:279,4
DA:280,2
DA:282,4
DA:283,4
DA:284,2
DA:285,2
DA:286,4
DA:287,4
DA:288,4
DA:289,8
DA:291,14
DA:292,5
DA:295,8
DA:296,4
DA:297,4
DA:298,8
DA:299,4
DA:300,0
DA:301,2
DA:302,2
DA:308,2
DA:309,4
DA:310,2
DA:313,8
DA:314,4
DA:315,6
DA:316,4
DA:317,2
DA:320,4
DA:321,6
DA:322,3
LF:125
LH:123
end_of_record
SF:lib/src/components/dropdown_menu/t_dropdown_popup.dart
DA:20,2
DA:74,4
DA:77,6
DA:79,2
DA:81,2
DA:82,8
DA:83,4
DA:84,4
DA:85,2
DA:86,2
DA:87,2
DA:88,8
DA:89,4
DA:90,2
DA:91,8
DA:93,2
DA:94,10
DA:95,6
DA:97,4
DA:98,10
DA:100,1
DA:101,2
DA:102,4
DA:103,2
DA:105,3
DA:106,5
DA:107,1
DA:109,5
DA:110,3
DA:115,2
DA:116,2
DA:117,6
DA:118,2
DA:119,2
DA:120,6
DA:121,2
DA:122,2
DA:123,2
DA:124,2
DA:126,2
DA:128,2
DA:131,6
DA:134,2
DA:135,6
DA:136,2
DA:139,2
DA:141,2
DA:142,2
DA:144,2
DA:146,4
DA:147,8
DA:148,2
DA:149,2
DA:150,2
DA:152,2
DA:154,2
DA:155,2
DA:156,2
DA:158,2
DA:159,2
DA:160,2
DA:161,2
DA:162,2
DA:163,2
DA:165,2
DA:167,0
DA:173,2
DA:174,2
DA:175,2
DA:176,2
DA:179,4
DA:180,2
DA:181,2
DA:182,2
DA:183,2
DA:184,6
DA:188,2
DA:194,2
DA:195,2
DA:196,2
DA:197,2
DA:200,2
DA:208,2
DA:209,2
DA:210,2
DA:211,2
DA:226,2
DA:227,6
DA:228,4
DA:236,2
DA:238,2
DA:240,4
DA:243,2
DA:245,4
DA:247,2
LF:95
LH:94
end_of_record
SF:lib/src/components/tag/t_select_tag.dart
LF:0
LH:0
end_of_record
SF:lib/src/components/tag/t_tag_theme_data.dart
DA:75,1
DA:93,1
DA:111,1
DA:112,1
DA:113,1
DA:114,1
DA:115,1
DA:116,1
DA:117,1
DA:118,1
DA:119,1
DA:120,1
DA:121,1
DA:122,0
DA:123,1
DA:124,1
DA:125,1
DA:126,1
DA:130,1
DA:132,1
DA:135,1
DA:136,2
DA:137,2
DA:138,3
DA:139,3
DA:140,2
DA:141,2
DA:142,3
DA:143,2
DA:144,2
DA:145,2
DA:146,2
DA:147,2
DA:148,2
DA:149,3
DA:150,2
LF:36
LH:35
end_of_record
SF:lib/src/components/dropdown_menu/t_dropdown_panel.dart
DA:11,2
DA:23,2
DA:55,2
DA:56,2
DA:63,2
DA:65,2
DA:66,8
DA:67,8
DA:70,2
DA:72,2
DA:73,8
DA:78,2
DA:80,4
DA:81,2
DA:84,2
DA:86,2
DA:87,2
DA:88,2
DA:89,2
DA:90,2
DA:91,2
DA:92,4
DA:100,2
DA:101,4
DA:104,6
DA:105,2
DA:106,2
DA:107,8
DA:110,6
DA:111,8
DA:112,6
DA:133,6
DA:134,10
DA:136,5
DA:138,4
DA:139,6
DA:140,6
DA:141,6
DA:142,8
DA:143,8
DA:144,6
DA:151,2
DA:152,2
DA:153,10
DA:154,14
DA:155,4
DA:159,2
DA:160,6
DA:161,10
DA:162,4
LF:50
LH:50
end_of_record
SF:lib/src/components/dropdown_menu/t_dropdown_theme_data.dart
DA:31,1
DA:42,1
DA:46,1
DA:47,2
DA:48,1
DA:49,2
DA:50,2
DA:51,2
DA:52,2
DA:53,2
DA:54,2
DA:58,0
DA:69,0
DA:70,0
DA:71,0
DA:72,0
DA:73,0
DA:74,0
DA:75,0
DA:76,0
DA:77,0
DA:81,0
DA:83,0
DA:86,0
DA:87,0
DA:88,0
DA:89,0
DA:90,0
DA:91,0
DA:92,0
DA:93,0
DA:94,0
DA:98,0
DA:102,0
LF:34
LH:11
end_of_record
SF:lib/src/components/empty/t_empty.dart
DA:8,2
DA:17,2
DA:41,2
DA:42,4
DA:44,2
DA:46,2
DA:47,1
DA:48,1
DA:49,1
DA:51,2
DA:53,2
DA:55,2
DA:56,2
DA:57,1
DA:58,1
DA:60,2
DA:62,6
DA:63,2
DA:64,2
DA:66,4
DA:67,4
DA:69,4
DA:70,1
DA:71,1
DA:73,1
DA:74,2
DA:77,1
DA:79,2
LF:28
LH:28
end_of_record
SF:lib/src/components/empty/t_empty_theme_data.dart
DA:21,1
DA:28,0
DA:35,0
DA:36,0
DA:37,0
DA:38,0
DA:39,0
DA:43,0
DA:45,0
DA:48,0
DA:49,0
DA:50,0
DA:51,0
DA:52,0
LF:14
LH:1
end_of_record
SF:lib/src/components/fab/t_fab.dart
DA:43,1
DA:107,1
DA:110,2
DA:111,2
DA:114,1
DA:115,1
DA:116,1
DA:117,1
DA:118,1
DA:119,1
DA:120,1
DA:121,1
DA:122,1
DA:123,1
DA:124,1
DA:128,1
DA:130,1
DA:133,1
DA:137,1
DA:139,1
DA:140,1
DA:141,1
DA:142,1
DA:143,1
DA:149,1
DA:150,1
DA:154,3
DA:155,2
DA:157,3
DA:158,2
DA:162,1
DA:166,1
DA:167,1
DA:168,1
LF:34
LH:34
end_of_record
SF:lib/src/components/fab/t_fab_defaults.dart
DA:10,0
DA:27,0
LF:2
LH:0
end_of_record
SF:lib/src/components/fab/t_fab_drag.dart
DA:10,1
DA:19,1
DA:22,1
DA:27,1
DA:28,1
DA:29,1
DA:33,1
DA:46,1
DA:64,1
DA:65,1
DA:73,1
DA:75,1
DA:76,4
DA:77,4
DA:80,1
DA:82,1
DA:83,1
DA:84,1
DA:85,1
DA:86,1
DA:87,1
DA:88,1
DA:89,2
DA:94,1
DA:95,1
DA:98,1
DA:99,1
DA:100,3
DA:102,3
DA:104,2
DA:105,1
DA:106,5
DA:107,1
DA:108,1
DA:111,1
DA:112,5
DA:113,1
DA:114,1
DA:120,1
DA:121,4
DA:125,3
DA:126,1
DA:128,4
DA:129,3
DA:134,3
DA:139,1
DA:140,2
DA:141,1
DA:142,1
DA:144,0
DA:145,0
DA:148,1
DA:149,3
DA:150,2
DA:151,1
DA:152,2
DA:155,1
DA:156,2
DA:158,2
DA:162,2
DA:165,2
DA:166,1
DA:167,2
DA:168,1
DA:174,1
DA:175,3
DA:176,1
DA:179,1
DA:180,2
DA:181,3
DA:183,3
DA:186,1
DA:187,3
DA:188,1
DA:191,1
DA:192,2
DA:193,3
DA:196,4
DA:197,4
LF:79
LH:77
end_of_record
SF:lib/src/components/fab/t_fab_layout.dart
DA:22,2
DA:35,1
DA:55,1
DA:76,1
LF:4
LH:4
end_of_record
SF:lib/src/components/fab/t_fab_resolve.dart
DA:13,0
DA:16,1
DA:31,2
DA:34,1
DA:36,1
DA:41,1
DA:43,1
DA:47,1
DA:63,1
DA:70,1
DA:75,1
DA:77,1
DA:78,1
DA:81,1
DA:82,1
DA:83,1
DA:84,1
DA:89,2
DA:91,1
DA:93,1
DA:94,2
DA:95,1
DA:96,3
DA:97,3
DA:98,1
LF:25
LH:24
end_of_record
SF:lib/src/components/fab/t_fab_theme_data.dart
DA:30,1
DA:39,1
DA:48,1
DA:49,0
DA:50,1
DA:51,1
DA:52,1
DA:54,1
DA:55,1
DA:59,1
DA:61,1
DA:64,1
DA:65,3
DA:66,3
DA:68,3
DA:70,3
DA:72,3
DA:73,3
LF:18
LH:17
end_of_record
SF:lib/src/components/footer/t_footer.dart
DA:18,0
DA:25,0
DA:42,1
DA:43,1
DA:47,1
DA:49,1
DA:51,2
DA:52,1
DA:53,2
DA:55,1
DA:56,1
DA:57,5
DA:60,1
DA:61,5
DA:65,1
DA:67,1
DA:74,1
DA:75,2
DA:76,1
DA:78,1
DA:79,2
DA:81,2
DA:87,1
DA:88,1
DA:90,1
DA:91,1
DA:93,1
DA:95,5
DA:96,3
DA:97,1
DA:98,5
DA:99,1
DA:100,1
DA:101,1
DA:103,3
DA:108,1
DA:111,1
DA:113,1
DA:115,3
DA:121,1
DA:122,1
DA:123,2
DA:125,1
DA:127,3
LF:44
LH:42
end_of_record
SF:lib/src/components/footer/t_footer_theme_data.dart
DA:15,1
DA:20,1
DA:25,1
DA:26,1
DA:27,1
DA:31,1
DA:33,1
DA:36,1
DA:37,3
DA:38,3
LF:10
LH:10
end_of_record
SF:lib/src/components/form/t_form.dart
DA:7,1
DA:28,1
DA:97,1
DA:98,1
DA:110,1
DA:112,1
DA:113,3
DA:114,2
DA:115,4
DA:116,4
DA:117,1
DA:118,4
DA:119,1
DA:125,1
DA:126,2
DA:127,2
DA:128,4
DA:129,1
DA:133,1
DA:134,2
DA:135,1
DA:137,3
DA:139,2
DA:143,2
DA:144,1
DA:147,4
DA:151,1
DA:152,3
DA:153,4
DA:162,1
DA:164,3
DA:165,3
DA:166,1
DA:167,3
DA:168,4
DA:170,1
DA:171,2
DA:172,2
DA:173,2
DA:174,1
DA:175,2
DA:176,2
DA:177,2
DA:178,2
DA:179,1
DA:180,0
DA:182,0
DA:184,1
DA:185,1
DA:186,1
DA:187,2
DA:188,3
DA:201,1
DA:202,1
DA:203,1
DA:206,1
DA:207,1
DA:208,1
DA:209,1
LF:59
LH:57
end_of_record
SF:lib/src/components/form/t_form_inherited.dart
DA:19,2
DA:34,2
DA:36,1
DA:37,1
DA:40,2
DA:42,6
DA:43,3
DA:44,3
DA:45,3
DA:46,3
DA:47,3
DA:48,3
DA:49,3
LF:13
LH:13
end_of_record
SF:lib/src/components/form/t_form_item.dart
DA:19,1
DA:43,1
DA:110,1
DA:111,1
DA:115,1
DA:118,1
DA:119,2
DA:126,1
DA:128,1
DA:129,2
DA:135,1
DA:137,1
DA:138,1
DA:140,1
DA:141,1
DA:143,1
DA:148,1
DA:149,2
DA:153,2
DA:154,2
DA:158,1
DA:159,1
DA:170,1
DA:171,2
DA:172,2
DA:178,1
DA:182,1
DA:183,2
DA:184,1
DA:185,1
DA:190,1
DA:191,2
DA:192,1
DA:193,1
DA:199,1
DA:200,2
DA:201,1
DA:204,1
DA:205,3
DA:209,1
DA:210,2
DA:214,1
DA:215,2
DA:216,1
DA:225,1
DA:226,2
DA:227,2
DA:232,1
DA:233,2
DA:234,2
DA:235,2
DA:236,2
DA:239,4
DA:240,1
DA:261,1
DA:263,1
DA:264,2
DA:265,1
DA:266,1
DA:267,2
DA:268,1
DA:269,1
DA:270,3
DA:271,2
DA:272,2
DA:273,1
DA:274,2
DA:275,3
DA:276,1
DA:278,1
DA:281,2
DA:285,1
DA:287,1
DA:288,1
DA:289,1
DA:290,1
DA:292,2
DA:294,2
DA:297,1
DA:300,1
DA:301,1
DA:302,1
DA:303,1
DA:305,2
DA:307,2
DA:310,2
DA:311,1
DA:312,1
DA:313,1
DA:315,4
DA:316,1
DA:318,1
DA:320,1
DA:321,1
DA:322,1
DA:323,1
DA:327,1
DA:332,1
DA:334,3
DA:337,1
DA:338,1
DA:340,4
DA:341,1
DA:343,1
DA:345,1
DA:346,1
DA:347,1
DA:348,1
DA:352,1
DA:357,1
DA:360,1
DA:361,1
DA:362,1
DA:363,1
DA:364,1
DA:365,4
DA:366,1
DA:369,2
DA:370,1
DA:371,1
DA:372,1
DA:375,3
DA:376,1
DA:381,1
DA:385,1
DA:386,1
DA:388,4
DA:389,1
DA:391,1
DA:393,1
DA:394,1
DA:395,1
DA:396,1
DA:398,1
DA:399,1
DA:400,2
DA:402,3
DA:404,1
DA:406,1
DA:407,1
DA:408,2
DA:409,1
DA:410,1
DA:411,2
DA:412,3
DA:413,2
DA:414,2
DA:417,2
DA:421,1
DA:424,1
DA:425,1
DA:426,4
DA:427,1
DA:429,1
DA:430,1
DA:431,1
DA:432,1
DA:433,1
DA:436,1
DA:438,1
DA:439,1
DA:440,2
DA:441,1
DA:442,1
DA:443,2
DA:444,3
DA:445,2
DA:446,2
DA:448,2
DA:452,1
DA:459,1
DA:460,1
DA:461,1
DA:462,2
DA:463,1
DA:465,1
DA:467,1
DA:468,3
DA:469,2
DA:470,2
DA:471,1
DA:472,2
DA:473,3
DA:474,1
DA:476,1
DA:479,2
DA:485,1
DA:486,5
DA:487,1
DA:488,2
DA:489,3
DA:491,2
DA:495,1
DA:497,1
DA:499,1
DA:500,1
DA:501,1
DA:503,1
DA:505,2
DA:511,1
DA:513,1
DA:514,2
DA:515,3
DA:518,1
DA:519,4
DA:521,1
DA:523,1
DA:524,1
DA:525,1
DA:526,1
DA:528,1
DA:530,1
DA:535,1
DA:538,1
DA:539,1
DA:540,1
DA:542,1
DA:544,1
DA:550,1
DA:552,1
DA:554,2
DA:560,1
DA:568,1
DA:569,1
DA:571,1
DA:572,3
DA:573,1
DA:574,1
DA:575,3
DA:576,2
DA:577,1
DA:578,1
DA:580,1
DA:581,1
DA:582,2
DA:583,3
DA:584,2
DA:585,3
DA:590,1
DA:591,1
DA:592,1
DA:593,2
DA:594,1
DA:595,1
DA:596,3
DA:597,2
DA:598,1
DA:599,1
DA:601,1
DA:602,1
DA:603,1
DA:604,3
DA:605,2
DA:606,3
LF:254
LH:254
end_of_record
SF:lib/src/components/form/t_form_theme_data.dart
DA:25,0
DA:34,0
DA:43,0
DA:44,0
DA:45,0
DA:46,0
DA:47,0
DA:48,0
DA:49,0
DA:53,0
DA:55,0
DA:58,0
DA:59,0
DA:60,0
DA:61,0
DA:62,0
DA:63,0
DA:65,0
LF:18
LH:0
end_of_record
SF:lib/src/components/form/t_form_validation.dart
DA:7,1
DA:23,1
DA:24,2
DA:25,1
LF:4
LH:4
end_of_record
SF:lib/src/components/icon/t_icon.dart
DA:45,1
DA:56,1
DA:63,1
DA:65,2
DA:67,1
DA:76,1
DA:79,2
DA:82,4
DA:84,4
DA:86,1
DA:87,1
DA:90,1
LF:12
LH:12
end_of_record
SF:lib/src/components/icon/t_icon_theme_data.dart
DA:16,1
DA:18,1
DA:20,1
DA:21,0
DA:22,1
DA:26,1
DA:28,1
DA:31,1
DA:32,3
DA:33,3
LF:10
LH:9
end_of_record
SF:lib/src/components/image/image_widget.dart
DA:98,5
DA:126,5
DA:127,5
DA:128,6
DA:129,6
DA:130,5
DA:132,1
DA:160,1
DA:166,1
DA:169,1
DA:170,1
DA:171,1
DA:173,1
DA:200,1
DA:201,1
DA:203,1
DA:204,1
DA:205,1
DA:207,5
DA:209,5
DA:228,5
DA:229,15
DA:230,10
DA:231,5
DA:232,10
DA:233,10
DA:234,10
DA:235,10
DA:236,10
DA:237,10
DA:238,10
DA:239,10
DA:240,10
DA:241,10
DA:242,10
DA:243,10
DA:244,10
DA:245,10
DA:246,10
DA:247,10
DA:248,10
DA:249,10
DA:250,10
DA:251,10
DA:253,1
DA:254,2
DA:255,2
DA:256,2
DA:257,2
DA:258,2
DA:259,2
DA:260,2
DA:261,2
DA:262,2
DA:263,2
DA:264,2
DA:265,2
DA:266,2
DA:267,2
DA:268,2
DA:269,2
DA:270,2
DA:271,2
DA:272,2
DA:274,1
DA:275,2
DA:276,2
DA:277,2
DA:278,2
DA:279,2
DA:280,2
DA:281,2
DA:282,2
DA:283,2
DA:284,2
DA:285,2
DA:286,2
DA:287,2
DA:288,2
DA:289,2
DA:290,2
DA:291,2
DA:292,2
DA:293,2
DA:295,20
DA:296,10
DA:314,5
DA:316,10
DA:317,10
DA:318,5
DA:319,5
DA:323,15
DA:326,5
DA:328,5
DA:329,5
DA:332,5
DA:334,10
DA:335,20
DA:338,5
DA:339,5
DA:342,10
DA:343,4
DA:346,8
DA:352,3
DA:353,3
DA:356,6
DA:357,3
DA:360,6
DA:374,5
DA:376,5
DA:377,15
LF:111
LH:111
end_of_record
SF:lib/src/components/image/t_image.dart
DA:33,5
DA:49,5
DA:87,5
DA:88,5
DA:93,5
DA:94,10
DA:97,16
DA:100,15
DA:103,4
DA:105,4
DA:107,4
DA:109,4
DA:111,3
DA:113,3
DA:114,3
DA:115,2
DA:121,5
DA:122,10
DA:123,10
DA:124,25
DA:125,5
DA:126,10
DA:127,5
DA:128,5
DA:129,10
DA:130,10
DA:132,1
DA:133,10
DA:134,10
DA:135,10
DA:136,10
DA:137,1
DA:138,1
DA:139,1
DA:140,10
DA:141,10
DA:142,1
DA:143,1
DA:144,1
DA:145,10
DA:146,1
DA:147,1
DA:148,1
DA:150,1
DA:151,2
DA:152,1
DA:153,1
DA:154,2
DA:155,2
DA:158,2
DA:159,2
DA:160,2
DA:164,2
DA:165,2
DA:169,2
DA:174,1
DA:175,2
DA:176,1
DA:177,1
DA:180,2
DA:181,2
DA:182,2
DA:185,2
DA:186,2
DA:190,2
DA:197,5
DA:199,22
DA:201,10
DA:202,5
DA:203,5
DA:204,5
DA:205,3
DA:206,3
DA:207,3
DA:208,1
DA:209,3
DA:210,1
DA:212,3
DA:213,3
DA:214,3
DA:215,3
DA:217,3
DA:219,9
DA:220,3
DA:222,2
DA:223,2
DA:224,2
DA:225,2
DA:228,2
LF:89
LH:89
end_of_record
SF:lib/src/components/image/t_image_theme_data.dart
DA:48,1
DA:63,1
DA:78,1
DA:79,1
DA:80,1
DA:81,1
DA:82,1
DA:83,1
DA:84,1
DA:85,1
DA:86,1
DA:87,1
DA:88,1
DA:89,1
DA:90,1
DA:94,1
DA:96,1
DA:99,1
DA:100,3
DA:101,3
DA:102,3
DA:103,3
DA:104,3
DA:105,3
DA:106,3
DA:107,3
DA:109,3
DA:110,3
DA:111,3
DA:112,4
LF:30
LH:30
end_of_record
SF:lib/src/components/image_viewer/t_image_viewer.dart
DA:12,1
DA:42,2
DA:43,1
DA:44,1
DA:45,1
DA:46,1
DA:47,1
DA:48,3
DA:49,1
DA:50,1
DA:51,1
DA:56,1
DA:57,1
LF:13
LH:13
end_of_record
SF:lib/src/components/image_viewer/t_image_viewer_theme_data.dart
DA:31,0
DA:42,0
DA:53,0
DA:54,0
DA:56,0
DA:57,0
DA:58,0
DA:59,0
DA:60,0
DA:61,0
DA:62,0
DA:66,0
DA:69,0
DA:72,0
DA:73,0
DA:75,0
DA:76,0
DA:77,0
DA:78,0
DA:79,0
DA:80,0
DA:81,0
LF:22
LH:0
end_of_record
SF:lib/src/components/image_viewer/t_image_viewer_widget.dart
DA:19,1
DA:45,1
DA:119,1
DA:121,1
DA:130,1
DA:132,1
DA:133,4
DA:134,3
DA:135,1
DA:137,7
DA:138,1
DA:140,2
DA:141,7
DA:142,1
DA:144,4
DA:155,1
DA:156,3
DA:157,4
DA:161,7
DA:163,7
DA:165,1
DA:166,1
DA:176,1
DA:177,1
DA:178,1
DA:180,1
DA:184,1
DA:185,1
DA:186,1
DA:188,3
DA:189,1
DA:190,1
DA:191,3
DA:192,4
DA:216,1
DA:217,2
DA:218,1
DA:220,1
DA:221,1
DA:222,6
DA:223,1
DA:224,5
DA:226,2
DA:227,4
DA:230,1
DA:231,2
DA:232,1
DA:233,4
DA:235,2
DA:236,1
DA:237,3
DA:243,1
DA:244,6
DA:246,2
DA:247,4
DA:251,1
DA:252,2
DA:253,6
DA:255,1
DA:256,1
DA:257,2
DA:258,5
DA:263,1
DA:265,5
DA:270,1
DA:271,2
DA:272,6
DA:274,1
DA:275,2
DA:276,1
DA:277,1
DA:278,3
DA:279,2
DA:280,1
DA:282,4
DA:283,5
DA:284,2
DA:288,2
DA:293,1
DA:295,5
DA:301,1
DA:303,1
DA:304,2
DA:305,1
DA:306,1
DA:307,1
DA:312,1
DA:314,4
DA:317,1
DA:322,1
DA:323,3
DA:324,1
DA:325,2
DA:326,2
DA:327,2
DA:328,2
DA:329,1
DA:330,2
DA:331,1
DA:332,4
DA:334,1
DA:337,2
DA:348,1
DA:349,1
DA:350,2
DA:351,2
DA:354,1
DA:355,1
DA:356,1
DA:357,1
DA:359,1
DA:361,1
LF:112
LH:112
end_of_record
SF:lib/src/components/navbar/t_nav_bar.dart
DA:13,2
DA:38,2
DA:108,2
DA:109,2
DA:111,2
DA:112,4
DA:116,2
DA:117,6
DA:122,2
DA:123,4
DA:124,4
DA:125,4
DA:127,2
DA:128,4
DA:129,4
DA:130,4
DA:132,2
DA:133,8
DA:135,2
DA:136,8
DA:138,2
DA:139,8
DA:141,2
DA:142,4
DA:143,4
DA:144,6
DA:146,10
DA:148,2
DA:149,4
DA:150,4
DA:151,2
DA:152,6
DA:153,6
DA:156,2
DA:157,8
DA:159,2
DA:160,8
DA:162,2
DA:163,8
DA:165,2
DA:166,8
DA:168,2
DA:169,8
DA:171,2
DA:172,2
DA:173,8
DA:174,2
DA:175,6
DA:176,4
DA:177,8
DA:178,2
DA:179,2
DA:180,2
DA:187,2
DA:191,2
DA:192,2
DA:193,4
DA:194,2
DA:196,2
DA:199,2
DA:200,8
DA:205,2
DA:206,4
DA:207,2
DA:211,1
DA:212,3
DA:213,2
DA:215,4
DA:218,2
DA:219,10
DA:221,2
DA:222,6
DA:224,2
DA:226,2
DA:227,2
DA:228,6
DA:229,2
DA:230,2
DA:231,4
DA:232,2
DA:241,2
DA:242,2
DA:244,6
DA:246,2
DA:247,2
DA:248,2
DA:250,2
DA:253,0
DA:254,0
DA:256,0
DA:258,0
DA:263,2
DA:264,4
DA:265,2
DA:266,4
DA:269,2
DA:273,2
DA:274,2
DA:275,2
DA:276,4
DA:277,2
DA:278,2
DA:279,4
DA:281,4
DA:284,4
DA:285,6
DA:286,2
DA:292,2
DA:294,2
DA:295,2
DA:296,4
DA:301,2
DA:302,2
DA:303,4
DA:304,4
DA:305,2
DA:307,2
DA:309,2
DA:311,4
DA:312,1
DA:314,1
DA:315,2
DA:349,2
DA:359,2
DA:360,2
DA:362,2
DA:363,2
DA:364,2
DA:366,6
DA:367,6
DA:368,2
DA:369,2
DA:370,2
DA:371,2
DA:372,2
DA:373,2
LF:136
LH:132
end_of_record
SF:lib/src/components/indexes/sticky_header/sticky_header_render.dart
DA:14,2
DA:25,2
DA:26,2
DA:33,4
DA:36,2
DA:37,4
DA:40,1
DA:41,1
DA:44,4
DA:47,2
DA:48,4
DA:51,1
DA:52,1
DA:55,4
DA:58,2
DA:59,4
DA:62,1
DA:63,1
DA:66,4
DA:69,2
DA:70,4
DA:73,1
DA:75,3
DA:77,1
DA:81,4
DA:84,2
DA:85,2
DA:86,2
DA:88,2
DA:89,2
DA:90,4
DA:95,4
DA:98,2
DA:99,2
DA:100,2
DA:102,2
DA:103,2
DA:104,4
DA:108,2
DA:110,4
DA:111,4
DA:115,2
DA:117,2
DA:118,2
DA:119,0
DA:121,2
DA:122,0
DA:126,2
DA:128,2
DA:129,2
DA:130,4
DA:132,2
DA:133,4
DA:137,2
DA:139,2
DA:140,0
DA:142,2
DA:143,0
DA:147,2
DA:149,2
DA:150,4
DA:152,2
DA:153,4
DA:157,1
DA:159,1
DA:160,1
DA:161,3
DA:163,1
DA:164,3
DA:169,2
DA:170,2
DA:173,4
DA:174,4
DA:175,2
DA:176,6
DA:177,1
DA:178,3
DA:182,6
DA:184,2
DA:186,3
DA:187,1
DA:192,10
DA:194,2
DA:195,4
DA:196,2
DA:197,2
DA:198,4
DA:202,4
DA:206,2
DA:207,4
DA:208,4
DA:210,2
DA:211,2
DA:217,6
DA:219,4
DA:220,4
DA:221,8
DA:222,8
DA:223,14
DA:224,6
DA:225,6
DA:229,4
DA:230,2
DA:231,0
DA:232,0
DA:237,2
DA:238,8
DA:239,4
DA:242,4
DA:243,4
DA:244,2
DA:246,6
DA:247,10
DA:248,4
DA:249,2
DA:250,8
DA:251,2
DA:254,4
DA:256,2
DA:257,2
DA:259,2
DA:260,4
DA:262,2
DA:263,8
DA:265,1
DA:266,1
DA:271,2
DA:272,4
DA:273,6
DA:274,2
DA:275,6
DA:276,11
DA:277,6
DA:279,4
DA:280,12
DA:281,10
DA:283,12
DA:284,4
DA:285,5
DA:289,4
DA:290,2
DA:292,4
DA:293,4
DA:294,2
DA:295,4
DA:296,2
DA:297,2
DA:298,4
DA:306,2
DA:307,18
DA:309,2
DA:310,8
DA:312,1
DA:313,9
DA:315,1
DA:316,4
DA:322,1
DA:325,3
DA:326,3
DA:327,1
DA:328,3
DA:329,6
DA:330,3
DA:332,4
DA:333,1
DA:334,2
DA:335,1
DA:336,4
DA:341,1
DA:342,1
DA:343,4
DA:344,2
DA:345,3
DA:347,5
DA:348,2
DA:349,3
DA:354,1
DA:356,2
DA:357,7
DA:359,2
DA:360,3
DA:365,2
DA:367,6
DA:368,4
DA:369,1
DA:371,2
DA:375,2
DA:377,2
DA:378,2
DA:381,2
DA:383,4
DA:384,8
DA:385,4
DA:386,8
DA:390,2
DA:391,4
DA:392,8
LF:197
LH:191
end_of_record
SF:lib/src/components/indexes/sticky_header/sticky_header_widget.dart
DA:21,2
DA:25,1
DA:26,2
DA:27,1
DA:28,1
DA:42,1
DA:45,1
DA:61,2
DA:62,2
DA:63,1
DA:66,1
DA:67,1
DA:73,1
DA:75,1
DA:76,2
DA:79,1
DA:81,2
DA:82,1
DA:85,1
DA:87,1
DA:88,1
DA:89,2
DA:95,1
DA:99,1
DA:103,1
DA:105,3
DA:112,4
DA:121,2
DA:126,2
DA:130,12
DA:133,1
DA:135,3
DA:153,2
DA:161,2
DA:170,2
DA:178,2
DA:180,2
DA:181,6
DA:214,2
DA:216,2
DA:217,2
DA:218,2
DA:219,4
DA:220,4
DA:224,2
DA:225,2
DA:227,2
DA:233,4
DA:234,4
DA:235,6
DA:236,6
DA:242,4
DA:244,2
DA:245,2
DA:251,2
DA:253,2
DA:254,4
DA:256,2
DA:257,4
DA:261,1
DA:263,1
DA:264,2
DA:265,1
DA:267,2
DA:268,1
DA:272,2
DA:274,2
DA:275,10
DA:276,10
DA:279,2
DA:281,2
DA:282,4
DA:283,10
DA:284,10
DA:287,2
DA:289,2
DA:290,2
DA:291,2
DA:293,2
DA:294,2
DA:296,6
DA:299,0
DA:301,0
DA:304,1
DA:306,1
DA:307,2
DA:308,1
DA:310,2
DA:311,1
DA:313,3
LF:90
LH:88
end_of_record
SF:lib/src/components/indexes/t_indexes.dart
DA:14,1
DA:29,1
DA:74,1
DA:75,1
DA:87,3
DA:89,3
DA:93,1
DA:94,3
DA:99,1
DA:100,3
DA:101,3
DA:104,1
DA:106,1
DA:107,4
DA:108,4
DA:109,4
DA:112,1
DA:114,1
DA:115,4
DA:116,3
DA:117,4
DA:119,4
DA:120,2
DA:121,3
DA:125,1
DA:127,2
DA:128,1
DA:131,1
DA:133,1
DA:134,1
DA:135,2
DA:136,1
DA:137,1
DA:138,1
DA:139,1
DA:140,2
DA:141,1
DA:143,1
DA:144,1
DA:145,1
DA:146,1
DA:147,3
DA:148,1
DA:149,1
DA:151,2
DA:152,2
DA:159,1
DA:160,1
DA:161,2
DA:162,2
DA:163,2
DA:164,2
DA:165,2
DA:166,3
DA:167,3
DA:168,1
DA:171,4
DA:173,1
DA:174,2
DA:175,4
DA:176,0
DA:177,0
DA:178,0
DA:181,1
DA:184,1
DA:185,2
DA:189,1
DA:190,1
DA:191,1
DA:192,2
DA:193,1
DA:195,3
DA:197,3
DA:203,1
DA:206,1
DA:207,1
DA:210,5
DA:214,3
DA:216,2
DA:217,3
DA:218,1
DA:219,1
DA:220,2
DA:221,4
DA:222,3
DA:224,5
DA:225,3
DA:226,1
DA:227,0
DA:229,1
DA:233,2
DA:235,3
DA:236,3
DA:237,1
LF:94
LH:90
end_of_record
SF:lib/src/components/indexes/t_indexes_anchor.dart
DA:7,1
DA:14,1
DA:32,1
DA:34,1
DA:35,1
DA:36,1
DA:37,2
DA:38,1
DA:40,1
DA:41,1
DA:42,2
DA:43,2
DA:44,1
DA:45,1
DA:46,2
DA:48,1
DA:50,2
DA:51,2
DA:52,1
DA:53,3
DA:56,1
DA:57,1
DA:58,2
DA:59,1
DA:60,1
DA:61,2
DA:65,1
DA:66,1
DA:69,2
DA:70,2
DA:72,2
DA:73,2
LF:32
LH:32
end_of_record
SF:lib/src/components/indexes/t_indexes_list.dart
DA:14,1
DA:21,1
DA:39,1
DA:40,1
DA:49,1
DA:51,1
DA:52,1
DA:55,1
DA:56,1
DA:57,7
DA:60,1
DA:62,1
DA:63,4
DA:64,1
DA:68,1
DA:70,2
DA:71,1
DA:74,1
DA:76,1
DA:77,2
DA:80,1
DA:81,1
DA:82,2
DA:83,1
DA:84,1
DA:86,1
DA:87,2
DA:89,1
DA:90,2
DA:91,1
DA:93,1
DA:94,1
DA:96,1
DA:97,2
DA:98,1
DA:99,1
DA:101,3
DA:102,1
DA:103,1
DA:104,2
DA:105,1
DA:106,2
DA:107,3
DA:110,1
DA:112,1
DA:113,2
DA:114,1
DA:115,5
DA:116,2
DA:117,3
DA:118,1
DA:119,2
DA:120,2
DA:121,1
DA:122,1
DA:123,2
DA:124,2
DA:126,1
DA:127,1
DA:130,1
DA:131,1
DA:133,2
DA:138,1
DA:139,2
DA:140,1
DA:141,2
DA:142,1
DA:143,1
DA:144,1
DA:146,1
DA:147,1
DA:148,2
DA:149,1
DA:150,1
DA:153,1
DA:154,1
DA:158,2
DA:159,2
DA:161,2
DA:162,2
DA:170,1
DA:181,1
DA:182,1
DA:183,4
DA:184,3
DA:185,3
DA:186,1
DA:187,3
DA:191,1
DA:192,3
DA:194,3
DA:196,1
DA:198,2
DA:200,1
DA:207,1
DA:208,2
DA:209,2
DA:211,1
DA:212,2
DA:213,1
LF:100
LH:100
end_of_record
SF:lib/src/components/indexes/t_indexes_theme_data.dart
DA:23,3
DA:31,1
DA:39,1
DA:40,0
DA:41,1
DA:42,0
DA:43,1
DA:44,1
DA:48,1
DA:50,1
DA:53,1
DA:54,2
DA:56,6
DA:57,2
DA:58,2
DA:60,6
LF:16
LH:14
end_of_record
SF:lib/src/components/input/input_view.dart
DA:85,3
DA:114,3
DA:118,3
DA:120,3
DA:121,3
DA:122,3
DA:123,3
DA:124,3
DA:125,3
DA:126,3
DA:127,3
DA:128,3
DA:129,3
DA:130,3
DA:131,3
DA:132,3
DA:133,3
DA:134,3
DA:135,3
DA:136,3
DA:137,3
DA:138,3
DA:139,3
DA:140,3
DA:141,3
DA:142,3
DA:143,3
DA:144,3
DA:145,3
DA:146,3
DA:148,3
DA:149,3
DA:150,3
DA:151,3
DA:171,3
LF:35
LH:35
end_of_record
SF:lib/src/components/input/t_input.dart
DA:11,2
DA:222,2
DA:224,4
DA:226,4
DA:227,2
DA:228,8
DA:229,2
DA:233,2
DA:235,2
DA:236,2
DA:237,2
DA:238,2
DA:239,2
DA:240,2
DA:241,2
DA:242,1
DA:243,2
DA:244,2
DA:245,2
DA:246,1
DA:247,2
DA:248,2
DA:253,2
DA:255,2
DA:258,2
DA:259,6
DA:263,2
DA:264,2
DA:267,2
DA:268,4
DA:272,2
DA:274,4
DA:275,4
DA:276,6
DA:277,2
DA:278,8
DA:281,2
DA:283,2
DA:284,2
DA:285,2
DA:286,2
DA:287,2
DA:288,2
DA:289,0
DA:291,2
DA:292,2
DA:293,2
DA:294,2
DA:295,0
DA:301,2
DA:303,2
DA:305,2
DA:307,4
DA:308,2
DA:311,6
DA:312,2
DA:314,2
DA:315,2
DA:317,2
DA:318,2
DA:321,2
DA:322,2
DA:323,2
DA:324,2
DA:325,2
DA:326,2
DA:327,2
DA:328,2
DA:329,2
DA:332,2
DA:333,2
DA:334,2
DA:335,2
DA:337,2
DA:338,2
DA:340,2
DA:342,2
DA:343,2
DA:345,2
DA:347,4
DA:348,2
DA:349,2
DA:350,6
DA:353,2
DA:354,2
DA:356,4
DA:358,2
DA:360,2
DA:361,2
DA:362,2
DA:363,2
DA:364,2
DA:365,2
DA:367,2
DA:370,2
DA:371,2
DA:372,2
DA:373,2
DA:374,2
DA:375,2
DA:377,4
DA:378,4
DA:380,2
DA:381,2
DA:384,2
DA:387,2
DA:389,4
DA:394,2
DA:395,2
DA:396,2
DA:398,2
DA:399,2
DA:400,2
DA:402,2
DA:405,2
DA:406,4
DA:407,4
DA:416,2
DA:418,2
DA:420,2
DA:421,2
DA:423,2
DA:424,2
DA:425,2
DA:426,2
DA:427,2
DA:428,2
DA:429,2
DA:430,2
DA:431,2
DA:432,2
DA:433,2
DA:434,2
DA:435,2
DA:436,2
DA:438,2
DA:442,2
DA:444,2
DA:445,2
DA:447,2
DA:448,2
DA:449,2
DA:450,2
DA:452,2
DA:453,2
DA:455,2
DA:456,2
DA:457,4
DA:458,4
DA:459,2
DA:460,2
DA:461,4
DA:462,4
DA:463,2
DA:469,6
DA:474,2
DA:475,2
DA:476,2
DA:477,2
DA:478,4
DA:479,4
DA:481,2
DA:484,2
DA:485,2
DA:486,6
DA:488,2
DA:489,2
DA:490,2
DA:491,2
DA:492,2
DA:493,4
DA:495,2
DA:496,6
DA:497,4
DA:500,2
DA:506,2
DA:507,1
DA:508,2
DA:511,2
DA:512,2
DA:513,2
DA:514,2
DA:515,2
DA:516,2
DA:517,2
DA:518,4
DA:520,2
DA:521,6
DA:522,4
DA:525,2
DA:534,2
DA:535,4
DA:536,2
DA:537,2
DA:538,2
DA:547,2
DA:549,2
DA:550,2
DA:551,2
DA:552,2
DA:553,2
DA:554,2
DA:555,2
DA:556,2
DA:557,2
DA:558,2
DA:559,2
DA:561,2
DA:562,2
DA:563,2
DA:565,2
DA:566,2
DA:568,2
DA:569,2
DA:573,2
DA:575,2
DA:577,4
DA:578,2
DA:579,2
DA:581,2
DA:582,2
DA:584,2
DA:585,2
DA:586,2
DA:587,2
DA:588,2
DA:589,2
DA:590,2
DA:591,2
DA:592,2
DA:593,2
DA:594,2
DA:595,2
DA:596,2
DA:597,2
DA:598,2
DA:599,2
DA:600,2
DA:602,2
DA:605,2
DA:607,4
DA:614,2
DA:615,2
DA:616,2
DA:618,2
DA:619,2
DA:620,2
DA:622,2
DA:625,2
DA:626,4
DA:627,4
DA:635,2
DA:638,2
DA:641,2
DA:642,2
DA:643,2
DA:644,2
DA:646,2
DA:648,2
DA:650,2
DA:651,2
DA:652,2
DA:653,2
DA:654,2
DA:655,2
DA:656,2
DA:657,2
[...]
DA:509,1
DA:511,1
DA:512,3
DA:513,3
DA:514,0
DA:515,0
DA:516,0
DA:520,3
DA:521,6
DA:522,6
DA:523,6
DA:527,3
DA:528,0
DA:532,9
DA:533,6
DA:544,3
DA:546,3
DA:549,21
DA:552,3
DA:553,6
DA:554,6
DA:556,2
DA:557,1
DA:558,1
DA:562,5
DA:577,2
DA:578,6
DA:582,1
DA:583,1
DA:584,2
DA:593,9
DA:595,3
DA:596,8
DA:597,6
DA:599,3
DA:601,6
DA:605,3
DA:606,4
DA:607,3
DA:609,3
DA:610,3
DA:611,12
DA:612,9
DA:613,9
DA:617,3
DA:618,6
DA:620,3
DA:621,3
DA:622,3
DA:624,15
DA:625,6
DA:626,3
DA:627,3
DA:631,3
DA:633,3
DA:634,6
DA:635,3
DA:636,3
DA:639,1
DA:641,1
DA:642,4
DA:643,1
DA:644,1
DA:645,4
DA:646,4
DA:647,4
DA:648,4
DA:649,1
DA:652,6
DA:653,6
DA:654,5
DA:655,6
DA:656,7
DA:660,3
DA:662,6
DA:663,3
DA:664,12
DA:665,9
DA:667,3
DA:669,3
DA:672,3
DA:674,3
DA:676,6
DA:679,6
DA:680,6
DA:681,3
DA:682,2
DA:684,3
DA:687,9
DA:690,1
DA:691,2
DA:692,2
DA:693,2
DA:696,3
DA:698,3
DA:699,3
DA:702,1
DA:703,2
DA:704,1
DA:705,1
DA:708,1
DA:709,2
DA:710,0
DA:712,2
DA:713,3
DA:714,3
DA:717,3
DA:718,3
DA:720,2
DA:722,2
DA:724,1
DA:726,1
DA:729,0
DA:733,2
DA:736,2
DA:739,3
DA:740,3
DA:741,8
DA:743,3
DA:744,1
DA:748,3
DA:749,12
DA:750,9
DA:751,6
DA:752,1
DA:755,6
DA:762,3
DA:764,3
DA:765,6
DA:768,3
DA:769,18
DA:770,6
DA:771,9
DA:774,3
DA:776,3
DA:779,6
DA:780,6
DA:781,6
DA:782,6
DA:787,3
DA:788,9
DA:789,3
DA:790,6
DA:791,15
DA:792,9
DA:793,3
DA:798,3
DA:799,9
DA:800,3
DA:801,15
DA:803,9
DA:804,6
DA:805,3
DA:807,15
DA:808,3
DA:809,18
DA:810,9
DA:812,3
DA:813,6
DA:815,3
DA:816,9
DA:817,3
DA:818,12
DA:819,9
DA:821,12
DA:822,3
DA:831,3
DA:832,9
DA:833,6
DA:834,9
DA:840,3
DA:841,6
DA:844,3
DA:845,6
DA:846,9
DA:847,1
DA:848,1
DA:851,6
DA:852,3
DA:853,3
DA:854,1
DA:855,1
DA:859,3
DA:863,3
DA:865,3
DA:867,12
DA:868,3
DA:869,3
DA:870,6
DA:871,18
DA:872,2
DA:873,2
DA:874,3
DA:878,3
DA:879,3
DA:880,9
DA:881,1
DA:882,3
DA:886,15
DA:890,9
DA:891,6
DA:892,0
DA:893,0
DA:894,0
DA:902,9
DA:905,3
DA:906,3
DA:907,3
DA:908,3
DA:909,3
DA:911,3
DA:913,6
DA:915,1
DA:917,3
DA:918,6
DA:919,3
DA:920,3
DA:921,9
DA:933,3
DA:934,6
DA:936,6
DA:938,6
DA:939,6
DA:940,6
DA:941,9
DA:942,3
DA:943,6
DA:946,3
DA:948,6
DA:949,3
DA:950,6
DA:951,6
DA:952,6
DA:954,9
DA:955,3
DA:956,6
DA:958,18
DA:959,6
DA:961,9
DA:962,3
DA:963,6
DA:971,9
DA:972,6
DA:973,6
DA:974,12
DA:975,3
DA:976,12
DA:977,3
DA:978,6
DA:979,3
DA:980,3
DA:982,6
DA:983,6
DA:984,3
DA:985,9
DA:986,9
DA:988,3
DA:989,3
DA:990,3
DA:991,3
DA:992,6
DA:993,3
DA:994,3
DA:1002,9
DA:1003,9
DA:1007,3
DA:1008,3
DA:1009,3
DA:1012,6
DA:1013,6
DA:1014,6
DA:1015,6
DA:1016,3
DA:1017,3
DA:1018,3
DA:1026,6
DA:1028,3
DA:1030,3
DA:1031,6
DA:1032,6
DA:1033,3
DA:1034,6
DA:1036,3
DA:1038,6
DA:1041,6
DA:1042,1
DA:1043,2
DA:1058,3
DA:1062,3
DA:1065,3
DA:1069,3
DA:1079,3
DA:1084,3
DA:1095,3
DA:1098,6
DA:1106,9
DA:1107,9
DA:1108,3
DA:1111,3
DA:1117,3
DA:1126,3
DA:1138,3
DA:1140,3
DA:1145,3
DA:1146,3
DA:1148,3
DA:1149,9
DA:1150,9
DA:1151,3
DA:1153,3
DA:1154,3
DA:1155,3
DA:1156,3
DA:1158,3
DA:1159,9
DA:1162,15
DA:1170,3
DA:1175,3
DA:1186,3
DA:1188,3
DA:1189,3
DA:1190,3
DA:1191,3
DA:1192,3
DA:1193,3
DA:1194,3
DA:1195,3
DA:1199,3
DA:1202,3
DA:1203,6
DA:1209,3
DA:1214,3
DA:1215,6
DA:1217,3
DA:1219,6
DA:1220,3
DA:1224,3
DA:1226,6
DA:1227,3
DA:1231,3
DA:1233,9
DA:1234,12
DA:1236,12
DA:1237,15
DA:1259,1
DA:1265,1
DA:1293,1
DA:1294,1
DA:1308,3
DA:1310,1
DA:1311,2
DA:1312,2
DA:1314,1
DA:1316,2
DA:1320,1
DA:1321,4
DA:1323,1
DA:1324,1
DA:1325,4
DA:1329,1
DA:1331,1
DA:1332,1
DA:1335,1
DA:1337,1
DA:1338,1
DA:1339,3
DA:1340,3
DA:1343,1
DA:1345,1
DA:1346,4
DA:1347,1
DA:1348,3
DA:1349,3
DA:1351,6
DA:1352,1
DA:1356,1
DA:1358,1
DA:1359,4
DA:1361,1
DA:1363,1
DA:1366,1
DA:1367,3
DA:1368,4
DA:1371,1
DA:1372,4
DA:1376,4
DA:1377,3
DA:1378,1
DA:1382,1
DA:1383,1
DA:1384,0
DA:1387,5
DA:1388,0
DA:1391,2
DA:1393,1
DA:1394,3
DA:1395,1
DA:1398,2
DA:1400,4
DA:1401,2
DA:1402,3
DA:1404,2
DA:1405,1
DA:1408,5
DA:1409,2
DA:1410,2
DA:1411,0
DA:1412,1
DA:1413,2
DA:1414,2
DA:1416,3
DA:1417,2
DA:1418,4
DA:1419,2
DA:1421,2
DA:1423,3
DA:1425,1
DA:1426,0
DA:1428,2
DA:1429,2
DA:1430,4
DA:1431,0
DA:1433,1
DA:1439,1
DA:1440,2
DA:1444,2
DA:1448,2
DA:1449,1
DA:1450,2
DA:1451,7
DA:1452,0
DA:1453,0
DA:1455,2
DA:1456,7
DA:1457,1
DA:1458,5
DA:1459,3
DA:1460,2
DA:1461,2
DA:1462,7
DA:1465,2
DA:1470,1
DA:1472,2
DA:1473,6
DA:1474,2
DA:1475,2
DA:1476,3
DA:1480,1
DA:1481,1
DA:1482,1
DA:1483,1
DA:1484,2
DA:1485,1
DA:1486,2
DA:1487,1
DA:1488,3
DA:1489,1
DA:1502,1
DA:1507,1
DA:1518,1
DA:1520,1
DA:1521,1
DA:1522,1
DA:1524,1
DA:1525,1
DA:1526,2
DA:1542,1
DA:1548,2
DA:1549,1
DA:1572,1
DA:1579,1
DA:1581,2
DA:1582,2
DA:1583,1
DA:1584,2
DA:1585,1
DA:1587,1
DA:1592,1
DA:1593,2
DA:1594,3
DA:1595,4
DA:1596,1
DA:1597,4
DA:1598,2
DA:1600,1
DA:1603,1
DA:1605,1
DA:1606,1
DA:1610,1
DA:1612,1
DA:1614,4
DA:1616,1
DA:1618,1
DA:1619,1
DA:1620,1
DA:1621,2
DA:1623,1
DA:1624,1
DA:1625,1
DA:1628,1
DA:1630,1
DA:1631,1
DA:1632,1
DA:1633,2
DA:1634,1
DA:1635,1
DA:1638,3
DA:1639,1
DA:1641,1
LF:630
LH:609
end_of_record
SF:lib/src/components/tabs/t_tab.dart
DA:45,2
DA:59,2
DA:71,3
DA:75,3
DA:77,3
DA:78,2
DA:80,1
DA:83,1
DA:86,1
DA:87,1
DA:88,1
DA:89,2
DA:90,2
DA:92,1
DA:96,3
DA:97,1
DA:99,1
DA:100,2
DA:101,1
DA:102,1
DA:110,3
DA:111,3
DA:112,3
DA:114,3
DA:115,3
DA:123,3
DA:124,3
DA:125,1
DA:126,1
DA:127,1
DA:128,1
DA:129,4
DA:132,3
DA:133,3
DA:136,6
DA:140,3
DA:141,3
DA:142,6
DA:143,6
DA:145,4
LF:40
LH:40
end_of_record
SF:lib/src/components/tabs/t_tab_bar.dart
DA:12,2
DA:41,2
DA:45,2
DA:125,2
DA:126,2
DA:133,2
DA:134,6
DA:137,2
DA:139,2
DA:140,10
DA:141,8
DA:142,4
DA:143,4
DA:144,6
DA:145,2
DA:146,4
DA:147,4
DA:148,4
DA:149,2
DA:150,4
DA:151,4
DA:152,4
DA:153,6
DA:155,2
DA:156,2
DA:157,4
DA:158,4
DA:159,4
DA:160,4
DA:161,2
DA:162,8
DA:163,4
DA:164,6
DA:165,8
DA:167,8
DA:168,4
DA:169,4
DA:170,4
DA:171,6
DA:172,4
DA:173,4
DA:175,4
DA:176,4
DA:177,2
DA:178,4
DA:180,8
DA:181,4
DA:182,4
DA:183,8
DA:184,8
DA:185,4
DA:186,4
DA:187,4
DA:188,8
DA:189,2
DA:190,6
DA:196,2
DA:197,2
DA:199,6
DA:202,2
DA:203,2
DA:205,6
DA:208,2
DA:209,4
DA:210,2
DA:211,2
DA:212,4
DA:213,4
DA:214,4
DA:216,2
DA:234,2
DA:241,2
DA:243,2
DA:253,2
DA:254,8
DA:255,8
DA:256,4
DA:259,2
DA:261,2
DA:262,16
DA:263,10
DA:264,16
DA:265,10
DA:266,6
DA:269,2
DA:270,4
DA:272,2
DA:273,4
DA:287,1
DA:293,1
DA:295,1
DA:305,1
DA:306,6
DA:307,2
DA:310,1
DA:312,1
DA:313,1
DA:314,3
DA:315,7
DA:317,1
DA:318,3
DA:319,7
DA:321,3
DA:324,1
DA:325,2
DA:327,1
DA:328,2
DA:333,2
DA:335,2
DA:339,2
LF:110
LH:110
end_of_record
SF:lib/src/components/tabs/t_tab_bar_theme_data.dart
DA:64,3
DA:93,1
DA:122,1
DA:123,1
DA:124,1
DA:125,1
DA:126,1
DA:127,1
DA:128,1
DA:129,1
DA:130,1
DA:131,1
DA:132,1
DA:133,0
DA:134,1
DA:135,1
DA:136,1
DA:137,1
DA:138,1
DA:139,0
DA:140,1
DA:141,1
DA:142,1
DA:143,1
DA:144,1
DA:145,1
DA:146,1
DA:147,1
DA:148,1
DA:152,1
DA:154,1
DA:157,1
DA:158,3
DA:159,3
DA:160,3
DA:161,3
DA:162,3
DA:163,3
DA:165,3
DA:166,3
DA:167,3
DA:169,3
DA:170,3
DA:171,3
DA:172,3
DA:173,3
DA:174,3
DA:175,3
DA:176,3
DA:177,3
DA:178,3
DA:179,3
DA:181,3
DA:182,3
DA:183,3
DA:184,3
DA:185,3
DA:186,3
LF:58
LH:56
end_of_record
SF:lib/src/components/tabs/t_tab_bar_view.dart
DA:19,1
DA:24,1
DA:26,1
DA:27,1
DA:31,1
DA:32,3
DA:35,1
DA:36,2
DA:37,2
DA:40,1
DA:42,1
DA:43,1
DA:44,2
DA:45,2
LF:14
LH:14
end_of_record
SF:lib/src/components/tag/t_tag.dart
DA:13,2
DA:20,2
DA:38,3
DA:39,6
DA:41,3
DA:43,3
DA:44,4
DA:45,1
DA:46,1
DA:47,1
DA:48,1
DA:49,1
DA:50,1
DA:51,1
DA:52,1
DA:53,1
DA:54,1
DA:55,1
DA:56,1
DA:57,1
DA:58,1
DA:61,3
DA:62,3
DA:64,3
DA:65,3
DA:68,3
DA:69,3
DA:73,6
DA:75,2
DA:77,4
DA:84,2
DA:86,1
DA:87,1
DA:88,1
DA:89,1
DA:91,1
DA:93,1
DA:100,2
DA:106,3
DA:108,3
DA:109,3
DA:110,3
DA:111,6
DA:113,3
DA:121,3
DA:129,1
DA:130,2
DA:133,2
DA:134,2
DA:143,3
DA:145,2
DA:146,2
DA:147,0
DA:149,6
DA:150,6
DA:154,2
DA:156,2
DA:157,2
DA:158,0
DA:160,2
DA:161,2
DA:165,2
DA:167,2
DA:168,2
DA:169,2
DA:171,4
DA:172,4
DA:176,2
DA:178,0
DA:179,0
DA:180,0
DA:182,2
DA:183,2
DA:187,2
DA:189,2
DA:190,2
DA:191,2
DA:193,4
DA:194,4
DA:199,3
DA:207,3
DA:209,3
DA:210,9
DA:211,1
DA:212,3
DA:213,1
DA:214,1
DA:215,3
DA:216,3
DA:221,3
DA:225,3
DA:227,2
DA:228,2
DA:230,2
DA:236,3
DA:237,3
DA:238,3
DA:239,2
DA:240,3
DA:241,4
DA:242,3
DA:243,4
DA:245,6
DA:250,3
DA:253,3
DA:254,3
DA:258,3
DA:262,3
DA:266,2
DA:273,3
DA:274,3
DA:278,3
DA:279,3
DA:283,3
DA:291,2
DA:292,2
DA:293,2
DA:295,2
DA:297,2
DA:299,1
DA:314,3
LF:121
LH:116
end_of_record
SF:lib/src/components/text/t_font_loader.dart
LF:0
LH:0
end_of_record
SF:lib/src/components/text/t_text_resolve.dart
DA:23,62
DA:41,62
DA:42,124
DA:44,62
DA:48,1
DA:49,39
DA:53,82
DA:56,84
DA:60,83
DA:63,62
DA:66,1
DA:70,62
DA:73,1
DA:79,36
DA:81,1
DA:82,20
DA:85,36
DA:86,1
DA:89,36
DA:91,1
DA:94,62
DA:95,36
DA:102,36
DA:103,36
DA:104,36
DA:105,36
DA:107,36
DA:108,36
DA:109,36
DA:110,36
DA:111,36
DA:112,36
DA:115,36
DA:116,36
DA:117,36
DA:119,36
DA:128,2
DA:151,1
DA:153,4
DA:155,4
DA:158,2
DA:164,2
DA:169,2
DA:173,2
DA:178,2
DA:179,2
DA:181,2
DA:184,2
DA:185,2
DA:186,2
DA:187,2
DA:188,4
DA:189,2
DA:190,2
DA:191,2
DA:192,2
DA:193,2
DA:194,2
DA:197,2
DA:198,2
DA:199,2
DA:201,2
DA:209,62
DA:216,37
DA:219,1
DA:220,1
DA:223,62
DA:234,2
DA:239,2
DA:242,2
DA:253,62
DA:260,1
DA:263,1
DA:264,1
LF:74
LH:74
end_of_record
SF:lib/src/components/text/t_text_theme_data.dart
DA:73,1
DA:90,1
DA:107,1
DA:108,1
DA:109,0
DA:111,1
DA:112,1
DA:113,1
DA:114,1
DA:115,1
DA:116,1
DA:117,1
DA:118,1
DA:119,1
DA:120,1
DA:121,1
DA:122,1
DA:126,1
DA:128,1
DA:131,1
DA:132,3
DA:134,3
DA:135,1
DA:136,2
DA:137,3
DA:138,3
DA:140,3
DA:141,3
DA:142,3
DA:143,3
DA:145,3
DA:146,3
DA:148,3
DA:150,3
DA:151,3
LF:35
LH:34
end_of_record
SF:lib/src/components/textarea/t_textarea.dart
DA:16,1
DA:60,1
DA:191,1
DA:192,1
DA:199,1
DA:201,1
DA:202,4
DA:203,3
DA:206,1
DA:208,3
DA:209,2
DA:210,2
DA:212,2
DA:213,1
DA:216,1
DA:217,4
DA:220,1
DA:222,2
DA:223,2
DA:224,1
DA:226,2
DA:227,1
DA:229,2
DA:230,5
DA:233,1
DA:234,1
DA:236,3
DA:237,1
DA:241,1
DA:243,2
DA:250,1
DA:251,1
DA:252,3
DA:254,3
DA:255,3
DA:256,5
DA:257,2
DA:258,2
DA:261,1
DA:262,2
DA:264,1
DA:265,3
DA:266,1
DA:268,1
DA:269,2
DA:270,5
DA:271,1
DA:272,1
DA:273,1
DA:274,2
DA:275,2
DA:277,1
DA:278,2
DA:281,1
DA:283,2
DA:284,2
DA:285,1
DA:291,2
DA:292,3
DA:293,1
DA:295,3
DA:296,1
DA:298,1
DA:299,2
DA:310,1
DA:312,1
DA:313,2
DA:314,1
DA:315,2
DA:316,1
DA:317,2
DA:319,1
DA:320,1
DA:322,1
DA:324,2
DA:325,2
DA:326,2
DA:327,2
DA:328,2
DA:329,2
DA:330,2
DA:331,1
DA:332,2
DA:333,2
DA:334,3
DA:337,1
DA:338,3
DA:339,2
DA:340,2
DA:341,2
DA:342,1
DA:343,2
DA:344,2
DA:347,1
DA:349,2
DA:350,2
DA:351,5
DA:352,1
DA:354,3
DA:355,3
DA:358,1
DA:359,2
DA:360,2
DA:367,1
DA:368,3
DA:369,2
DA:370,3
DA:372,5
DA:373,1
DA:375,1
DA:376,1
DA:377,1
DA:378,1
DA:379,1
DA:380,1
DA:382,1
DA:383,2
DA:384,1
DA:385,3
DA:386,1
DA:388,2
DA:389,2
DA:400,0
DA:403,2
DA:404,7
DA:405,1
DA:406,3
DA:407,2
DA:410,1
DA:412,1
DA:420,1
DA:422,2
DA:423,1
DA:424,1
DA:425,2
DA:426,3
DA:427,1
DA:428,2
DA:430,2
DA:431,2
DA:433,3
DA:434,1
DA:435,2
DA:438,4
DA:439,1
DA:440,1
DA:448,1
DA:450,2
DA:451,1
DA:452,3
DA:453,1
DA:454,2
DA:455,2
DA:456,3
DA:457,2
DA:459,1
DA:461,1
DA:463,1
DA:468,1
DA:470,1
DA:479,1
DA:481,1
DA:482,0
DA:483,1
DA:484,2
LF:165
LH:163
end_of_record
SF:lib/src/components/time_counter/t_time_counter.dart
DA:10,3
DA:12,3
DA:14,1
DA:15,2
DA:16,1
DA:19,2
DA:24,1
DA:39,1
DA:80,1
DA:81,1
DA:96,1
DA:98,1
DA:99,3
DA:100,4
DA:103,1
DA:105,1
DA:107,3
DA:108,3
DA:109,3
DA:110,4
DA:111,4
DA:112,3
DA:113,1
DA:114,1
DA:117,1
DA:119,2
DA:120,3
DA:121,3
DA:122,3
DA:123,3
DA:124,3
DA:128,1
DA:130,1
DA:131,4
DA:132,3
DA:133,4
DA:135,4
DA:136,3
DA:140,1
DA:142,2
DA:143,4
DA:144,1
DA:148,1
DA:149,3
DA:152,1
DA:153,3
DA:154,5
DA:155,6
DA:156,2
DA:157,3
DA:158,1
DA:159,6
DA:161,0
DA:162,0
DA:165,2
DA:166,2
DA:168,1
DA:169,3
DA:171,2
DA:173,2
DA:177,1
DA:178,2
DA:182,1
DA:183,1
DA:187,1
DA:188,1
DA:189,3
DA:190,1
DA:192,1
DA:193,1
DA:196,2
DA:198,2
DA:199,3
DA:200,1
DA:205,1
DA:206,3
DA:207,1
DA:208,1
DA:210,1
DA:211,1
DA:213,1
DA:214,1
DA:216,1
DA:217,4
DA:224,1
DA:226,3
DA:227,1
DA:228,1
DA:230,3
DA:231,4
DA:233,2
DA:236,1
DA:237,1
DA:238,4
DA:239,3
DA:240,2
DA:241,5
DA:243,2
DA:244,1
DA:245,1
DA:246,1
DA:247,1
DA:248,3
DA:249,1
DA:252,2
DA:253,1
DA:256,1
DA:260,1
DA:261,1
DA:262,2
DA:263,2
DA:264,2
DA:265,2
DA:266,2
DA:267,1
DA:268,1
DA:270,1
DA:271,3
DA:272,3
DA:273,2
DA:274,2
DA:275,2
DA:276,2
DA:282,1
DA:283,2
DA:284,3
DA:285,1
DA:287,1
DA:288,2
DA:289,2
DA:290,2
DA:291,2
DA:294,3
DA:300,1
DA:301,2
DA:302,1
DA:303,3
DA:304,3
DA:305,3
DA:306,3
DA:307,3
DA:309,1
DA:310,3
DA:311,3
DA:314,1
DA:315,1
DA:316,2
DA:317,2
DA:318,2
DA:321,1
DA:322,1
DA:323,2
DA:324,2
DA:325,2
DA:328,1
DA:329,1
DA:330,2
DA:331,2
DA:332,2
DA:335,1
DA:336,3
LF:161
LH:159
end_of_record
SF:lib/src/components/time_counter/t_time_counter_style.dart
DA:39,0
DA:103,1
DA:109,3
DA:112,1
DA:113,1
DA:114,2
DA:115,2
DA:116,3
DA:117,1
DA:118,2
DA:120,2
DA:121,2
DA:122,3
DA:123,2
DA:125,4
DA:127,1
DA:128,1
DA:129,2
DA:130,2
DA:131,3
DA:132,1
DA:133,2
DA:135,2
DA:136,2
DA:137,3
DA:138,2
DA:140,4
DA:142,1
DA:143,1
DA:144,2
DA:145,2
DA:146,3
DA:147,1
DA:148,2
DA:150,2
DA:151,2
DA:152,3
DA:153,2
DA:155,4
DA:159,1
DA:160,2
DA:162,2
DA:164,3
DA:165,3
DA:167,1
DA:168,2
DA:170,3
DA:171,2
DA:173,3
DA:174,3
DA:176,1
DA:177,1
DA:178,4
DA:179,1
DA:180,1
DA:184,3
LF:56
LH:55
end_of_record
SF:lib/src/components/time_counter/t_time_counter_controller.dart
DA:23,2
DA:27,2
DA:30,1
DA:31,1
DA:35,1
DA:36,1
DA:40,1
DA:41,1
DA:45,1
DA:46,2
DA:47,1
DA:48,1
DA:50,1
DA:51,1
LF:14
LH:14
end_of_record
SF:lib/src/components/time_counter/t_time_counter_theme_data.dart
DA:21,0
DA:28,0
DA:35,0
DA:36,0
DA:37,0
DA:38,0
DA:39,0
DA:43,0
DA:45,0
DA:48,0
DA:49,0
DA:50,0
DA:51,0
DA:52,0
LF:14
LH:0
end_of_record
SF:lib/src/components/toast/t_toast.dart
DA:28,1
DA:34,1
DA:35,2
DA:36,1
DA:37,2
DA:38,1
DA:46,3
DA:50,1
DA:51,2
DA:55,1
DA:67,1
DA:68,1
DA:69,1
DA:74,1
DA:90,1
DA:104,1
DA:105,1
DA:106,1
DA:111,1
DA:129,1
DA:142,1
DA:159,1
DA:172,1
DA:189,1
DA:202,1
DA:219,1
DA:231,1
DA:232,1
DA:233,1
DA:236,1
DA:254,1
DA:263,1
DA:264,1
DA:265,1
DA:266,1
DA:283,1
DA:284,2
DA:286,1
DA:287,2
DA:292,1
DA:293,3
DA:294,1
DA:296,2
DA:300,1
DA:302,2
DA:303,4
DA:304,3
DA:305,1
DA:307,2
DA:308,1
DA:312,1
DA:320,1
DA:324,1
DA:325,2
DA:330,1
DA:332,1
DA:340,1
DA:341,2
DA:347,1
DA:352,1
DA:353,2
DA:354,2
DA:355,1
DA:356,1
DA:357,1
DA:359,2
DA:360,1
DA:361,2
DA:367,3
DA:382,1
DA:390,1
DA:391,1
DA:392,1
DA:394,1
DA:396,1
DA:397,3
DA:398,2
DA:400,1
DA:403,1
DA:404,1
DA:405,1
DA:406,2
DA:407,3
DA:410,1
DA:411,1
DA:412,1
DA:413,3
DA:414,2
DA:415,1
DA:417,3
DA:424,1
DA:425,1
DA:426,1
DA:428,1
DA:430,1
DA:431,3
DA:432,2
DA:434,1
DA:437,1
DA:438,1
DA:439,1
DA:440,2
DA:441,3
DA:444,1
DA:445,1
DA:446,3
DA:447,2
DA:448,1
DA:450,3
DA:458,1
DA:460,2
DA:461,1
DA:462,1
DA:471,1
DA:477,1
DA:479,1
DA:480,1
DA:484,1
DA:485,3
DA:486,2
DA:488,1
DA:491,1
DA:492,1
DA:493,3
DA:494,2
DA:498,1
DA:499,1
DA:500,1
DA:501,3
DA:502,2
DA:505,3
DA:515,1
DA:519,1
DA:521,1
DA:522,1
DA:526,1
DA:527,3
DA:528,2
DA:530,1
DA:531,3
DA:532,2
DA:546,1
DA:554,1
DA:556,1
DA:557,1
DA:558,3
DA:559,1
DA:561,1
DA:562,3
DA:563,2
DA:565,1
DA:566,1
DA:567,1
DA:568,3
DA:569,2
DA:570,1
DA:572,4
LF:157
LH:157
end_of_record
SF:lib/src/components/toast/t_toast_theme_data.dart
DA:35,1
DA:49,0
DA:53,0
DA:54,0
DA:55,0
DA:56,0
DA:57,0
DA:58,0
DA:59,0
DA:60,0
DA:61,0
DA:62,0
DA:66,0
DA:78,0
DA:79,0
DA:80,0
DA:81,0
DA:82,0
DA:83,0
DA:84,0
DA:85,0
DA:86,0
DA:87,0
DA:91,0
DA:93,0
DA:96,0
DA:97,0
DA:98,0
DA:99,0
DA:100,0
DA:101,0
DA:102,0
DA:103,0
DA:104,0
DA:105,0
DA:109,0
DA:113,0
LF:37
LH:1
end_of_record
SF:lib/src/components/tree/t_tree_select.dart
DA:14,2
DA:21,4
DA:55,2
DA:64,2
DA:87,2
DA:88,2
DA:97,8
DA:99,10
DA:101,12
DA:103,10
DA:105,6
DA:107,10
DA:108,2
DA:109,2
DA:110,10
DA:111,4
DA:112,2
DA:114,10
DA:115,0
DA:116,2
DA:117,10
DA:118,0
DA:119,2
DA:121,2
DA:123,2
DA:126,6
DA:127,7
DA:128,2
DA:129,10
DA:130,6
DA:131,4
DA:132,10
DA:136,2
DA:138,4
DA:139,4
DA:140,2
DA:143,1
DA:145,1
DA:147,4
DA:149,3
DA:150,3
DA:151,1
DA:155,2
DA:156,6
DA:159,4
DA:160,8
DA:161,6
DA:162,2
DA:163,2
DA:168,12
DA:173,2
DA:176,4
DA:177,6
DA:178,6
DA:179,6
DA:181,2
DA:182,4
DA:184,2
DA:185,2
DA:187,2
DA:188,6
DA:189,4
DA:190,2
DA:191,6
DA:192,2
DA:193,6
DA:194,6
DA:196,2
DA:197,14
DA:199,10
DA:200,14
DA:202,2
DA:203,2
DA:205,4
DA:206,4
DA:207,0
DA:209,6
DA:210,4
DA:211,4
DA:214,8
DA:217,2
DA:218,2
DA:219,2
DA:222,2
DA:224,4
DA:227,2
DA:228,2
DA:229,2
DA:231,4
DA:237,2
DA:238,2
DA:239,2
DA:241,2
DA:243,6
DA:245,4
DA:246,4
DA:255,2
DA:258,2
DA:259,2
DA:260,2
DA:262,4
DA:269,2
DA:272,2
DA:273,2
DA:274,2
DA:276,4
DA:289,4
DA:294,2
DA:296,6
DA:297,2
DA:298,14
DA:300,2
DA:301,2
DA:303,2
DA:304,4
DA:305,2
DA:307,2
DA:308,2
DA:312,4
DA:313,3
DA:314,2
DA:315,1
DA:317,2
DA:318,2
DA:324,2
DA:325,4
DA:326,2
DA:327,2
DA:333,2
DA:335,6
DA:337,2
DA:338,2
DA:339,2
DA:343,2
DA:344,6
DA:345,2
DA:346,2
DA:347,4
DA:348,4
DA:349,4
DA:350,4
DA:351,4
DA:354,2
DA:355,4
DA:356,2
DA:357,4
DA:360,2
DA:363,1
DA:364,2
DA:369,8
DA:372,2
DA:373,2
DA:375,2
DA:377,2
DA:379,2
DA:381,4
DA:382,2
DA:383,4
DA:384,2
DA:385,4
DA:386,1
DA:388,2
DA:390,4
DA:391,2
DA:393,3
DA:395,6
DA:398,2
DA:400,4
DA:401,0
DA:405,2
DA:406,2
DA:407,2
DA:408,2
DA:412,2
DA:413,1
DA:414,1
DA:415,2
DA:416,1
DA:420,2
DA:421,1
DA:423,3
DA:425,3
DA:428,2
DA:432,8
DA:435,2
DA:436,2
DA:437,2
DA:439,2
DA:441,2
DA:442,2
DA:443,2
DA:446,2
DA:447,4
DA:450,2
DA:453,4
DA:454,4
DA:462,2
DA:464,2
DA:467,2
DA:469,2
DA:471,4
DA:501,2
DA:503,2
DA:505,2
DA:506,4
DA:507,2
DA:509,2
DA:510,2
DA:512,2
DA:513,2
DA:515,2
DA:516,2
DA:517,2
DA:518,2
DA:520,2
DA:523,2
DA:525,2
DA:527,2
DA:528,2
DA:529,2
DA:530,2
DA:531,2
DA:532,2
DA:535,2
DA:539,2
DA:542,2
DA:544,12
LF:227
LH:223
end_of_record
SF:lib/src/components/tree/t_tree_select_theme_data.dart
DA:18,1
DA:24,0
DA:30,0
DA:31,0
DA:32,0
DA:33,0
DA:37,0
DA:40,0
DA:43,0
DA:44,0
DA:45,0
DA:47,0
LF:12
LH:1
end_of_record
SF:lib/src/components/upload/t_upload.dart
DA:56,1
DA:116,1
DA:137,1
DA:196,1
DA:197,1
DA:202,3
DA:206,3
DA:207,8
DA:208,2
DA:217,1
DA:219,1
DA:220,3
DA:221,3
DA:222,1
DA:226,1
DA:227,8
DA:228,2
DA:229,3
DA:230,2
DA:231,3
DA:233,0
DA:239,1
DA:240,3
DA:241,1
DA:244,1
DA:247,2
DA:250,3
DA:251,2
DA:253,2
DA:256,1
DA:260,3
DA:262,7
DA:263,2
DA:264,3
DA:265,2
DA:266,3
DA:268,1
DA:270,1
DA:271,2
DA:272,3
DA:275,0
DA:276,0
DA:284,1
DA:285,2
DA:289,1
DA:292,2
DA:293,3
DA:299,2
DA:301,1
DA:302,3
DA:303,2
DA:304,2
DA:305,3
DA:306,2
DA:309,2
DA:310,3
DA:315,1
DA:316,3
DA:320,1
DA:323,0
DA:324,0
DA:329,1
DA:330,6
DA:332,2
DA:333,4
DA:338,1
DA:343,2
DA:345,3
DA:346,5
DA:348,2
DA:354,2
DA:355,2
DA:356,1
DA:357,3
DA:358,1
DA:369,1
DA:370,2
DA:371,4
DA:375,1
DA:377,5
DA:378,1
DA:379,1
DA:380,3
DA:381,1
DA:384,2
DA:385,3
DA:387,3
DA:388,1
DA:393,1
DA:395,1
DA:396,2
DA:397,2
DA:398,2
DA:404,1
DA:406,1
DA:408,1
DA:410,1
DA:411,2
DA:412,2
DA:413,3
DA:414,1
DA:416,2
DA:418,1
DA:419,2
DA:420,1
DA:421,2
DA:422,1
DA:423,1
DA:425,2
DA:431,1
DA:432,1
DA:433,1
DA:434,2
DA:435,4
DA:438,2
DA:439,1
DA:440,1
DA:443,1
DA:444,1
DA:445,1
DA:446,2
DA:447,2
DA:448,1
DA:449,1
DA:450,4
DA:452,1
DA:453,2
DA:454,1
DA:455,1
DA:456,1
DA:457,1
DA:460,1
DA:461,1
DA:462,1
DA:464,1
DA:467,3
DA:468,1
DA:470,2
DA:472,1
DA:473,2
DA:474,1
DA:475,1
DA:476,2
DA:477,1
DA:478,2
DA:492,1
DA:494,1
DA:495,1
DA:497,4
DA:499,1
DA:500,1
DA:502,1
DA:503,1
DA:508,1
DA:509,2
DA:510,2
DA:511,3
DA:512,1
DA:514,2
DA:516,1
DA:517,2
DA:519,3
DA:520,1
DA:522,1
DA:523,1
DA:525,1
DA:526,1
DA:527,2
DA:528,1
DA:529,2
DA:538,1
DA:539,2
DA:540,2
DA:541,1
DA:542,2
DA:548,1
DA:550,1
LF:177
LH:172
end_of_record
SF:lib/src/components/upload/t_upload_theme_data.dart
DA:25,0
DA:34,0
DA:43,0
DA:44,0
DA:45,0
DA:46,0
DA:47,0
DA:48,0
DA:49,0
DA:53,0
DA:55,0
DA:58,0
DA:59,0
DA:60,0
DA:61,0
DA:62,0
DA:63,0
DA:64,0
LF:18
LH:0
end_of_record
SF:lib/src/theme/t_font_family.dart
DA:5,3
LF:1
LH:1
end_of_record
SF:lib/src/theme/t_shadows.dart
DA:7,3
DA:10,6
DA:13,3
LF:3
LH:3
end_of_record
SF:lib/src/util/log.dart
DA:6,0
DA:16,0
DA:18,0
DA:20,0
DA:22,0
DA:24,2
DA:26,1
DA:27,0
LF:8
LH:2
end_of_record
SF:lib/src/util/string_util.dart
DA:5,101
DA:7,202
DA:9,202
DA:14,0
DA:17,202
DA:18,101
DA:20,101
DA:23,202
DA:24,101
DA:27,101
DA:30,202
LF:11
LH:10
end_of_record
