SF:lib\src\components\button\t_button_theme_data.dart
DA:48,3
DA:62,1
DA:76,1
DA:77,1
DA:78,1
DA:79,1
DA:80,1
DA:81,1
DA:82,1
DA:83,0
DA:84,1
DA:85,1
DA:86,1
DA:87,1
DA:91,0
DA:93,0
DA:96,0
DA:97,0
DA:98,0
DA:99,0
DA:100,0
DA:101,0
DA:102,0
DA:103,0
DA:104,0
DA:105,0
DA:106,0
DA:107,0
DA:112,8
LF:29
LH:14
end_of_record
SF:lib\src\components\tag\t_tag_theme_data.dart
DA:76,0
DA:94,0
DA:112,0
DA:113,0
DA:114,0
DA:115,0
DA:116,0
DA:117,0
DA:118,0
DA:119,0
DA:120,0
DA:121,0
DA:122,0
DA:123,0
DA:124,0
DA:125,0
DA:126,0
DA:127,0
DA:131,0
DA:133,0
DA:136,0
DA:137,0
DA:138,0
DA:139,0
DA:140,0
DA:141,0
DA:142,0
DA:143,0
DA:144,0
DA:145,0
DA:146,0
DA:147,0
DA:148,0
DA:149,0
DA:150,0
DA:151,0
LF:36
LH:0
end_of_record
SF:lib\src\components\action_sheet\t_action_sheet.dart
DA:27,0
DA:49,0
DA:50,0
DA:125,0
DA:138,0
DA:155,0
DA:175,0
DA:199,0
DA:214,0
DA:233,0
DA:234,0
DA:235,0
DA:236,0
DA:237,0
DA:238,0
DA:239,0
DA:240,0
DA:241,0
DA:242,0
DA:243,0
DA:244,0
DA:245,0
DA:246,0
DA:247,0
DA:248,0
DA:249,0
DA:250,0
DA:251,0
DA:252,0
DA:253,0
DA:258,0
DA:259,0
DA:263,0
DA:265,0
DA:269,0
DA:290,0
DA:295,0
DA:296,0
DA:297,0
DA:300,0
DA:301,0
DA:302,0
DA:303,0
DA:304,0
DA:305,0
DA:306,0
DA:307,0
DA:311,0
DA:312,0
DA:323,0
DA:324,0
DA:341,0
DA:342,0
DA:356,0
DA:358,0
LF:55
LH:0
end_of_record
SF:lib\src\util\context_extension.dart
DA:7,33
LF:1
LH:1
end_of_record
SF:lib\src\components\popup\t_popup.dart
DA:55,0
DA:70,4
DA:77,4
DA:82,4
LF:4
LH:3
end_of_record
SF:lib\src\components\popup\t_popup_inset.dart
DA:5,1
DA:10,0
DA:24,0
DA:38,1
DA:52,1
LF:5
LH:3
end_of_record
SF:lib\src\components\popup\_popup_header.dart
DA:5,3
DA:19,1
DA:20,2
DA:23,3
DA:25,6
DA:29,6
DA:30,8
DA:33,3
DA:35,3
DA:36,3
DA:37,3
DA:44,3
DA:55,3
DA:57,3
DA:58,6
DA:59,6
DA:61,6
DA:63,3
DA:64,3
DA:66,3
DA:67,6
DA:68,3
DA:70,3
DA:74,4
DA:75,3
DA:78,4
DA:81,3
DA:82,6
DA:83,3
DA:85,3
DA:89,4
DA:94,3
DA:98,9
DA:101,3
DA:103,6
DA:109,3
DA:113,9
DA:116,3
DA:118,6
DA:124,2
DA:126,2
DA:127,2
DA:128,2
DA:129,4
DA:138,3
DA:139,9
DA:140,3
DA:141,6
DA:142,3
DA:143,6
DA:144,3
DA:145,3
DA:149,6
DA:151,3
DA:155,3
DA:156,9
DA:157,3
DA:158,3
DA:159,3
DA:160,6
DA:161,3
DA:162,3
DA:167,6
DA:169,3
DA:174,3
DA:175,6
DA:178,3
DA:179,6
LF:68
LH:68
end_of_record
SF:lib\src\components\popup\_popup_center_close.dart
DA:4,2
DA:10,4
DA:11,2
DA:12,2
DA:13,4
DA:14,2
DA:16,2
DA:19,4
DA:22,4
DA:27,2
DA:43,2
DA:45,2
DA:46,4
DA:47,2
DA:48,4
DA:49,4
DA:50,2
DA:54,6
DA:56,2
DA:58,2
DA:60,2
DA:63,2
DA:66,2
LF:23
LH:23
end_of_record
SF:lib\src\components\popup\_popup_tracker.dart
DA:5,12
DA:7,4
DA:8,20
DA:11,4
DA:12,12
DA:13,12
DA:14,8
DA:18,4
DA:19,8
DA:20,4
DA:23,4
LF:11
LH:11
end_of_record
SF:lib\src\components\popup\t_popup_handle.dart
DA:16,4
DA:37,12
DA:48,4
DA:49,4
DA:52,4
DA:55,0
DA:63,8
DA:65,1
DA:67,8
DA:68,4
DA:69,8
DA:71,4
DA:72,4
DA:76,3
DA:78,3
DA:81,3
DA:88,4
DA:89,4
DA:90,4
DA:91,8
DA:92,2
DA:98,4
DA:100,4
DA:102,12
DA:103,4
DA:106,4
DA:116,4
DA:117,4
DA:118,5
DA:119,4
DA:122,4
DA:129,4
DA:130,4
DA:134,2
DA:135,2
DA:138,0
DA:141,4
DA:142,4
DA:145,8
DA:148,4
DA:149,4
DA:152,4
DA:157,4
DA:158,4
DA:159,4
DA:160,4
DA:163,1
DA:166,4
DA:167,4
DA:170,4
DA:171,4
LF:51
LH:49
end_of_record
SF:lib\src\components\popup\_popup_layout.dart
DA:5,5
DA:19,5
DA:23,5
DA:24,5
DA:26,9
DA:27,4
DA:28,4
DA:29,9
DA:30,9
DA:31,4
DA:34,5
DA:35,8
DA:36,3
DA:38,4
DA:40,4
DA:41,11
DA:42,11
DA:43,4
DA:48,3
DA:49,6
DA:50,6
DA:51,3
DA:54,5
DA:55,10
DA:56,3
DA:58,5
DA:59,13
DA:60,13
DA:61,5
DA:62,5
DA:65,5
DA:66,10
DA:67,5
DA:69,5
DA:70,15
DA:71,15
DA:72,5
DA:73,5
DA:76,4
DA:77,4
DA:78,4
DA:84,5
DA:93,5
DA:94,8
DA:95,5
DA:96,8
DA:97,5
DA:98,4
DA:99,4
DA:100,4
DA:101,4
DA:103,5
DA:104,4
DA:105,4
DA:106,4
DA:107,4
DA:109,4
DA:115,4
DA:116,4
DA:117,4
DA:122,2
DA:123,2
DA:124,2
DA:126,2
DA:128,2
DA:130,2
DA:132,1
DA:137,5
DA:138,5
DA:139,5
DA:140,8
DA:141,5
DA:142,8
DA:143,4
DA:144,8
DA:145,4
DA:146,8
DA:147,1
LF:78
LH:78
end_of_record
SF:lib\src\components\popup\t_popup_options.dart
DA:6,3
DA:7,6
DA:45,5
DA:78,4
DA:103,4
DA:133,4
DA:155,4
DA:182,4
DA:203,4
DA:229,3
DA:250,3
DA:276,3
DA:297,3
DA:357,14
DA:431,5
DA:459,5
DA:460,5
DA:461,5
DA:463,6
DA:465,5
DA:466,1
DA:467,5
DA:469,5
DA:470,0
DA:472,5
DA:474,5
DA:476,5
DA:479,5
DA:482,5
DA:483,0
DA:484,5
DA:485,5
DA:486,5
DA:488,5
DA:491,5
DA:494,5
DA:497,5
DA:500,5
DA:502,5
DA:504,5
DA:507,5
DA:509,2
DA:512,5
DA:515,5
DA:517,5
DA:522,5
DA:523,10
DA:524,10
DA:526,5
DA:527,5
DA:528,5
DA:529,5
DA:530,5
DA:531,5
DA:532,5
DA:533,5
DA:534,5
DA:535,5
DA:536,5
DA:537,5
DA:538,5
DA:539,5
DA:540,5
DA:541,4
DA:542,4
DA:543,4
DA:544,4
DA:545,4
DA:546,5
DA:547,5
DA:548,5
DA:549,5
DA:550,5
DA:551,5
DA:552,5
DA:557,6
DA:560,6
DA:563,6
DA:566,6
DA:569,4
DA:570,8
DA:571,4
DA:572,8
DA:575,2
DA:576,4
DA:577,4
DA:580,1
DA:581,2
DA:582,1
DA:583,1
DA:586,1
DA:587,2
DA:588,1
DA:589,1
DA:592,4
DA:593,12
DA:596,4
DA:599,4
DA:600,4
DA:601,4
DA:605,2
DA:606,4
DA:607,2
DA:609,2
DA:612,2
DA:615,5
DA:616,5
DA:617,5
DA:618,4
DA:621,6
DA:625,5
DA:626,4
DA:629,8
DA:633,5
DA:634,5
DA:637,11
DA:641,5
DA:642,5
DA:645,13
DA:649,4
DA:650,4
DA:655,10
DA:656,5
DA:657,10
DA:658,10
DA:659,10
DA:660,1
DA:661,1
DA:663,10
DA:664,10
DA:665,0
DA:666,0
DA:668,10
DA:671,15
LF:134
LH:130
end_of_record
SF:lib\src\components\popup\_popup_shell.dart
DA:6,4
DA:15,4
DA:17,4
DA:18,12
DA:19,12
DA:20,12
DA:22,12
DA:23,3
DA:26,4
DA:29,3
DA:30,3
DA:31,3
DA:33,3
DA:36,6
DA:39,6
DA:40,2
DA:41,2
DA:43,2
DA:46,3
DA:47,6
DA:48,6
DA:53,4
DA:58,12
DA:59,12
DA:60,6
DA:62,12
DA:63,3
DA:66,3
DA:67,3
DA:68,3
DA:69,3
DA:71,13
DA:75,3
DA:78,12
DA:80,2
DA:82,4
DA:83,4
DA:92,4
DA:94,4
DA:95,6
DA:96,4
DA:97,6
DA:98,4
DA:99,6
DA:100,4
DA:101,6
DA:102,3
DA:103,3
LF:48
LH:48
end_of_record
SF:lib\src\components\popup\_popup_route.dart
DA:5,4
DA:8,4
DA:9,4
DA:10,4
DA:11,4
DA:12,4
DA:25,4
DA:26,8
DA:29,8
DA:34,4
DA:35,8
DA:38,8
DA:39,8
DA:40,3
DA:41,3
DA:46,4
DA:47,8
DA:49,4
DA:50,8
DA:52,4
DA:55,0
DA:57,0
DA:59,0
DA:63,4
DA:66,4
DA:67,8
DA:69,4
DA:71,8
DA:74,8
DA:75,8
DA:76,4
DA:79,4
DA:80,12
DA:84,4
DA:92,4
DA:93,4
DA:96,4
DA:97,10
DA:98,10
DA:101,0
DA:110,4
DA:117,4
DA:123,8
DA:124,8
DA:125,8
DA:126,8
DA:127,8
DA:130,4
DA:131,4
DA:132,4
DA:133,4
DA:137,12
DA:138,3
DA:144,4
DA:145,8
DA:150,4
DA:151,8
DA:152,4
DA:153,8
DA:155,8
DA:160,4
DA:162,4
DA:164,4
DA:165,12
DA:166,4
DA:171,4
DA:172,4
DA:174,4
DA:175,4
DA:176,8
DA:177,12
DA:183,4
DA:184,4
DA:185,8
DA:188,3
DA:189,7
DA:190,6
DA:191,6
DA:195,4
DA:196,8
DA:197,4
DA:198,10
DA:200,8
DA:201,4
DA:202,12
DA:206,4
DA:207,4
DA:210,4
DA:214,4
DA:215,8
DA:216,8
DA:217,4
DA:221,4
DA:223,10
DA:224,10
DA:225,4
DA:226,8
DA:230,4
DA:232,4
DA:233,4
DA:236,4
DA:238,4
DA:239,4
DA:240,12
DA:242,4
DA:243,12
DA:245,4
LF:107
LH:103
end_of_record
SF:lib\src\components\popup\t_popup_types.dart
DA:46,0
DA:49,0
DA:52,0
DA:55,0
DA:58,5
DA:61,5
DA:64,5
DA:67,5
LF:8
LH:4
end_of_record
SF:lib\src\components\action_sheet\t_action_sheet_grid.dart
DA:61,0
DA:79,0
DA:80,0
DA:86,0
DA:88,0
DA:89,0
DA:90,0
DA:92,0
DA:93,0
DA:96,0
DA:97,0
DA:99,0
DA:101,0
DA:102,0
DA:103,0
DA:104,0
DA:105,0
DA:106,0
DA:108,0
DA:109,0
DA:111,0
DA:112,0
DA:113,0
DA:115,0
DA:116,0
DA:117,0
DA:124,0
DA:125,0
DA:126,0
DA:127,0
DA:128,0
DA:129,0
DA:131,0
DA:132,0
DA:133,0
DA:134,0
DA:135,0
DA:136,0
DA:137,0
DA:144,0
DA:145,0
DA:146,0
DA:151,0
DA:152,0
DA:153,0
DA:154,0
DA:156,0
DA:157,0
DA:158,0
DA:159,0
DA:163,0
DA:165,0
DA:166,0
DA:167,0
DA:168,0
DA:169,0
DA:175,0
DA:177,0
DA:178,0
DA:179,0
DA:180,0
DA:184,0
DA:185,0
DA:186,0
DA:187,0
DA:188,0
DA:189,0
DA:190,0
DA:191,0
DA:192,0
DA:194,0
DA:204,0
DA:210,0
DA:212,0
DA:214,0
DA:215,0
DA:216,0
DA:219,0
DA:220,0
DA:224,0
DA:225,0
DA:226,0
DA:228,0
DA:229,0
DA:236,0
DA:237,0
DA:240,0
DA:241,0
DA:242,0
DA:245,0
DA:247,0
DA:248,0
DA:249,0
LF:93
LH:0
end_of_record
SF:lib\src\components\action_sheet\t_action_sheet_group.dart
DA:46,0
DA:59,0
DA:61,0
DA:62,0
DA:63,0
DA:64,0
DA:66,0
DA:67,0
DA:69,0
DA:70,0
DA:73,0
DA:74,0
DA:76,0
DA:78,0
DA:79,0
DA:80,0
DA:81,0
DA:83,0
DA:84,0
DA:85,0
DA:86,0
DA:87,0
DA:88,0
DA:91,0
DA:92,0
DA:93,0
DA:94,0
DA:96,0
DA:97,0
DA:102,0
DA:103,0
DA:104,0
DA:105,0
DA:108,0
DA:109,0
DA:110,0
DA:111,0
DA:112,0
DA:113,0
DA:114,0
DA:120,0
DA:121,0
DA:122,0
DA:123,0
DA:124,0
DA:125,0
DA:126,0
DA:135,0
DA:136,0
LF:49
LH:0
end_of_record
SF:lib\src\components\action_sheet\t_action_sheet_list.dart
DA:42,0
DA:54,0
DA:56,0
DA:57,0
DA:58,0
DA:60,0
DA:61,0
DA:64,0
DA:66,0
DA:67,0
DA:68,0
DA:69,0
DA:76,0
DA:77,0
DA:78,0
DA:79,0
DA:80,0
DA:82,0
DA:83,0
DA:84,0
DA:85,0
DA:86,0
DA:91,0
DA:92,0
DA:93,0
DA:94,0
DA:95,0
DA:96,0
DA:97,0
DA:105,0
DA:106,0
DA:107,0
DA:108,0
DA:112,0
DA:114,0
DA:115,0
DA:116,0
DA:117,0
DA:119,0
DA:120,0
DA:121,0
DA:123,0
DA:124,0
DA:127,0
DA:128,0
DA:129,0
DA:130,0
DA:131,0
DA:132,0
DA:137,0
DA:139,0
DA:140,0
DA:141,0
DA:142,0
DA:143,0
DA:144,0
DA:145,0
DA:146,0
DA:148,0
DA:149,0
DA:151,0
DA:152,0
DA:154,0
DA:155,0
DA:156,0
DA:157,0
DA:160,0
DA:162,0
DA:163,0
DA:164,0
DA:165,0
DA:166,0
DA:167,0
DA:168,0
DA:169,0
DA:170,0
DA:174,0
DA:175,0
DA:176,0
DA:180,0
DA:181,0
DA:182,0
DA:183,0
DA:184,0
DA:185,0
DA:186,0
DA:187,0
DA:188,0
DA:192,0
DA:205,0
DA:206,0
DA:207,0
DA:208,0
DA:209,0
DA:211,0
DA:212,0
DA:213,0
DA:214,0
DA:216,0
DA:217,0
DA:218,0
DA:219,0
DA:220,0
DA:221,0
DA:225,0
DA:226,0
DA:227,0
DA:228,0
LF:108
LH:0
end_of_record
SF:lib\src\components\action_sheet\t_action_sheet_theme_data.dart
DA:46,0
DA:62,0
DA:64,0
DA:65,0
DA:66,0
DA:67,0
DA:68,0
DA:69,0
DA:70,0
DA:71,0
DA:72,0
DA:73,0
DA:74,0
DA:75,0
DA:76,0
DA:77,0
DA:81,0
DA:97,0
DA:98,0
DA:99,0
DA:100,0
DA:101,0
DA:102,0
DA:103,0
DA:104,0
DA:105,0
DA:106,0
DA:107,0
DA:108,0
DA:109,0
DA:110,0
DA:114,0
DA:116,0
DA:117,0
DA:118,0
DA:119,0
DA:120,0
DA:121,0
DA:122,0
DA:123,0
DA:124,0
DA:125,0
DA:126,0
DA:127,0
DA:128,0
DA:129,0
DA:130,0
DA:134,0
DA:136,0
LF:49
LH:0
end_of_record
SF:lib\src\components\action_sheet\t_action_sheet_item.dart
DA:8,0
LF:1
LH:0
end_of_record
SF:lib\src\theme\t_colors.dart
DA:18,3
DA:21,0
DA:24,6
DA:27,0
DA:30,0
DA:33,0
DA:36,0
DA:39,0
DA:42,0
DA:45,0
DA:48,30
DA:51,0
DA:54,28
DA:57,3
DA:60,93
DA:63,0
DA:68,0
DA:71,0
DA:74,0
DA:77,0
DA:80,0
DA:83,6
DA:86,0
DA:89,0
DA:92,0
DA:95,0
DA:98,6
DA:101,0
DA:104,12
DA:107,0
DA:110,30
DA:113,0
DA:118,0
DA:121,0
DA:124,0
DA:127,0
DA:130,3
DA:133,0
DA:136,0
DA:139,0
DA:142,0
DA:145,0
DA:148,3
DA:151,0
DA:154,0
DA:157,0
DA:160,3
DA:163,0
DA:168,0
DA:171,0
DA:174,0
DA:177,0
DA:180,0
DA:183,0
DA:186,0
DA:189,0
DA:192,0
DA:195,0
DA:198,0
DA:201,0
DA:204,0
DA:207,0
DA:210,0
DA:213,0
DA:218,3
DA:221,0
DA:224,0
DA:227,3
DA:230,12
DA:233,0
DA:236,0
DA:239,3
DA:244,3
DA:247,3
DA:250,0
DA:253,0
DA:256,3
DA:259,0
DA:262,0
DA:265,0
DA:268,0
DA:271,3
DA:274,0
DA:277,0
DA:280,0
DA:283,6
DA:286,0
DA:290,3
DA:292,78
DA:294,0
DA:296,9
DA:298,3
DA:300,27
DA:302,0
DA:303,0
DA:305,0
DA:306,0
DA:308,27
DA:310,0
DA:312,0
DA:314,9
DA:316,57
DA:318,21
DA:322,99
DA:324,30
DA:326,45
DA:328,37
DA:330,39
DA:332,0
DA:334,0
LF:110
LH:36
end_of_record
SF:lib\src\theme\t_fonts.dart
DA:8,0
DA:11,0
DA:14,0
DA:17,0
DA:20,0
DA:23,0
DA:26,15
DA:29,27
DA:32,12
DA:35,0
DA:38,72
DA:41,30
DA:44,18
DA:47,18
DA:50,0
DA:53,12
DA:56,3
DA:59,0
DA:62,0
DA:65,0
DA:68,3
LF:21
LH:10
end_of_record
SF:lib\src\theme\t_radius.dart
DA:8,6
DA:9,51
DA:10,15
DA:11,21
DA:14,6
DA:17,12
LF:6
LH:6
end_of_record
SF:lib\src\theme\t_spacers.dart
DA:5,30
DA:7,39
DA:9,12
DA:11,42
DA:13,9
DA:15,6
DA:17,0
DA:19,0
DA:21,0
DA:23,0
DA:25,0
LF:11
LH:6
end_of_record
SF:lib\src\theme\t_theme.dart
DA:21,42
DA:22,106
DA:41,3
DA:42,6
DA:43,3
DA:44,9
DA:61,1
DA:66,1
DA:67,1
DA:70,1
DA:71,3
DA:72,0
DA:75,4
DA:78,0
DA:81,3
DA:84,1
DA:85,3
DA:96,1
DA:102,1
DA:103,2
DA:104,1
DA:106,1
DA:112,1
DA:113,2
DA:114,1
DA:116,1
DA:122,1
DA:127,1
DA:128,1
DA:130,1
DA:131,2
DA:137,1
DA:138,1
DA:140,1
DA:141,1
DA:142,1
DA:143,1
DA:145,1
DA:146,1
DA:147,1
DA:148,1
DA:150,1
DA:151,1
DA:152,1
DA:153,1
DA:155,1
DA:156,1
DA:157,1
DA:158,1
DA:160,1
DA:161,1
DA:162,1
DA:163,1
DA:165,1
DA:166,1
DA:168,1
DA:169,1
DA:170,1
DA:178,1
DA:179,1
DA:181,1
DA:182,1
DA:183,1
DA:184,1
DA:186,1
DA:187,1
DA:188,1
DA:189,1
DA:191,1
DA:192,1
DA:193,1
DA:194,1
DA:196,1
DA:197,1
DA:198,1
DA:199,1
DA:201,1
DA:202,1
DA:203,1
DA:204,1
DA:206,1
DA:207,1
DA:209,1
DA:210,1
DA:211,1
DA:232,0
DA:235,1
DA:236,2
DA:239,1
DA:240,2
DA:248,4
DA:252,8
DA:298,43
DA:311,43
DA:314,43
DA:320,0
DA:321,0
DA:329,0
DA:339,0
DA:351,1
DA:362,1
DA:364,2
DA:365,2
DA:366,2
DA:367,2
DA:368,2
DA:369,2
DA:370,3
DA:371,1
DA:376,1
DA:377,2
DA:379,2
DA:380,1
DA:383,1
DA:389,43
DA:393,43
DA:394,43
DA:396,46
DA:397,43
DA:398,43
DA:400,43
DA:401,43
DA:402,88
DA:416,43
DA:423,43
DA:424,0
DA:429,43
DA:430,43
DA:431,43
DA:432,43
DA:433,0
DA:434,43
DA:436,43
DA:437,43
DA:438,43
DA:440,129
DA:441,86
DA:449,0
DA:450,0
DA:454,0
DA:459,43
DA:460,43
DA:461,86
DA:462,43
DA:467,43
DA:468,86
DA:469,43
DA:471,86
DA:476,43
DA:477,86
DA:478,86
DA:482,43
DA:483,86
DA:484,129
DA:488,43
DA:489,86
DA:490,129
DA:494,43
DA:495,86
DA:496,129
DA:500,43
DA:501,86
DA:502,43
DA:503,86
DA:504,86
DA:505,86
DA:506,86
DA:507,86
DA:508,172
DA:509,129
DA:513,86
DA:517,43
DA:518,0
DA:519,0
DA:523,0
DA:524,0
DA:529,0
DA:530,0
DA:533,0
DA:534,0
DA:537,0
DA:540,0
DA:543,0
DA:544,0
DA:547,0
DA:548,0
DA:551,0
DA:553,0
DA:555,0
DA:560,0
DA:565,0
DA:568,0
DA:569,0
DA:570,0
DA:571,0
DA:572,0
DA:573,0
DA:574,0
DA:575,0
DA:576,0
DA:591,43
DA:594,86
DA:598,42
DA:601,84
DA:602,42
DA:606,74
DA:607,40
DA:613,17
DA:614,17
LF:209
LH:169
end_of_record
SF:lib\src\util\iterable_ext.dart
DA:8,0
DA:9,0
DA:10,0
DA:16,2
DA:18,2
DA:27,0
DA:29,0
DA:30,0
DA:37,0
DA:39,0
DA:40,0
DA:51,0
DA:57,0
DA:59,0
DA:62,0
DA:63,0
DA:64,0
DA:65,0
DA:66,0
DA:71,0
DA:74,0
DA:80,2
DA:81,6
DA:87,5
DA:88,15
DA:91,5
LF:26
LH:7
end_of_record
SF:lib\src\util\list_ext.dart
DA:14,0
DA:15,0
DA:29,0
DA:30,0
DA:32,0
DA:33,0
DA:34,0
DA:35,0
DA:37,0
DA:64,0
DA:65,0
DA:66,0
DA:67,0
DA:68,0
LF:14
LH:0
end_of_record
SF:lib\src\components\badge\t_badge.dart
DA:47,1
DA:53,1
DA:67,1
DA:68,1
DA:75,1
DA:76,2
DA:78,1
DA:82,0
DA:84,0
DA:85,0
DA:86,0
DA:87,0
DA:89,0
DA:94,1
DA:95,2
DA:96,1
DA:98,1
DA:103,0
DA:104,0
DA:105,0
DA:106,0
DA:107,0
DA:108,0
DA:112,0
DA:113,0
DA:114,0
DA:115,0
DA:116,0
DA:118,0
DA:122,0
DA:123,0
DA:124,0
DA:125,0
DA:128,1
DA:129,1
DA:130,2
DA:133,0
DA:134,0
DA:135,0
DA:138,0
DA:139,0
DA:140,0
DA:143,0
DA:144,0
DA:145,0
DA:148,0
DA:149,0
DA:150,0
DA:153,0
DA:154,0
DA:155,0
DA:158,1
DA:160,1
DA:161,3
DA:164,0
DA:166,0
DA:167,0
DA:168,0
DA:172,1
DA:174,2
DA:175,1
DA:176,1
DA:178,2
DA:179,2
DA:180,1
DA:181,1
DA:182,3
DA:184,0
DA:185,0
DA:186,0
DA:187,0
DA:188,0
DA:189,0
DA:190,0
DA:191,0
DA:192,0
DA:193,0
DA:195,0
DA:196,0
DA:197,0
DA:199,0
DA:201,0
DA:205,0
DA:206,0
DA:208,0
DA:209,0
DA:210,0
DA:212,0
DA:213,0
DA:214,0
DA:216,0
DA:218,0
DA:223,0
DA:224,0
DA:225,0
DA:226,0
DA:227,0
DA:229,0
DA:232,0
DA:233,0
DA:234,0
DA:235,0
DA:236,0
DA:237,0
DA:238,0
DA:240,0
DA:246,0
DA:247,0
DA:248,0
DA:249,0
DA:252,0
DA:253,0
DA:260,0
DA:261,0
DA:262,0
DA:264,0
DA:266,0
DA:271,0
DA:272,0
DA:273,0
DA:274,0
DA:275,0
DA:276,0
DA:278,0
DA:279,0
DA:280,0
DA:281,0
DA:282,0
DA:284,0
DA:285,0
DA:286,0
DA:288,0
DA:290,0
DA:303,0
DA:305,0
DA:307,0
DA:308,0
DA:309,0
DA:310,0
DA:311,0
DA:312,0
DA:313,0
DA:317,0
LF:143
LH:26
end_of_record
SF:lib\src\components\text\t_text.dart
DA:35,29
DA:62,29
DA:65,2
DA:92,2
DA:157,29
DA:160,58
DA:162,29
DA:164,0
DA:166,0
DA:171,30
DA:173,9
DA:174,1
DA:176,9
DA:177,8
DA:178,0
DA:179,18
DA:180,19
DA:183,9
DA:185,0
DA:188,9
DA:189,9
DA:190,21
DA:191,9
DA:192,9
DA:193,9
DA:196,9
DA:197,9
DA:198,27
DA:201,9
DA:203,9
DA:206,61
DA:208,23
DA:210,1
DA:212,1
DA:217,9
DA:218,9
DA:225,29
DA:227,29
DA:229,29
DA:230,29
DA:231,29
DA:232,29
DA:233,29
DA:234,29
DA:235,29
DA:236,29
DA:237,29
DA:245,1
DA:246,2
DA:249,29
DA:253,29
DA:254,29
DA:255,29
DA:256,29
DA:258,23
DA:259,29
DA:260,29
DA:261,29
DA:262,29
DA:263,29
DA:264,29
DA:265,29
DA:266,29
DA:267,29
DA:268,29
DA:269,29
DA:271,2
DA:272,2
DA:274,2
DA:275,2
DA:276,2
DA:277,2
DA:278,2
DA:279,2
DA:280,2
DA:281,2
DA:282,2
DA:283,2
DA:284,2
DA:285,2
DA:293,1
DA:311,1
DA:314,1
DA:323,1
DA:334,1
DA:358,1
DA:363,1
DA:365,1
DA:367,3
DA:368,3
DA:379,27
DA:382,9
DA:383,9
DA:391,9
DA:400,3
DA:402,9
DA:404,18
DA:412,9
DA:414,0
DA:416,0
DA:418,0
DA:422,0
DA:424,0
DA:427,18
DA:429,18
DA:432,18
DA:433,0
DA:438,9
DA:439,9
DA:442,9
DA:446,18
DA:454,9
DA:455,9
DA:457,9
DA:458,0
DA:459,9
DA:460,0
DA:461,18
DA:465,0
DA:468,18
LF:120
LH:107
end_of_record
SF:lib\src\components\action_sheet\t_action_sheet_item_widget.dart
DA:15,0
DA:31,0
DA:33,0
DA:38,0
DA:39,0
DA:40,0
DA:42,0
DA:43,0
DA:45,0
DA:46,0
DA:47,0
DA:49,0
DA:51,0
DA:52,0
DA:53,0
DA:55,0
DA:56,0
DA:57,0
DA:58,0
DA:59,0
DA:61,0
DA:64,0
DA:65,0
DA:67,0
DA:68,0
DA:69,0
DA:71,0
DA:72,0
DA:73,0
DA:79,0
DA:81,0
DA:82,0
DA:83,0
DA:84,0
DA:85,0
DA:92,0
DA:94,0
DA:96,0
DA:97,0
DA:98,0
DA:99,0
DA:100,0
DA:101,0
DA:108,0
DA:110,0
DA:112,0
DA:124,0
DA:130,0
DA:131,0
DA:133,0
DA:134,0
DA:135,0
DA:136,0
DA:137,0
DA:138,0
DA:140,0
DA:141,0
DA:142,0
DA:143,0
DA:144,0
DA:145,0
DA:151,0
DA:152,0
DA:153,0
DA:154,0
DA:155,0
LF:66
LH:0
end_of_record
SF:lib\src\components\avatar\t_avatar.dart
DA:16,0
DA:30,0
DA:69,0
DA:70,0
DA:72,0
DA:74,0
DA:75,0
DA:78,0
DA:81,0
DA:85,0
DA:86,0
DA:89,0
DA:90,0
DA:91,0
DA:92,0
DA:93,0
DA:94,0
DA:95,0
DA:96,0
DA:100,0
DA:101,0
DA:102,0
DA:104,0
DA:106,0
DA:111,0
DA:112,0
DA:113,0
DA:116,0
DA:117,0
DA:119,0
DA:120,0
DA:123,0
DA:126,0
DA:127,0
DA:128,0
DA:131,0
DA:132,0
DA:133,0
DA:136,0
DA:138,0
DA:139,0
DA:140,0
DA:141,0
DA:142,0
DA:143,0
DA:144,0
DA:145,0
DA:146,0
DA:148,0
DA:149,0
DA:150,0
DA:151,0
DA:152,0
DA:155,0
DA:157,0
DA:158,0
DA:159,0
DA:160,0
DA:161,0
DA:162,0
DA:163,0
DA:164,0
DA:165,0
DA:166,0
DA:167,0
DA:168,0
DA:171,0
DA:173,0
DA:174,0
DA:175,0
DA:176,0
DA:177,0
DA:178,0
DA:179,0
DA:180,0
DA:181,0
DA:182,0
DA:184,0
DA:185,0
DA:186,0
DA:189,0
DA:190,0
DA:194,0
DA:196,0
DA:197,0
DA:198,0
DA:199,0
DA:203,0
DA:204,0
DA:205,0
DA:207,0
DA:209,0
DA:214,0
DA:215,0
DA:216,0
DA:217,0
DA:218,0
DA:222,0
DA:223,0
DA:225,0
DA:226,0
DA:227,0
DA:228,0
DA:229,0
DA:230,0
DA:232,0
DA:233,0
DA:234,0
DA:235,0
DA:236,0
DA:237,0
DA:238,0
DA:243,0
DA:244,0
DA:245,0
DA:246,0
DA:247,0
DA:248,0
DA:254,0
DA:256,0
DA:260,0
DA:261,0
DA:262,0
DA:263,0
DA:264,0
DA:265,0
DA:267,0
DA:268,0
DA:269,0
DA:272,0
DA:273,0
DA:274,0
DA:275,0
DA:276,0
DA:277,0
DA:279,0
DA:280,0
DA:281,0
DA:282,0
DA:283,0
DA:284,0
DA:285,0
DA:286,0
DA:291,0
DA:292,0
DA:293,0
DA:294,0
DA:295,0
DA:296,0
DA:297,0
DA:302,0
DA:304,0
DA:308,0
DA:309,0
DA:310,0
DA:311,0
DA:312,0
DA:313,0
DA:315,0
DA:316,0
DA:317,0
DA:322,0
DA:324,0
DA:325,0
DA:329,0
DA:330,0
DA:331,0
DA:332,0
DA:333,0
DA:337,0
DA:338,0
DA:340,0
DA:341,0
DA:342,0
DA:343,0
DA:344,0
DA:345,0
DA:347,0
DA:348,0
DA:349,0
DA:350,0
DA:354,0
DA:355,0
DA:361,0
DA:362,0
DA:363,0
DA:364,0
DA:365,0
DA:366,0
DA:367,0
DA:371,0
DA:373,0
DA:377,0
DA:378,0
DA:379,0
DA:380,0
DA:381,0
DA:382,0
DA:384,0
DA:385,0
DA:386,0
DA:389,0
DA:390,0
DA:391,0
DA:392,0
DA:393,0
DA:394,0
DA:396,0
DA:397,0
DA:398,0
DA:399,0
DA:403,0
DA:404,0
DA:410,0
DA:411,0
DA:412,0
DA:413,0
DA:414,0
DA:415,0
DA:416,0
DA:420,0
DA:422,0
DA:426,0
DA:427,0
DA:428,0
DA:429,0
DA:430,0
DA:431,0
DA:433,0
DA:434,0
DA:435,0
DA:440,0
DA:442,0
DA:443,0
LF:234
LH:0
end_of_record
SF:lib\src\components\avatar\t_avatar_theme_data.dart
DA:27,0
DA:36,0
DA:45,0
DA:46,0
DA:47,0
DA:48,0
DA:49,0
DA:50,0
DA:51,0
DA:55,0
DA:57,0
DA:58,0
DA:59,0
DA:60,0
DA:61,0
DA:62,0
DA:64,0
DA:65,0
LF:18
LH:0
end_of_record
SF:lib\src\components\backtop\t_backtop.dart
DA:13,1
DA:22,1
DA:45,1
DA:46,1
DA:58,1
DA:59,3
DA:62,1
DA:63,4
DA:65,1
DA:66,4
DA:68,1
DA:69,4
DA:71,1
DA:73,1
DA:76,1
DA:78,1
DA:79,1
DA:80,1
DA:83,1
DA:84,1
DA:87,1
DA:88,2
DA:89,4
DA:90,1
DA:91,1
DA:95,1
DA:96,1
DA:97,2
DA:98,1
DA:102,1
DA:103,2
DA:104,1
DA:105,2
DA:106,2
DA:107,2
DA:108,1
DA:113,0
DA:115,0
DA:116,0
DA:117,0
DA:119,0
DA:120,0
DA:122,0
DA:123,0
DA:124,0
DA:128,1
DA:130,4
DA:131,1
DA:134,1
DA:135,2
DA:136,1
DA:137,2
DA:138,1
DA:139,1
DA:140,2
DA:141,1
DA:142,1
DA:143,2
DA:144,1
DA:145,1
DA:148,1
DA:149,4
DA:151,5
DA:154,1
DA:157,2
DA:161,2
DA:163,2
DA:164,1
DA:165,1
DA:168,1
DA:169,1
DA:170,1
DA:171,1
DA:177,1
DA:179,1
DA:183,2
DA:184,1
DA:185,1
DA:186,1
DA:191,1
DA:194,3
DA:197,1
DA:198,1
DA:201,3
DA:202,1
DA:203,3
DA:204,2
DA:205,1
DA:207,1
DA:208,1
DA:210,1
DA:211,1
DA:214,1
DA:216,1
DA:217,2
DA:218,1
DA:219,2
DA:222,1
DA:224,1
DA:235,1
DA:236,1
DA:238,1
DA:241,1
DA:242,1
DA:243,1
DA:244,3
DA:245,3
DA:247,2
DA:249,1
DA:252,1
DA:253,1
DA:256,1
DA:259,1
DA:260,2
DA:261,1
DA:263,1
DA:266,1
DA:267,1
DA:268,2
DA:269,1
DA:272,1
DA:276,1
DA:277,2
DA:278,1
DA:281,1
LF:125
LH:116
end_of_record
SF:lib\src\components\backtop\t_backtop_theme_data.dart
DA:46,2
DA:55,1
DA:64,1
DA:65,0
DA:66,1
DA:68,1
DA:69,1
DA:70,1
DA:72,1
DA:76,1
DA:78,1
DA:81,1
DA:82,3
DA:83,3
DA:84,1
DA:85,2
DA:86,3
DA:87,3
DA:89,3
LF:19
LH:18
end_of_record
SF:lib\src\components\badge\t_badge_theme_data.dart
DA:39,0
DA:51,0
DA:63,0
DA:64,0
DA:65,0
DA:66,0
DA:67,0
DA:68,0
DA:69,0
DA:70,0
DA:71,0
DA:72,0
DA:76,0
DA:78,0
DA:81,0
DA:82,0
DA:83,0
DA:84,0
DA:85,0
DA:86,0
DA:87,0
DA:88,0
DA:89,0
DA:90,0
LF:24
LH:0
end_of_record
SF:lib\src\components\button\t_button.dart
DA:62,9
DA:72,9
DA:98,9
DA:99,9
DA:103,9
DA:106,18
DA:107,20
DA:108,21
DA:109,4
DA:112,9
DA:114,18
DA:116,18
DA:117,18
DA:119,18
DA:125,18
DA:126,18
DA:127,4
DA:128,4
DA:132,9
DA:135,9
DA:136,12
DA:141,36
DA:145,9
DA:146,4
DA:150,18
DA:151,4
DA:154,9
DA:169,1
DA:170,3
DA:173,2
DA:174,1
DA:175,2
DA:178,5
DA:182,1
DA:183,1
DA:184,1
DA:185,2
DA:192,1
DA:193,2
DA:194,2
DA:197,1
DA:198,1
DA:199,1
DA:203,1
DA:204,1
DA:206,1
DA:209,1
DA:211,2
DA:212,1
DA:222,1
DA:223,2
DA:226,9
DA:227,18
DA:233,4
DA:234,0
DA:242,3
DA:243,3
DA:245,3
DA:246,3
DA:249,3
DA:250,3
DA:251,3
DA:252,0
DA:253,0
DA:261,3
DA:263,3
DA:265,3
DA:267,1
DA:269,0
DA:275,1
DA:276,2
DA:278,2
DA:279,0
DA:280,0
DA:285,1
DA:286,2
DA:293,1
DA:296,1
DA:299,0
DA:302,0
DA:308,0
DA:310,1
DA:314,1
DA:316,1
DA:317,1
DA:318,0
DA:319,0
DA:324,1
DA:326,1
DA:327,1
DA:328,0
DA:329,0
LF:92
LH:79
end_of_record
SF:lib\src\components\button\t_button_resolve.dart
DA:12,0
DA:15,9
DA:26,9
DA:27,4
DA:30,9
DA:33,9
DA:41,9
DA:48,9
DA:56,9
DA:57,9
DA:58,18
DA:63,4
DA:64,0
DA:68,4
DA:69,9
DA:73,9
DA:74,9
DA:75,9
DA:76,9
DA:78,0
DA:80,9
DA:84,1
DA:85,1
DA:97,2
DA:104,9
DA:106,13
DA:107,6
DA:108,4
DA:109,1
DA:114,9
DA:123,9
DA:124,9
DA:125,4
DA:126,3
DA:127,3
DA:128,3
DA:129,1
DA:130,1
DA:135,9
DA:141,9
DA:142,6
DA:143,6
DA:144,7
DA:145,3
DA:146,3
DA:147,6
DA:148,2
DA:149,2
DA:150,5
DA:151,5
DA:152,5
DA:155,9
DA:156,18
DA:157,9
DA:158,5
DA:160,6
DA:161,0
DA:165,18
DA:166,9
DA:167,5
DA:179,3
DA:185,3
DA:186,3
DA:187,3
DA:188,1
DA:189,1
DA:190,1
DA:191,1
DA:192,1
DA:193,1
DA:194,1
DA:195,1
DA:196,1
DA:199,3
DA:200,6
DA:201,3
DA:202,0
DA:206,6
DA:207,3
DA:208,3
DA:212,6
DA:213,3
DA:214,9
DA:216,1
DA:226,3
DA:231,3
DA:232,3
DA:233,1
DA:234,1
DA:235,1
DA:236,1
DA:237,1
DA:238,1
DA:241,3
DA:242,6
DA:243,3
DA:244,0
DA:248,6
DA:249,3
DA:250,2
DA:262,1
DA:267,1
DA:268,1
DA:269,1
DA:270,1
DA:271,1
DA:272,1
DA:273,1
DA:274,1
DA:277,1
DA:279,2
DA:280,1
DA:281,1
DA:285,2
DA:286,1
DA:287,1
DA:289,1
DA:299,9
DA:305,17
DA:306,8
DA:307,16
DA:310,4
DA:313,6
DA:314,2
DA:315,4
DA:318,4
DA:319,1
DA:323,9
DA:324,9
DA:329,9
DA:335,9
DA:336,9
DA:344,9
DA:347,8
DA:350,2
DA:353,1
DA:368,9
DA:370,9
DA:371,9
DA:372,9
DA:374,9
DA:375,9
DA:381,9
DA:383,9
DA:385,8
DA:387,2
DA:389,1
DA:395,9
DA:397,9
DA:398,8
DA:399,2
DA:400,1
DA:405,9
DA:413,5
DA:415,5
DA:416,5
DA:417,3
DA:418,3
DA:419,2
DA:420,2
DA:421,1
DA:422,1
DA:426,0
DA:428,0
DA:429,0
DA:430,0
DA:431,0
DA:432,0
DA:433,0
DA:434,0
DA:435,0
LF:171
LH:156
end_of_record
SF:lib\src\components\calendar\t_calendar.dart
DA:54,3
DA:69,5
DA:71,2
DA:72,2
DA:74,3
DA:142,4
DA:143,4
DA:149,3
DA:153,12
DA:154,3
DA:155,6
DA:156,6
DA:157,6
DA:158,6
DA:159,6
DA:160,6
DA:161,6
DA:162,6
DA:163,6
DA:164,6
DA:165,6
DA:166,6
DA:168,15
DA:172,3
DA:174,18
DA:175,3
DA:178,3
DA:179,3
DA:183,3
DA:186,3
DA:187,3
DA:205,3
DA:207,3
DA:208,6
DA:209,9
DA:210,9
DA:211,9
DA:212,9
DA:213,9
DA:214,9
DA:215,9
DA:217,6
DA:218,9
DA:219,9
DA:220,9
DA:221,9
DA:222,9
DA:223,9
DA:224,9
DA:225,9
DA:226,9
DA:227,9
DA:228,9
DA:229,9
DA:231,9
DA:232,3
DA:233,3
DA:234,3
DA:239,3
DA:240,9
DA:243,2
DA:245,2
DA:250,3
DA:251,6
DA:252,3
DA:253,3
DA:254,4
DA:255,4
DA:256,4
DA:257,4
DA:258,4
DA:259,4
DA:260,4
DA:261,4
DA:262,4
DA:263,4
DA:264,4
DA:265,4
DA:266,4
DA:270,3
DA:272,6
DA:274,3
DA:275,9
DA:277,6
DA:278,3
DA:279,3
DA:280,3
DA:281,6
DA:282,6
DA:283,6
DA:284,6
DA:285,6
DA:286,3
DA:288,3
DA:289,3
DA:296,3
DA:297,3
DA:298,6
DA:299,6
DA:300,6
DA:301,6
DA:302,3
DA:303,6
DA:304,3
DA:305,6
DA:307,6
DA:308,6
DA:309,6
DA:310,6
DA:311,6
DA:312,6
DA:313,3
DA:314,3
DA:315,3
DA:316,3
DA:317,6
DA:319,3
DA:320,3
DA:324,6
DA:325,6
DA:326,6
DA:327,6
DA:328,6
DA:336,3
DA:337,9
DA:340,6
DA:344,9
DA:347,9
DA:348,2
DA:349,6
DA:350,6
DA:357,2
DA:358,2
DA:359,4
DA:363,2
DA:364,4
DA:365,2
DA:367,2
DA:371,4
DA:372,2
DA:373,1
DA:376,3
DA:377,2
DA:378,1
DA:379,2
DA:381,2
DA:382,4
DA:385,2
DA:386,2
DA:388,4
DA:389,4
DA:391,8
DA:392,2
DA:394,1
DA:395,2
DA:396,1
DA:402,2
DA:403,2
DA:404,2
DA:405,8
DA:406,1
DA:407,2
DA:415,1
DA:416,1
DA:419,1
DA:420,2
DA:421,2
DA:422,2
DA:424,1
DA:425,1
DA:426,2
DA:427,2
DA:428,2
DA:430,1
DA:436,3
DA:438,6
DA:439,6
DA:440,6
DA:442,3
DA:443,3
DA:444,9
DA:445,3
LF:182
LH:182
end_of_record
SF:lib\src\components\calendar\t_calendar_body.dart
DA:8,3
DA:28,3
DA:66,3
DA:67,3
DA:92,3
DA:94,3
DA:95,3
DA:96,3
DA:97,6
DA:98,9
DA:101,6
DA:104,2
DA:106,2
DA:107,8
DA:108,8
DA:110,8
DA:111,8
DA:112,8
DA:113,8
DA:114,8
DA:116,8
DA:120,2
DA:121,2
DA:122,3
DA:123,1
DA:124,1
DA:128,2
DA:129,1
DA:131,4
DA:132,6
DA:134,2
DA:135,1
DA:139,2
DA:140,4
DA:144,1
DA:148,6
DA:151,2
DA:158,6
DA:161,2
DA:162,3
DA:169,3
DA:171,9
DA:172,6
DA:173,3
DA:176,3
DA:177,9
DA:178,9
DA:179,12
DA:180,3
DA:193,3
DA:194,15
DA:196,12
DA:197,6
DA:198,12
DA:200,12
DA:203,10
DA:206,3
DA:207,6
DA:211,9
DA:212,3
DA:213,6
DA:214,6
DA:217,2
DA:226,3
DA:227,6
DA:229,15
DA:232,8
DA:234,4
DA:238,6
DA:239,6
DA:240,2
DA:241,2
DA:243,2
DA:244,4
DA:247,1
DA:248,2
DA:251,3
DA:252,2
DA:253,1
DA:255,2
DA:256,1
DA:257,1
DA:258,2
DA:261,1
DA:262,1
DA:270,3
DA:271,6
DA:275,15
DA:276,15
DA:277,6
DA:278,6
DA:279,6
DA:280,9
DA:281,6
DA:282,9
DA:291,1
DA:292,2
DA:295,3
DA:296,3
DA:298,2
DA:299,4
DA:303,3
DA:305,3
DA:306,9
DA:307,3
DA:308,6
DA:309,3
DA:310,9
DA:311,3
DA:312,6
DA:313,15
DA:314,15
DA:315,3
DA:319,6
DA:323,6
DA:324,6
DA:325,2
DA:330,4
DA:331,4
DA:332,6
DA:337,3
DA:339,3
DA:340,3
DA:341,6
DA:342,9
DA:343,0
DA:345,3
DA:346,9
DA:347,6
DA:348,9
DA:349,3
DA:350,3
DA:351,9
DA:352,3
DA:353,12
DA:354,3
DA:355,9
DA:356,12
DA:357,9
DA:368,9
DA:369,3
DA:370,16
DA:377,1
DA:378,1
DA:380,1
DA:381,1
DA:384,2
DA:385,0
DA:388,0
DA:389,0
DA:393,2
DA:394,1
DA:395,1
DA:396,1
DA:398,2
DA:399,0
DA:401,2
DA:405,3
DA:406,1
DA:424,0
DA:425,0
DA:426,0
DA:430,0
DA:432,0
DA:434,0
DA:435,0
DA:436,0
DA:437,0
DA:438,0
DA:439,0
DA:444,0
DA:445,0
DA:446,0
DA:451,0
DA:452,0
DA:453,0
DA:454,0
DA:456,0
DA:463,0
DA:472,0
DA:473,0
DA:474,0
DA:477,0
DA:478,0
DA:479,0
DA:481,0
DA:484,0
DA:487,0
DA:488,0
DA:493,3
DA:494,3
DA:495,9
DA:496,6
DA:497,3
DA:498,12
DA:503,3
DA:505,3
DA:506,5
DA:507,12
DA:508,3
DA:509,6
DA:510,9
DA:512,15
DA:514,9
DA:515,8
DA:516,10
DA:519,6
DA:520,4
DA:521,12
DA:524,3
DA:525,4
DA:527,7
DA:528,5
DA:531,5
DA:532,2
DA:535,5
DA:536,3
DA:541,6
DA:543,3
DA:544,3
DA:547,9
DA:548,3
DA:549,6
DA:550,3
DA:555,3
DA:556,3
DA:557,3
DA:558,6
DA:559,3
DA:560,9
DA:561,3
DA:566,3
DA:568,3
DA:571,3
DA:572,3
DA:574,3
DA:575,9
DA:576,3
DA:577,15
DA:578,3
DA:579,9
DA:580,27
DA:581,4
DA:582,3
LF:244
LH:209
end_of_record
SF:lib\src\components\calendar\t_calendar_cell.dart
DA:31,1
DA:73,3
DA:83,9
DA:89,3
DA:90,3
DA:93,3
DA:94,3
DA:95,3
DA:100,3
DA:114,3
DA:131,3
DA:132,3
DA:139,3
DA:141,3
DA:142,6
DA:143,15
DA:146,2
DA:148,2
DA:149,8
DA:150,4
DA:151,8
DA:152,10
DA:156,3
DA:158,15
DA:159,3
DA:162,3
DA:163,3
DA:164,12
DA:165,12
DA:168,3
DA:170,6
DA:176,9
DA:178,3
DA:179,3
DA:181,6
DA:182,3
DA:184,3
DA:186,8
DA:187,3
DA:189,3
DA:190,3
DA:191,3
DA:193,6
DA:198,9
DA:199,3
DA:200,15
DA:201,3
DA:202,15
DA:203,6
DA:212,2
DA:214,6
DA:215,2
DA:218,4
DA:222,3
DA:227,3
DA:229,3
DA:230,3
DA:231,12
DA:232,4
DA:235,2
DA:236,0
DA:237,0
DA:239,2
DA:243,12
DA:249,3
DA:250,21
DA:251,9
DA:254,3
DA:259,9
DA:260,3
DA:261,6
DA:262,0
DA:263,0
DA:265,3
DA:267,3
DA:269,3
DA:270,3
DA:276,1
DA:284,3
DA:289,7
DA:291,1
DA:292,1
DA:293,1
LF:83
LH:79
end_of_record
SF:lib\src\components\calendar\t_calendar_header.dart
DA:9,3
DA:17,3
DA:37,3
DA:38,3
DA:39,6
DA:40,6
DA:41,9
DA:42,6
DA:47,3
DA:49,3
DA:50,3
DA:51,6
DA:52,3
DA:53,3
DA:54,12
DA:55,9
DA:56,3
DA:57,3
DA:58,3
DA:59,3
DA:60,3
DA:61,3
DA:62,3
LF:23
LH:23
end_of_record
SF:lib\src\components\calendar\t_calendar_style.dart
DA:13,4
DA:69,3
DA:74,3
DA:78,3
DA:79,3
DA:80,6
DA:81,3
DA:82,9
DA:85,3
DA:86,9
DA:87,6
DA:89,3
DA:90,9
DA:91,9
DA:92,6
DA:94,3
DA:95,9
DA:96,9
DA:97,9
DA:98,6
DA:100,3
DA:101,9
DA:102,9
DA:103,9
DA:104,6
DA:106,6
DA:107,6
DA:108,6
DA:113,3
DA:114,6
DA:115,3
DA:116,9
DA:117,9
DA:118,9
DA:120,3
DA:121,9
DA:122,9
DA:125,6
DA:127,3
DA:128,3
DA:130,9
DA:132,9
DA:133,3
DA:134,6
DA:137,3
DA:138,1
DA:140,3
DA:142,3
DA:144,3
DA:147,3
DA:148,3
DA:150,9
DA:152,9
DA:153,3
DA:154,3
DA:155,6
DA:158,1
DA:159,1
DA:161,3
DA:162,1
DA:163,2
DA:164,1
DA:168,1
DA:169,1
DA:171,3
DA:173,3
DA:174,1
DA:175,2
DA:176,2
DA:179,1
DA:180,1
DA:182,3
DA:184,3
DA:185,1
DA:186,2
DA:187,2
LF:76
LH:76
end_of_record
SF:lib\src\components\calendar\t_calendar_theme_data.dart
DA:58,1
DA:77,0
DA:96,0
DA:97,0
DA:98,0
DA:99,0
DA:100,0
DA:101,0
DA:102,0
DA:103,0
DA:104,0
DA:105,0
DA:106,0
DA:107,0
DA:108,0
DA:109,0
DA:110,0
DA:111,0
DA:112,0
DA:116,0
DA:118,0
DA:119,0
DA:120,0
DA:121,0
DA:122,0
DA:123,0
DA:124,0
DA:125,0
DA:126,0
DA:127,0
DA:128,0
DA:129,0
DA:130,0
DA:131,0
DA:132,0
DA:133,0
DA:134,0
DA:135,0
LF:38
LH:1
end_of_record
SF:lib\src\components\cascader\t_cascader.dart
DA:7,0
DA:22,0
DA:26,0
DA:27,0
DA:28,0
LF:5
LH:0
end_of_record
SF:lib\src\components\cascader\t_cascader_action.dart
DA:8,0
DA:19,0
DA:20,0
LF:3
LH:0
end_of_record
SF:lib\src\components\cascader\t_cascader_theme_data.dart
DA:22,0
DA:30,0
DA:38,0
DA:39,0
DA:40,0
DA:41,0
DA:42,0
DA:43,0
DA:47,0
DA:49,0
DA:50,0
DA:51,0
DA:52,0
DA:53,0
DA:54,0
DA:55,0
LF:16
LH:0
end_of_record
SF:lib\src\components\cascader\t_custom_tab.dart
DA:12,0
DA:15,0
DA:16,0
DA:23,0
DA:26,0
DA:27,0
DA:30,0
DA:32,0
DA:33,0
DA:34,0
DA:38,0
DA:40,0
DA:42,0
DA:43,0
DA:45,0
DA:46,0
DA:47,0
DA:48,0
DA:50,0
DA:53,0
DA:54,0
DA:55,0
DA:56,0
DA:57,0
DA:58,0
DA:60,0
DA:61,0
DA:62,0
DA:63,0
DA:68,0
DA:69,0
DA:71,0
DA:72,0
DA:73,0
DA:76,0
DA:86,0
DA:87,0
DA:88,0
LF:38
LH:0
end_of_record
SF:lib\src\components\cascader\t_multi_cascader.dart
DA:54,0
DA:72,0
DA:73,0
DA:97,0
DA:99,0
DA:100,0
DA:101,0
DA:102,0
DA:103,0
DA:104,0
DA:107,0
DA:109,0
DA:110,0
DA:111,0
DA:112,0
DA:115,0
DA:116,0
DA:120,0
DA:121,0
DA:123,0
DA:126,0
DA:127,0
DA:128,0
DA:129,0
DA:130,0
DA:131,0
DA:132,0
DA:134,0
DA:135,0
DA:136,0
DA:141,0
DA:143,0
DA:145,0
DA:147,0
DA:148,0
DA:149,0
DA:150,0
DA:151,0
DA:152,0
DA:153,0
DA:154,0
DA:157,0
DA:159,0
DA:160,0
DA:161,0
DA:162,0
DA:168,0
DA:171,0
DA:172,0
DA:173,0
DA:174,0
DA:175,0
DA:181,0
DA:183,0
DA:184,0
DA:187,0
DA:189,0
DA:190,0
DA:191,0
DA:192,0
DA:193,0
DA:199,0
DA:200,0
DA:202,0
DA:205,0
DA:212,0
DA:213,0
DA:215,0
DA:218,0
DA:219,0
DA:221,0
DA:222,0
DA:223,0
DA:225,0
DA:226,0
DA:238,0
DA:239,0
DA:240,0
DA:243,0
DA:244,0
DA:245,0
DA:250,0
DA:251,0
DA:252,0
DA:253,0
DA:254,0
DA:256,0
DA:259,0
DA:260,0
DA:261,0
DA:262,0
DA:263,0
DA:268,0
DA:269,0
DA:271,0
DA:272,0
DA:273,0
DA:274,0
DA:275,0
DA:276,0
DA:277,0
DA:278,0
DA:279,0
DA:280,0
DA:282,0
DA:285,0
DA:288,0
DA:289,0
DA:290,0
DA:291,0
DA:292,0
DA:293,0
DA:294,0
DA:295,0
DA:296,0
DA:298,0
DA:300,0
DA:301,0
DA:304,0
DA:307,0
DA:309,0
DA:310,0
DA:311,0
DA:313,0
DA:315,0
DA:316,0
DA:317,0
DA:318,0
DA:319,0
DA:320,0
DA:322,0
DA:331,0
DA:332,0
DA:333,0
DA:336,0
DA:337,0
DA:338,0
DA:339,0
DA:340,0
DA:341,0
DA:342,0
DA:345,0
DA:347,0
DA:348,0
DA:349,0
DA:350,0
DA:351,0
DA:353,0
DA:355,0
DA:358,0
DA:359,0
DA:362,0
DA:363,0
DA:364,0
DA:367,0
DA:370,0
DA:371,0
DA:372,0
DA:373,0
DA:375,0
DA:376,0
DA:377,0
DA:378,0
DA:383,0
DA:385,0
DA:387,0
DA:396,0
DA:397,0
DA:398,0
DA:400,0
DA:401,0
DA:402,0
DA:403,0
DA:406,0
DA:407,0
DA:408,0
DA:410,0
DA:411,0
DA:416,0
DA:417,0
DA:418,0
DA:421,0
DA:423,0
DA:424,0
DA:425,0
DA:430,0
DA:431,0
DA:432,0
DA:433,0
DA:434,0
DA:437,0
DA:438,0
DA:441,0
DA:442,0
DA:443,0
DA:444,0
DA:445,0
DA:446,0
DA:447,0
DA:448,0
DA:449,0
DA:450,0
DA:451,0
DA:452,0
DA:454,0
DA:455,0
DA:456,0
DA:457,0
DA:460,0
DA:461,0
DA:464,0
DA:465,0
DA:466,0
DA:468,0
DA:469,0
DA:470,0
DA:471,0
DA:472,0
DA:474,0
DA:475,0
DA:476,0
DA:478,0
DA:481,0
DA:483,0
DA:484,0
DA:485,0
DA:488,0
DA:489,0
DA:491,0
DA:492,0
DA:493,0
DA:495,0
DA:496,0
DA:497,0
DA:498,0
DA:499,0
DA:504,0
DA:505,0
DA:506,0
DA:510,0
DA:511,0
DA:513,0
DA:526,0
DA:527,0
DA:528,0
DA:529,0
DA:530,0
DA:532,0
DA:533,0
DA:535,0
DA:536,0
DA:538,0
DA:539,0
DA:542,0
DA:544,0
DA:545,0
DA:546,0
DA:547,0
DA:549,0
DA:552,0
DA:553,0
DA:554,0
DA:555,0
DA:557,0
DA:558,0
DA:559,0
DA:560,0
DA:561,0
DA:566,0
DA:568,0
DA:571,0
DA:572,0
DA:573,0
DA:577,0
DA:580,0
DA:581,0
DA:583,0
DA:588,0
DA:590,0
DA:591,0
DA:609,0
DA:615,0
DA:617,0
DA:620,0
DA:621,0
DA:622,0
DA:623,0
DA:624,0
DA:644,0
DA:649,0
DA:652,0
DA:653,0
DA:654,0
DA:655,0
DA:656,0
DA:657,0
DA:658,0
DA:659,0
DA:660,0
DA:661,0
DA:662,0
DA:663,0
DA:664,0
DA:665,0
DA:666,0
DA:667,0
DA:670,0
DA:679,0
DA:691,0
LF:309
LH:0
end_of_record
SF:lib\src\components\cell\t_cell.dart
DA:12,3
DA:35,3
DA:100,3
DA:101,3
DA:108,3
DA:109,5
DA:110,4
DA:111,2
DA:114,9
DA:116,3
DA:118,3
DA:119,3
DA:120,6
DA:122,6
DA:124,6
DA:125,6
DA:126,3
DA:127,6
DA:128,3
DA:129,1
DA:131,0
DA:132,0
DA:134,0
DA:139,3
DA:141,9
DA:142,3
DA:143,9
DA:144,3
DA:147,7
DA:148,2
DA:150,6
DA:151,6
DA:152,2
DA:153,3
DA:155,3
DA:156,3
DA:157,3
DA:159,3
DA:160,3
DA:161,3
DA:162,3
DA:164,3
DA:165,6
DA:166,7
DA:167,2
DA:168,3
DA:169,1
DA:170,2
DA:172,3
DA:173,3
DA:175,3
DA:176,3
DA:177,3
DA:178,6
DA:179,3
DA:180,12
DA:181,3
DA:182,9
DA:183,3
DA:184,6
DA:185,2
DA:188,12
DA:189,16
DA:190,3
DA:191,6
DA:192,0
DA:193,7
DA:194,3
DA:195,1
DA:202,3
DA:203,3
DA:205,3
DA:206,6
DA:207,0
DA:208,7
DA:209,1
DA:210,1
DA:211,2
DA:212,4
DA:213,1
DA:214,2
DA:215,1
DA:217,2
DA:219,6
DA:220,3
DA:221,6
DA:222,4
DA:223,6
DA:224,1
DA:225,1
DA:234,3
DA:236,3
DA:238,3
DA:240,0
DA:245,3
DA:246,3
DA:249,3
DA:250,6
DA:251,3
DA:255,9
DA:256,6
DA:257,3
DA:262,3
DA:263,6
DA:264,3
DA:266,6
DA:267,3
DA:268,6
DA:269,0
DA:270,0
DA:271,0
DA:272,0
DA:280,3
DA:281,5
LF:114
LH:104
end_of_record
SF:lib\src\components\cell\t_cell_inherited.dart
DA:6,2
DA:7,2
DA:11,0
DA:16,3
DA:17,3
LF:5
LH:4
end_of_record
SF:lib\src\components\cell\t_cell_theme_data.dart
DA:82,0
DA:108,3
DA:109,3
DA:113,3
DA:114,9
DA:115,9
DA:116,9
DA:117,9
DA:118,6
DA:119,6
DA:120,9
DA:121,9
DA:124,3
DA:125,12
DA:126,6
DA:127,6
DA:128,9
DA:129,9
DA:132,3
DA:133,12
DA:134,9
DA:136,9
DA:137,9
DA:138,6
DA:139,6
DA:140,9
DA:141,9
DA:143,9
DA:146,12
DA:147,3
DA:148,12
DA:149,3
DA:150,9
DA:151,6
DA:152,6
DA:153,6
DA:154,6
DA:155,6
DA:157,3
DA:160,0
DA:185,0
DA:186,0
DA:187,0
DA:188,0
DA:189,0
DA:190,0
DA:191,0
DA:192,0
DA:193,0
DA:194,0
DA:195,0
DA:196,0
DA:197,0
DA:198,0
DA:199,0
DA:200,0
DA:201,0
DA:202,0
DA:203,0
DA:204,0
DA:205,0
DA:206,0
DA:207,0
DA:211,0
DA:213,0
DA:216,0
DA:217,0
DA:218,0
DA:219,0
DA:220,0
DA:221,0
DA:222,0
DA:223,0
DA:224,0
DA:225,0
DA:226,0
DA:227,0
DA:228,0
DA:229,0
DA:230,0
DA:231,0
DA:232,0
DA:233,0
DA:234,0
DA:235,0
DA:236,0
DA:237,0
LF:87
LH:38
end_of_record
SF:lib\src\components\cell\t_cell_group.dart
DA:15,2
DA:26,2
DA:55,2
DA:56,2
DA:60,2
DA:62,4
DA:63,2
DA:64,1
DA:65,6
DA:66,2
DA:67,2
DA:69,2
DA:72,2
DA:73,8
DA:74,2
DA:76,2
DA:77,4
DA:78,8
DA:80,2
DA:81,2
DA:82,6
DA:83,0
DA:85,2
DA:86,2
DA:87,2
DA:89,2
DA:91,6
DA:92,6
DA:96,2
DA:97,6
DA:98,4
DA:100,0
DA:101,4
DA:102,4
DA:103,3
DA:107,2
DA:108,8
DA:111,2
DA:122,2
DA:123,4
DA:127,0
DA:128,0
DA:134,2
DA:135,6
DA:136,0
DA:141,2
DA:142,2
DA:143,2
DA:144,2
DA:146,6
DA:147,2
DA:148,2
DA:149,2
DA:151,2
DA:152,0
LF:55
LH:49
end_of_record
SF:lib\src\components\checkbox\t_check_box.dart
DA:38,1
DA:66,1
DA:148,1
DA:149,1
DA:152,1
DA:154,2
DA:155,0
DA:160,1
DA:161,1
DA:162,1
DA:164,1
DA:165,1
DA:166,1
DA:170,0
DA:178,1
DA:180,0
DA:183,2
DA:197,1
DA:199,3
DA:200,1
DA:203,0
DA:205,0
DA:206,0
DA:209,1
DA:210,2
DA:213,1
DA:214,2
DA:218,1
DA:220,0
DA:225,1
DA:228,1
DA:229,2
DA:236,0
DA:240,2
DA:243,2
DA:246,0
DA:257,1
DA:259,2
DA:261,1
DA:262,0
DA:264,0
DA:265,0
DA:266,0
DA:267,0
DA:269,0
DA:270,0
DA:273,0
DA:274,0
DA:275,0
DA:276,0
DA:277,0
DA:280,0
DA:283,0
DA:289,0
DA:291,0
DA:292,0
DA:293,0
DA:294,0
DA:295,0
DA:296,0
DA:298,0
DA:299,0
DA:300,0
DA:301,0
DA:302,0
DA:308,0
DA:309,0
DA:317,1
DA:318,1
DA:320,1
DA:321,1
DA:322,5
DA:323,1
DA:325,1
DA:326,1
DA:329,1
DA:330,1
DA:331,1
DA:332,2
DA:335,1
DA:336,2
DA:338,1
DA:339,1
DA:340,1
DA:341,2
DA:346,1
DA:348,5
DA:349,1
DA:350,1
DA:351,2
DA:352,2
DA:353,2
DA:354,3
DA:355,2
DA:357,2
DA:358,2
DA:359,2
DA:360,2
DA:361,2
DA:362,2
DA:368,1
DA:369,4
DA:381,1
DA:382,1
DA:384,0
DA:391,1
DA:393,1
DA:394,1
DA:396,1
DA:397,1
DA:399,0
DA:400,0
DA:402,1
DA:403,2
DA:409,1
DA:410,2
DA:411,1
DA:412,4
DA:413,2
DA:414,0
DA:415,0
DA:417,0
DA:418,0
DA:419,0
DA:421,2
DA:424,1
DA:425,1
DA:427,1
DA:430,1
DA:431,2
DA:432,1
DA:435,2
DA:443,1
DA:444,2
DA:447,1
DA:448,2
DA:452,1
DA:457,2
DA:460,2
DA:461,1
DA:463,0
DA:465,4
DA:472,1
DA:477,2
DA:479,2
DA:481,0
DA:484,1
DA:485,2
DA:487,2
DA:488,4
DA:489,2
DA:490,2
DA:491,1
DA:492,1
DA:499,1
DA:502,2
DA:504,0
DA:506,2
DA:515,1
DA:520,1
DA:522,0
DA:524,0
DA:525,0
DA:526,0
DA:527,0
DA:529,0
DA:530,0
DA:531,0
DA:532,0
DA:533,0
DA:534,0
DA:555,0
DA:558,0
DA:560,0
DA:561,0
DA:562,0
DA:563,0
DA:564,0
DA:565,0
DA:567,0
DA:568,0
DA:569,0
DA:571,0
DA:572,0
DA:574,0
DA:575,0
DA:576,0
DA:577,0
DA:578,0
DA:581,0
LF:190
LH:112
end_of_record
SF:lib\src\util\auto_size.dart
DA:13,1
DA:15,3
DA:16,4
DA:19,2
DA:24,0
DA:26,0
DA:27,0
DA:30,0
LF:8
LH:4
end_of_record
SF:lib\src\components\checkbox\t_check_box_group.dart
DA:18,0
DA:19,0
DA:25,0
DA:26,0
DA:32,0
DA:33,0
DA:39,0
DA:40,0
DA:46,0
DA:47,0
DA:48,0
DA:76,0
DA:89,0
DA:139,0
DA:141,0
DA:152,0
DA:154,0
DA:156,0
DA:158,0
DA:162,0
DA:163,0
DA:164,0
DA:165,0
DA:170,0
DA:172,0
DA:173,0
DA:174,0
DA:175,0
DA:176,0
DA:185,0
DA:186,0
DA:188,0
DA:190,0
DA:194,0
DA:196,0
DA:197,0
DA:198,0
DA:202,0
DA:204,0
DA:206,0
DA:211,0
DA:213,0
DA:215,0
DA:220,0
DA:227,0
DA:228,0
DA:233,0
DA:235,0
DA:236,0
DA:237,0
DA:239,0
DA:240,0
DA:241,0
DA:243,0
DA:244,0
DA:247,0
DA:248,0
DA:250,0
DA:251,0
DA:255,0
DA:257,0
DA:267,1
DA:268,1
DA:271,0
DA:273,0
DA:282,0
DA:301,0
DA:304,0
DA:309,0
DA:313,0
DA:314,0
DA:315,0
DA:316,0
DA:322,0
DA:327,0
DA:328,0
DA:331,0
DA:334,0
DA:337,0
DA:340,0
DA:341,0
DA:342,0
DA:347,0
DA:348,0
DA:349,0
DA:352,0
DA:353,0
DA:357,0
DA:358,0
DA:365,0
DA:366,0
DA:367,0
DA:368,0
DA:371,0
DA:372,0
DA:374,0
DA:379,0
DA:380,0
DA:384,0
DA:385,0
DA:390,0
DA:393,0
DA:394,0
DA:403,0
DA:405,0
DA:409,0
DA:410,0
DA:413,0
DA:414,0
DA:415,0
DA:419,0
DA:421,0
DA:422,0
DA:424,0
DA:425,0
DA:426,0
DA:427,0
DA:428,0
DA:429,0
DA:430,0
DA:433,0
DA:434,0
DA:437,0
DA:438,0
DA:439,0
DA:440,0
DA:441,0
DA:442,0
DA:447,0
DA:450,0
DA:451,0
DA:456,0
DA:458,0
DA:472,0
DA:474,0
LF:135
LH:2
end_of_record
SF:lib\src\util\map_ext.dart
DA:15,0
DA:16,0
DA:17,0
DA:20,0
DA:24,0
DA:26,0
DA:28,0
DA:32,0
DA:39,0
DA:40,0
DA:42,0
DA:46,0
DA:57,0
DA:58,0
DA:60,0
DA:64,0
DA:65,0
DA:67,0
DA:72,0
DA:75,0
DA:89,0
DA:91,0
DA:96,0
DA:106,0
DA:108,0
DA:113,0
DA:120,0
DA:121,0
DA:123,0
DA:127,0
DA:129,0
DA:132,0
DA:133,0
DA:134,0
DA:135,0
DA:136,0
DA:140,0
DA:143,0
DA:144,0
DA:145,0
DA:155,0
DA:156,0
DA:157,0
DA:160,0
DA:161,0
DA:162,0
DA:170,0
DA:173,0
DA:174,0
DA:190,0
DA:191,0
DA:193,0
DA:196,0
DA:197,0
DA:198,0
DA:199,0
DA:200,0
DA:201,0
DA:202,0
DA:207,0
DA:210,0
DA:218,0
DA:220,0
DA:221,0
DA:222,0
DA:231,0
DA:232,0
DA:233,0
DA:234,0
DA:235,0
DA:244,0
DA:245,0
DA:246,0
DA:247,0
DA:248,0
LF:75
LH:0
end_of_record
SF:lib\src\components\checkbox\t_checkbox_theme_data.dart
DA:40,0
DA:53,0
DA:66,0
DA:67,0
DA:68,0
DA:69,0
DA:70,0
DA:71,0
DA:72,0
DA:73,0
DA:74,0
DA:75,0
DA:76,0
DA:80,0
DA:83,0
DA:84,0
DA:85,0
DA:86,0
DA:87,0
DA:88,0
DA:89,0
DA:91,0
DA:92,0
DA:94,0
DA:95,0
LF:25
LH:0
end_of_record
SF:lib\src\components\collapse\t_collapse.dart
DA:24,0
DA:33,0
DA:57,0
DA:58,0
DA:65,0
DA:66,0
DA:68,0
DA:70,0
DA:71,0
DA:72,0
DA:75,0
DA:77,0
DA:79,0
DA:83,0
DA:85,0
DA:88,0
DA:89,0
DA:93,0
DA:95,0
DA:97,0
DA:98,0
DA:102,0
DA:104,0
DA:107,0
DA:108,0
DA:112,0
DA:114,0
DA:116,0
DA:117,0
DA:118,0
DA:119,0
DA:120,0
DA:123,0
DA:124,0
DA:126,0
DA:127,0
DA:130,0
DA:132,0
DA:133,0
DA:135,0
DA:136,0
DA:137,0
DA:139,0
DA:140,0
DA:141,0
DA:142,0
DA:143,0
DA:145,0
DA:146,0
DA:147,0
DA:148,0
DA:149,0
DA:150,0
DA:153,0
DA:166,0
DA:167,0
DA:168,0
DA:169,0
DA:171,0
DA:172,0
DA:173,0
DA:182,0
DA:185,0
DA:187,0
DA:192,0
DA:193,0
DA:197,0
DA:199,0
DA:203,0
DA:204,0
DA:205,0
DA:207,0
DA:209,0
DA:210,0
DA:218,0
DA:219,0
DA:221,0
DA:225,0
DA:226,0
DA:228,0
DA:230,0
DA:233,0
DA:235,0
DA:241,0
DA:242,0
DA:244,0
DA:245,0
DA:248,0
DA:251,0
DA:252,0
DA:254,0
DA:259,0
DA:260,0
DA:261,0
DA:262,0
DA:263,0
DA:264,0
DA:265,0
DA:269,0
DA:270,0
DA:274,0
DA:277,0
DA:279,0
DA:280,0
DA:285,0
DA:287,0
DA:288,0
DA:290,0
DA:291,0
DA:292,0
DA:293,0
DA:294,0
DA:295,0
DA:296,0
DA:299,0
DA:303,0
DA:304,0
DA:305,0
DA:306,0
DA:308,0
DA:309,0
DA:311,0
DA:316,0
DA:317,0
DA:318,0
DA:322,0
DA:324,0
DA:325,0
DA:332,0
DA:333,0
DA:334,0
DA:335,0
LF:132
LH:0
end_of_record
SF:lib\src\components\collapse\t_collapse_theme_data.dart
DA:22,0
DA:30,0
DA:38,0
DA:39,0
DA:40,0
DA:41,0
DA:42,0
DA:43,0
DA:47,0
DA:49,0
DA:50,0
DA:51,0
DA:52,0
DA:53,0
DA:54,0
DA:55,0
LF:16
LH:0
end_of_record
SF:lib\src\components\collapse\t_collapse_salted_key.dart
DA:10,0
DA:15,0
DA:17,0
DA:19,0
DA:22,0
DA:23,0
DA:25,0
DA:28,0
DA:29,0
DA:30,0
LF:10
LH:0
end_of_record
SF:lib\src\components\collapse\t_inset_divider.dart
DA:9,2
DA:11,0
DA:13,0
DA:15,0
DA:16,0
DA:17,0
LF:6
LH:1
end_of_record
SF:lib\src\components\collapse\t_nonanimated_expand_icon.dart
DA:4,0
DA:8,0
DA:13,0
DA:14,0
DA:15,0
DA:17,0
DA:22,0
DA:24,0
DA:25,0
DA:27,0
DA:29,0
LF:11
LH:0
end_of_record
SF:lib\src\components\collapse\t_collapse_panel.dart
DA:11,0
DA:29,0
LF:2
LH:0
end_of_record
SF:lib\src\components\date_time_picker\t_date_time_picker.dart
DA:26,1
DA:38,1
DA:98,1
DA:99,1
DA:108,1
DA:110,1
DA:111,1
DA:112,2
DA:113,3
DA:116,1
DA:117,1
DA:118,3
DA:119,1
DA:120,3
DA:121,3
DA:122,2
DA:126,1
DA:127,2
DA:129,1
DA:130,4
DA:132,1
DA:134,1
DA:136,2
DA:139,1
DA:141,1
DA:143,6
DA:144,4
DA:146,8
DA:147,4
DA:148,4
DA:149,4
DA:161,2
DA:162,3
DA:163,3
DA:164,3
DA:165,3
DA:166,2
DA:168,1
DA:170,3
DA:171,3
DA:172,3
DA:173,3
DA:174,2
DA:176,1
DA:180,1
DA:185,1
DA:186,3
DA:189,1
DA:190,3
DA:193,1
DA:197,3
DA:200,3
DA:201,3
DA:208,1
DA:210,2
DA:211,3
DA:212,3
DA:213,1
DA:214,1
DA:215,1
DA:216,1
DA:217,4
DA:218,2
DA:219,2
DA:220,2
DA:221,2
DA:222,2
DA:224,1
DA:227,1
DA:231,2
DA:232,2
DA:233,2
DA:234,2
DA:235,2
DA:236,1
LF:75
LH:75
end_of_record
SF:lib\src\components\date_time_picker\t_date_time_picker_enums.dart
DA:37,0
DA:64,1
DA:67,2
DA:68,1
DA:69,1
DA:70,2
DA:71,2
DA:72,2
DA:76,1
DA:81,1
DA:84,1
DA:85,3
DA:86,3
DA:87,3
DA:88,3
DA:89,3
DA:90,0
DA:92,1
DA:93,7
LF:19
LH:17
end_of_record
SF:lib\src\components\date_time_picker\t_date_time_picker_snapshot.part.dart
DA:19,1
DA:23,1
DA:29,1
DA:36,2
DA:39,2
DA:40,1
DA:42,1
DA:43,0
DA:45,1
DA:46,1
DA:47,1
DA:55,1
DA:56,1
DA:81,1
DA:85,1
DA:86,2
DA:87,2
DA:90,1
DA:91,1
DA:92,1
DA:93,2
DA:94,1
DA:96,1
DA:109,1
DA:115,3
DA:116,1
DA:118,1
DA:122,1
DA:124,1
DA:125,1
DA:127,1
DA:134,1
DA:140,1
DA:141,1
DA:146,1
DA:148,1
DA:149,1
DA:151,1
DA:163,1
DA:171,1
DA:172,1
DA:173,1
DA:174,2
DA:175,2
DA:179,1
DA:180,1
DA:181,1
DA:188,1
DA:192,1
DA:201,5
DA:202,1
DA:203,1
DA:204,1
DA:205,2
DA:208,1
DA:209,1
DA:210,1
DA:219,1
DA:221,4
DA:222,2
DA:223,2
DA:224,1
DA:226,1
DA:228,1
DA:230,1
DA:232,1
DA:234,1
DA:238,1
DA:251,1
DA:257,1
DA:262,1
DA:267,1
DA:273,3
DA:274,0
DA:276,1
DA:278,4
DA:279,2
DA:280,1
DA:282,5
DA:283,5
DA:284,5
DA:285,1
DA:288,1
DA:290,1
DA:293,1
DA:294,1
DA:296,1
DA:298,1
DA:301,1
DA:302,1
DA:304,6
DA:305,1
DA:311,1
DA:314,1
DA:315,3
DA:316,3
DA:317,3
DA:319,1
DA:320,5
DA:322,1
DA:323,1
DA:324,2
DA:325,1
DA:331,1
DA:332,1
DA:335,1
DA:341,1
DA:342,3
DA:345,1
DA:347,1
DA:348,2
DA:349,1
DA:350,2
DA:351,2
DA:352,2
DA:353,2
DA:354,2
DA:355,2
DA:358,1
DA:362,1
DA:367,1
DA:368,1
DA:369,1
DA:370,1
DA:371,1
DA:372,1
DA:373,5
DA:374,1
DA:375,1
DA:376,1
DA:377,1
DA:378,1
DA:379,1
DA:380,1
DA:381,1
DA:382,1
DA:383,1
DA:384,1
DA:385,1
DA:386,1
DA:389,1
DA:390,1
DA:393,1
DA:399,1
DA:411,1
DA:412,1
DA:420,1
DA:421,0
DA:422,0
DA:423,0
DA:425,0
DA:429,0
DA:433,1
DA:435,1
DA:436,1
DA:440,0
DA:444,1
DA:452,1
DA:454,0
DA:455,0
DA:456,0
DA:457,0
DA:458,0
DA:459,0
DA:461,0
DA:462,0
DA:463,0
DA:468,1
DA:470,1
DA:471,1
DA:474,1
DA:478,1
DA:484,1
DA:488,1
DA:491,1
DA:499,1
DA:502,1
DA:505,1
DA:506,1
DA:507,2
DA:508,1
DA:509,1
DA:519,1
DA:520,1
DA:521,0
DA:522,0
DA:523,0
DA:524,0
DA:534,1
DA:535,2
DA:536,1
DA:537,1
DA:549,1
DA:558,1
DA:561,1
DA:564,1
DA:565,1
DA:567,0
DA:568,0
DA:569,0
DA:570,0
DA:571,0
DA:581,1
DA:582,2
DA:583,1
DA:584,1
DA:585,1
DA:586,1
DA:597,1
DA:605,1
DA:609,1
DA:612,1
DA:619,1
DA:623,2
DA:624,2
LF:215
LH:189
end_of_record
SF:lib\src\components\date_time_picker\t_date_time_picker_labels.part.dart
DA:14,3
DA:30,1
DA:36,2
DA:37,2
DA:42,1
DA:43,1
DA:44,1
DA:45,1
DA:46,1
DA:47,1
DA:48,1
DA:49,1
DA:50,1
DA:52,1
DA:56,1
DA:57,3
DA:59,4
DA:61,1
DA:62,1
DA:63,4
DA:64,2
DA:69,1
DA:70,2
DA:71,2
DA:72,2
DA:73,2
DA:74,2
DA:75,2
DA:76,2
DA:80,1
DA:83,1
DA:84,3
DA:85,3
DA:87,1
DA:88,1
DA:89,5
DA:96,1
DA:101,4
DA:103,1
DA:106,7
DA:108,1
DA:109,3
DA:115,2
DA:119,1
DA:120,1
DA:122,1
DA:123,1
DA:124,1
DA:126,1
DA:127,1
DA:128,1
DA:130,1
DA:131,1
DA:132,1
DA:133,1
DA:137,1
DA:138,1
DA:139,1
DA:141,1
DA:142,1
DA:143,1
DA:145,1
DA:146,1
DA:147,1
DA:148,1
DA:152,2
DA:155,1
LF:67
LH:67
end_of_record
SF:lib\src\components\date_time_picker\t_date_time_picker_bounds.part.dart
DA:9,71
DA:14,4
DA:17,1
DA:18,1
DA:20,1
DA:21,6
DA:23,1
DA:24,4
DA:26,1
DA:27,4
DA:29,1
DA:30,4
DA:32,1
DA:33,1
DA:34,1
DA:35,1
DA:38,1
DA:46,1
DA:48,1
DA:49,1
DA:54,2
DA:55,2
DA:56,1
DA:57,1
DA:59,2
DA:60,4
DA:61,4
DA:63,2
DA:64,1
DA:65,1
DA:66,1
DA:69,2
DA:70,1
DA:71,2
DA:73,1
DA:74,1
DA:75,2
DA:76,2
DA:77,2
DA:79,2
DA:80,2
DA:81,1
DA:82,1
DA:85,2
DA:86,2
DA:87,1
DA:88,1
DA:94,1
DA:101,4
DA:102,2
DA:103,4
DA:104,4
DA:106,2
DA:107,2
DA:108,2
DA:114,1
DA:115,1
DA:118,1
DA:119,1
DA:122,0
DA:123,0
DA:126,0
DA:127,0
DA:130,0
DA:131,0
DA:134,1
DA:135,1
DA:138,1
DA:139,1
DA:141,1
DA:142,0
DA:144,1
DA:145,0
DA:147,1
DA:148,5
DA:149,1
DA:150,0
DA:152,1
DA:158,1
DA:166,1
DA:168,1
DA:170,1
DA:171,1
DA:172,1
DA:173,1
DA:174,1
DA:175,1
DA:177,2
DA:178,1
DA:186,1
DA:189,1
DA:191,1
DA:192,3
DA:193,1
DA:194,3
DA:195,1
DA:196,3
DA:197,1
DA:198,3
DA:199,1
DA:200,3
DA:201,1
DA:202,3
DA:204,1
DA:207,1
DA:208,1
DA:211,1
DA:212,1
LF:108
LH:99
end_of_record
SF:lib\src\components\date_time_picker\t_date_time_picker_model.dart
DA:20,1
DA:25,1
DA:28,1
DA:42,1
DA:74,1
DA:75,1
DA:76,1
DA:77,1
DA:78,1
DA:79,1
DA:80,1
DA:81,7
DA:84,1
DA:88,1
DA:89,1
DA:90,1
DA:91,2
DA:92,2
DA:93,2
DA:94,2
DA:98,1
DA:101,1
DA:102,3
DA:103,3
DA:104,3
DA:105,3
DA:106,3
DA:107,3
DA:109,1
DA:110,7
DA:112,1
DA:113,1
DA:114,3
DA:115,3
LF:34
LH:34
end_of_record
SF:lib\src\components\date_time_picker\t_date_time_picker_wheel.dart
DA:20,1
DA:48,1
DA:49,1
DA:60,6
DA:62,1
DA:64,1
DA:65,3
DA:66,1
DA:69,3
DA:71,1
DA:72,2
DA:73,3
DA:74,3
DA:76,2
DA:77,2
DA:78,2
DA:79,1
DA:80,2
DA:81,2
DA:84,2
DA:85,2
DA:86,2
DA:88,5
DA:89,1
DA:90,4
DA:93,1
DA:96,0
DA:98,0
DA:99,0
DA:100,0
DA:101,0
DA:102,0
DA:103,0
DA:104,0
DA:105,0
DA:106,0
DA:107,0
DA:110,0
DA:111,0
DA:113,0
DA:114,0
DA:115,0
DA:116,0
DA:117,0
DA:118,0
DA:124,1
DA:126,2
DA:127,1
DA:129,1
DA:132,1
DA:133,3
DA:134,2
DA:138,1
DA:141,1
DA:143,1
DA:144,2
DA:146,2
DA:147,2
DA:148,2
DA:150,1
DA:152,2
DA:153,2
DA:154,2
DA:156,2
DA:158,0
DA:160,1
DA:164,1
DA:166,2
DA:167,3
DA:169,1
DA:170,0
DA:173,0
DA:176,2
DA:177,4
DA:180,0
DA:181,0
DA:184,0
DA:185,0
DA:186,0
DA:187,0
DA:190,0
DA:193,1
DA:194,2
DA:196,2
DA:197,2
DA:198,2
DA:199,1
DA:200,2
DA:201,2
DA:203,2
DA:204,2
DA:206,1
DA:207,2
DA:209,3
DA:210,1
DA:211,2
DA:213,2
DA:214,2
DA:215,0
DA:219,3
DA:220,1
DA:225,3
DA:228,0
DA:229,0
DA:230,0
DA:236,0
DA:237,0
DA:238,0
DA:239,0
DA:243,1
DA:244,3
DA:248,6
DA:249,1
DA:253,0
DA:254,0
DA:259,1
DA:260,3
DA:263,3
DA:264,3
DA:271,0
DA:273,0
DA:275,0
DA:276,0
DA:277,0
DA:283,1
DA:285,1
DA:288,1
DA:289,2
DA:290,1
DA:291,1
DA:292,4
DA:293,1
DA:300,1
DA:301,1
DA:302,1
DA:303,2
DA:304,1
DA:305,1
DA:307,0
DA:309,0
DA:311,1
DA:312,1
DA:313,2
DA:315,2
DA:316,2
DA:317,1
DA:319,1
DA:320,1
DA:327,1
DA:328,3
DA:329,3
DA:331,2
DA:332,2
DA:333,2
DA:334,2
DA:335,2
DA:336,2
DA:341,1
DA:342,3
DA:345,4
DA:346,4
DA:350,1
DA:351,3
DA:354,4
DA:355,6
DA:356,1
DA:359,4
LF:167
LH:121
end_of_record
SF:lib\src\theme\resource_delegate.dart
DA:21,11
DA:22,11
DA:23,8
DA:25,4
DA:27,8
DA:32,3
DA:33,2
DA:39,11
DA:40,11
DA:45,24
DA:48,1
DA:49,1
DA:52,4
DA:53,4
DA:54,4
DA:223,0
DA:226,0
DA:229,0
DA:232,0
DA:235,0
DA:238,0
DA:241,0
DA:244,0
DA:247,0
DA:250,1
DA:253,0
DA:256,0
DA:259,0
DA:262,0
DA:265,0
DA:268,1
DA:271,1
DA:274,1
DA:277,0
DA:280,1
DA:283,1
DA:286,1
DA:289,1
DA:292,4
DA:295,4
DA:298,4
DA:301,4
DA:304,4
DA:307,4
DA:310,4
DA:313,3
DA:316,3
DA:319,3
DA:322,3
DA:325,3
DA:328,3
DA:331,3
DA:334,3
DA:337,3
DA:340,3
DA:343,3
DA:346,3
DA:349,3
DA:352,0
DA:355,0
DA:358,0
DA:361,1
DA:364,0
DA:367,1
DA:370,1
DA:373,0
DA:376,1
DA:379,1
DA:380,1
LF:69
LH:49
end_of_record
SF:lib\src\components\picker\picker_data.dart
DA:10,2
DA:16,2
DA:23,1
DA:27,1
DA:28,1
DA:34,1
DA:37,1
DA:38,3
DA:39,3
DA:42,1
DA:47,3
DA:50,3
DA:51,3
DA:58,1
DA:59,2
DA:65,1
DA:72,1
DA:76,1
DA:77,1
DA:83,1
DA:86,1
DA:87,3
DA:88,3
DA:91,1
DA:96,3
DA:99,2
DA:100,2
DA:101,2
DA:102,5
DA:103,5
DA:110,1
DA:114,0
DA:115,0
DA:117,0
DA:118,0
DA:120,0
DA:123,1
DA:124,2
DA:125,2
DA:126,5
LF:40
LH:35
end_of_record
SF:lib\src\components\picker\picker_option.dart
DA:6,2
DA:21,2
DA:24,2
DA:25,6
DA:26,6
DA:27,3
DA:28,3
DA:30,1
DA:31,4
DA:33,1
DA:34,3
LF:11
LH:11
end_of_record
SF:lib\src\components\picker\multi_wheel_layout.dart
DA:14,2
DA:30,2
DA:32,2
DA:33,2
DA:34,2
DA:36,2
DA:38,2
DA:39,2
DA:40,8
DA:41,2
DA:42,2
DA:43,2
DA:44,2
DA:45,2
DA:46,2
DA:47,4
DA:51,2
DA:52,4
DA:53,2
DA:54,2
DA:55,4
LF:21
LH:21
end_of_record
SF:lib\src\components\picker\wheel_behavior.dart
DA:13,2
DA:16,4
DA:19,2
DA:23,2
DA:25,2
DA:26,2
DA:27,2
DA:28,2
DA:29,2
DA:30,2
LF:10
LH:10
end_of_record
SF:lib\src\components\picker\wheel_column.dart
DA:34,2
DA:68,2
DA:69,2
DA:74,3
DA:86,2
DA:87,5
DA:90,0
DA:98,0
DA:99,0
DA:102,0
DA:105,0
DA:106,0
DA:112,2
DA:114,2
DA:115,6
DA:116,6
DA:119,2
DA:121,2
DA:123,8
DA:124,8
DA:127,0
DA:128,0
DA:129,0
DA:134,2
DA:140,4
DA:143,2
DA:144,4
DA:145,2
DA:146,2
DA:153,1
DA:157,3
DA:158,1
DA:159,1
DA:166,0
DA:167,0
DA:170,0
DA:171,0
DA:172,0
DA:173,0
DA:176,0
DA:185,1
DA:186,5
DA:192,2
DA:195,2
DA:196,4
DA:199,1
DA:200,4
DA:203,2
DA:204,6
DA:215,1
DA:216,2
DA:217,1
DA:218,4
DA:221,1
DA:222,3
DA:226,0
DA:229,1
DA:230,3
DA:233,2
DA:234,2
DA:238,1
DA:239,1
DA:242,3
DA:243,2
DA:246,1
DA:247,1
DA:249,1
DA:250,3
DA:251,3
DA:252,0
DA:256,2
DA:257,1
DA:261,1
DA:263,1
DA:266,2
DA:267,1
DA:270,1
DA:274,2
DA:277,0
DA:278,1
DA:279,0
DA:280,0
DA:286,2
DA:287,10
DA:290,4
DA:291,2
DA:292,6
DA:293,6
DA:296,1
DA:299,2
DA:300,2
DA:301,2
DA:303,4
DA:305,4
DA:312,2
DA:313,2
DA:314,12
DA:317,2
DA:319,4
DA:323,2
DA:324,4
DA:326,2
DA:327,4
DA:330,4
DA:332,2
DA:333,2
DA:334,4
DA:335,4
DA:336,6
DA:337,2
DA:338,4
DA:340,4
DA:341,6
DA:342,4
DA:347,2
DA:350,2
DA:351,2
DA:352,2
DA:353,2
LF:119
LH:98
end_of_record
SF:lib\src\components\dialog\t_confirm_dialog.dart
DA:17,1
DA:37,1
DA:92,1
DA:93,1
DA:94,0
DA:96,2
DA:97,1
DA:99,1
DA:102,1
DA:103,1
DA:104,1
DA:108,1
DA:109,0
DA:110,0
DA:111,0
DA:113,0
DA:120,1
DA:122,1
DA:123,3
DA:124,1
DA:126,1
DA:127,1
DA:128,1
DA:129,2
DA:131,1
DA:139,1
DA:142,2
DA:144,1
DA:145,1
DA:146,1
DA:147,1
DA:148,1
DA:149,2
DA:150,2
DA:152,1
DA:154,1
DA:156,1
DA:157,1
DA:158,1
DA:159,1
DA:160,1
DA:161,1
DA:162,1
DA:164,2
DA:165,0
DA:166,2
DA:167,1
DA:171,1
LF:48
LH:42
end_of_record
SF:lib\src\components\dialog\t_dialog_widget.dart
DA:14,1
DA:21,1
DA:38,1
DA:40,1
DA:41,1
DA:43,1
DA:44,1
DA:45,1
DA:47,3
DA:48,3
DA:50,1
DA:51,1
DA:52,1
DA:53,1
DA:54,1
DA:57,1
DA:58,1
DA:59,1
DA:61,1
DA:64,1
DA:65,1
DA:68,2
DA:73,1
DA:84,1
DA:88,1
DA:96,1
DA:99,1
DA:100,1
DA:101,3
DA:103,1
DA:111,1
DA:115,1
DA:123,1
DA:126,1
DA:127,1
DA:128,1
DA:129,1
DA:137,1
DA:147,1
DA:173,1
DA:176,2
DA:177,1
DA:178,1
DA:179,1
DA:181,1
DA:182,1
DA:183,1
DA:184,1
DA:185,1
DA:186,1
DA:187,1
DA:190,2
DA:191,1
DA:192,1
DA:193,2
DA:194,2
DA:195,1
DA:196,1
DA:199,1
DA:200,1
DA:201,1
DA:203,1
DA:204,1
DA:205,1
DA:206,2
DA:219,0
DA:223,0
DA:231,0
DA:234,0
DA:236,0
DA:238,0
DA:239,0
DA:240,0
DA:241,0
DA:242,0
DA:243,0
DA:244,0
DA:245,0
DA:246,0
DA:247,0
DA:248,0
DA:249,0
DA:250,0
DA:251,0
DA:253,0
DA:259,0
DA:260,0
DA:261,0
DA:262,0
DA:263,0
DA:264,0
DA:265,0
DA:266,0
DA:267,0
DA:268,0
DA:269,0
DA:270,0
DA:271,0
DA:273,0
DA:286,0
DA:290,0
DA:298,0
DA:301,0
DA:302,0
DA:304,0
DA:306,0
DA:307,0
DA:308,0
DA:309,0
DA:310,0
DA:311,0
DA:312,0
DA:313,0
DA:314,0
DA:317,0
DA:318,0
DA:319,0
DA:320,0
DA:322,0
DA:331,0
DA:332,0
DA:333,0
DA:334,0
DA:335,0
DA:336,0
DA:337,0
DA:338,0
DA:340,0
DA:341,0
DA:342,0
DA:343,0
DA:345,0
DA:359,1
DA:372,1
DA:407,1
DA:409,1
DA:410,1
DA:411,1
DA:412,1
DA:413,1
DA:414,1
DA:415,1
DA:416,1
DA:417,1
DA:418,1
DA:419,1
DA:425,1
DA:426,1
DA:427,1
DA:428,1
LF:150
LH:83
end_of_record
SF:lib\src\components\dialog\t_dialog.dart
DA:24,0
LF:1
LH:0
end_of_record
SF:lib\src\components\dialog\t_dialog_theme_data.dart
DA:38,0
DA:52,0
DA:54,0
DA:55,0
DA:56,0
DA:57,0
DA:58,0
DA:59,0
DA:60,0
DA:61,0
DA:62,0
DA:63,0
DA:64,0
DA:68,0
DA:81,0
DA:82,0
DA:83,0
DA:84,0
DA:85,0
DA:86,0
DA:87,0
DA:88,0
DA:89,0
DA:90,0
DA:91,0
DA:95,0
DA:97,0
DA:98,0
DA:99,0
DA:100,0
DA:101,0
DA:102,0
DA:103,0
DA:105,0
DA:107,0
DA:108,0
DA:110,0
DA:111,0
DA:115,0
DA:117,0
LF:40
LH:0
end_of_record
SF:lib\src\components\divider\t_divider.dart
DA:36,1
DA:59,4
DA:63,8
DA:64,8
DA:66,4
DA:70,13
DA:71,5
DA:72,1
DA:73,1
DA:74,1
DA:75,1
DA:76,1
DA:81,4
DA:83,1
DA:84,4
DA:86,1
DA:87,1
DA:88,1
DA:98,4
DA:99,4
DA:110,1
DA:117,4
DA:126,1
DA:128,1
DA:129,1
DA:133,4
DA:138,1
DA:139,1
DA:151,1
DA:152,1
DA:156,1
DA:165,1
DA:167,1
DA:169,1
DA:174,1
DA:178,1
DA:179,1
DA:181,1
DA:185,1
DA:186,1
DA:189,1
DA:190,1
DA:192,1
DA:198,1
DA:199,1
DA:201,1
DA:202,1
DA:204,1
DA:205,1
DA:209,1
LF:50
LH:50
end_of_record
SF:lib\src\components\divider\t_divider_painter.dart
DA:9,1
DA:28,1
DA:30,1
DA:31,2
DA:32,1
DA:33,2
DA:35,1
DA:36,2
DA:41,1
DA:42,2
DA:43,2
DA:46,1
DA:47,1
DA:48,1
DA:58,0
DA:60,0
DA:61,0
DA:62,0
DA:63,0
LF:19
LH:14
end_of_record
SF:lib\src\components\divider\t_divider_theme_data.dart
DA:31,1
DA:41,1
DA:51,1
DA:52,1
DA:53,1
DA:54,1
DA:55,1
DA:56,1
DA:57,1
DA:58,1
DA:62,1
DA:64,1
DA:67,1
DA:68,3
DA:69,3
DA:70,3
DA:71,3
DA:72,3
DA:73,3
DA:74,3
LF:20
LH:20
end_of_record
SF:lib\src\components\drawer\t_drawer.dart
DA:18,1
DA:39,2
DA:40,1
DA:106,1
DA:107,3
DA:112,1
DA:113,2
DA:117,1
DA:118,1
DA:119,1
DA:120,2
DA:123,2
DA:124,2
DA:125,2
DA:127,2
DA:128,1
DA:129,1
DA:131,2
DA:136,1
DA:137,1
DA:138,1
DA:139,1
DA:140,1
DA:141,1
DA:142,1
DA:143,1
DA:144,2
DA:145,2
DA:146,2
DA:147,2
DA:148,2
DA:150,2
DA:156,1
DA:157,1
DA:160,1
DA:162,2
DA:165,1
DA:166,1
DA:167,2
LF:39
LH:39
end_of_record
SF:lib\src\components\drawer\t_drawer_theme_data.dart
DA:30,2
DA:39,1
DA:48,1
DA:49,0
DA:50,0
DA:51,1
DA:52,1
DA:53,1
DA:54,1
DA:58,1
DA:60,1
DA:63,1
DA:64,3
DA:65,3
DA:66,2
DA:68,2
DA:69,2
DA:70,2
LF:18
LH:16
end_of_record
SF:lib\src\components\drawer\t_drawer_widget.dart
DA:16,1
DA:68,1
DA:70,1
DA:72,1
DA:74,1
DA:75,3
DA:77,1
DA:78,1
DA:79,1
DA:80,2
DA:82,1
DA:83,1
DA:84,1
DA:85,1
DA:86,1
DA:87,1
DA:88,1
DA:91,4
DA:96,1
DA:97,1
DA:98,1
DA:99,1
DA:100,1
DA:101,1
DA:102,1
DA:103,1
DA:106,1
DA:107,0
DA:110,1
DA:111,1
DA:112,3
DA:113,1
DA:119,1
DA:120,3
DA:121,1
DA:130,1
LF:36
LH:35
end_of_record
SF:lib\src\components\dropdown_menu\t_dropdown_inherited.dart
DA:9,0
DA:10,0
DA:18,0
DA:24,0
DA:25,0
LF:5
LH:0
end_of_record
SF:lib\src\components\dropdown_menu\t_dropdown_item.dart
DA:23,0
DA:24,0
DA:28,0
DA:30,0
DA:33,0
DA:40,0
DA:41,0
DA:45,0
DA:46,0
DA:50,0
DA:51,0
DA:57,0
DA:76,0
DA:131,0
DA:132,0
DA:133,0
DA:135,0
DA:136,0
DA:137,0
DA:139,0
DA:140,0
DA:142,0
DA:143,0
DA:144,0
DA:146,0
DA:147,0
DA:148,0
DA:150,0
DA:158,0
DA:160,0
DA:161,0
DA:164,0
DA:166,0
DA:167,0
DA:168,0
DA:169,0
DA:171,0
DA:172,0
DA:173,0
DA:176,0
DA:177,0
DA:178,0
DA:179,0
DA:180,0
DA:181,0
DA:182,0
DA:184,0
DA:185,0
DA:186,0
DA:187,0
DA:188,0
DA:189,0
DA:190,0
DA:191,0
DA:192,0
DA:193,0
DA:194,0
DA:195,0
DA:197,0
DA:198,0
DA:201,0
DA:202,0
DA:203,0
DA:204,0
DA:205,0
DA:206,0
DA:207,0
DA:208,0
DA:209,0
DA:210,0
DA:211,0
DA:213,0
DA:215,0
DA:219,0
DA:220,0
DA:221,0
DA:222,0
DA:224,0
DA:225,0
DA:226,0
DA:227,0
DA:228,0
DA:229,0
DA:230,0
DA:232,0
DA:233,0
DA:234,0
DA:235,0
DA:236,0
DA:237,0
DA:238,0
DA:255,0
DA:260,0
DA:261,0
DA:262,0
DA:263,0
DA:265,0
DA:266,0
DA:267,0
DA:268,0
DA:269,0
DA:270,0
DA:271,0
DA:272,0
DA:273,0
DA:279,0
DA:280,0
DA:281,0
DA:282,0
DA:283,0
DA:284,0
DA:285,0
DA:286,0
DA:287,0
DA:294,0
DA:295,0
DA:299,0
DA:300,0
DA:301,0
DA:302,0
DA:303,0
DA:304,0
DA:305,0
DA:306,0
DA:307,0
DA:309,0
DA:312,0
DA:313,0
DA:314,0
DA:315,0
DA:316,0
DA:319,0
DA:320,0
DA:324,0
DA:325,0
DA:326,0
DA:335,0
DA:336,0
DA:338,0
DA:339,0
DA:340,0
DA:341,0
DA:342,0
DA:343,0
DA:346,0
DA:347,0
DA:348,0
DA:354,0
DA:357,0
DA:358,0
DA:359,0
DA:360,0
DA:362,0
DA:363,0
DA:364,0
DA:368,0
DA:369,0
DA:370,0
DA:371,0
DA:373,0
DA:374,0
DA:375,0
DA:376,0
DA:385,0
DA:386,0
DA:387,0
DA:388,0
DA:390,0
DA:391,0
DA:393,0
DA:396,0
DA:397,0
DA:398,0
DA:399,0
DA:400,0
DA:401,0
DA:403,0
DA:405,0
DA:406,0
DA:411,0
DA:412,0
DA:413,0
DA:414,0
DA:416,0
DA:417,0
DA:418,0
DA:419,0
DA:422,0
DA:424,0
DA:425,0
DA:426,0
DA:427,0
DA:431,0
DA:432,0
DA:433,0
DA:435,0
DA:438,0
DA:439,0
DA:440,0
DA:442,0
DA:445,0
DA:446,0
DA:447,0
DA:453,0
LF:204
LH:0
end_of_record
SF:lib\src\components\dropdown_menu\t_dropdown_menu.dart
DA:35,0
DA:53,0
DA:103,0
DA:104,0
DA:115,0
DA:117,0
DA:118,0
DA:121,0
DA:123,0
DA:124,0
DA:126,0
DA:129,0
DA:131,0
DA:132,0
DA:133,0
DA:134,0
DA:138,0
DA:140,0
DA:141,0
DA:144,0
DA:145,0
DA:146,0
DA:147,0
DA:148,0
DA:149,0
DA:154,0
DA:155,0
DA:156,0
DA:157,0
DA:158,0
DA:159,0
DA:160,0
DA:165,0
DA:166,0
DA:167,0
DA:168,0
DA:169,0
DA:170,0
DA:171,0
DA:172,0
DA:173,0
DA:182,0
DA:183,0
DA:184,0
DA:185,0
DA:188,0
DA:189,0
DA:190,0
DA:191,0
DA:193,0
DA:194,0
DA:195,0
DA:197,0
DA:200,0
DA:201,0
DA:202,0
DA:203,0
DA:206,0
DA:207,0
DA:208,0
DA:209,0
DA:210,0
DA:211,0
DA:213,0
DA:215,0
DA:216,0
DA:219,0
DA:221,0
DA:223,0
DA:224,0
DA:226,0
DA:227,0
DA:228,0
DA:234,0
DA:235,0
DA:236,0
DA:237,0
DA:239,0
DA:241,0
DA:248,0
DA:249,0
DA:250,0
DA:251,0
DA:254,0
DA:255,0
DA:256,0
DA:258,0
DA:262,0
DA:263,0
DA:267,0
DA:268,0
DA:272,0
DA:273,0
DA:277,0
DA:279,0
DA:280,0
DA:282,0
DA:283,0
DA:284,0
DA:285,0
DA:286,0
DA:287,0
DA:288,0
DA:289,0
DA:291,0
DA:292,0
DA:295,0
DA:296,0
DA:297,0
DA:298,0
DA:299,0
DA:300,0
DA:301,0
DA:302,0
DA:308,0
DA:309,0
DA:310,0
DA:313,0
DA:314,0
DA:315,0
DA:316,0
DA:317,0
DA:320,0
DA:321,0
DA:322,0
LF:125
LH:0
end_of_record
SF:lib\src\components\dropdown_menu\t_dropdown_popup.dart
DA:20,0
DA:74,0
DA:77,0
DA:78,0
DA:79,0
DA:81,0
DA:82,0
DA:83,0
DA:84,0
DA:85,0
DA:86,0
DA:87,0
DA:88,0
DA:89,0
DA:90,0
DA:91,0
DA:93,0
DA:94,0
DA:95,0
DA:97,0
DA:98,0
DA:100,0
DA:101,0
DA:102,0
DA:103,0
DA:105,0
DA:106,0
DA:107,0
DA:109,0
DA:110,0
DA:115,0
DA:116,0
DA:117,0
DA:118,0
DA:119,0
DA:120,0
DA:121,0
DA:122,0
DA:123,0
DA:124,0
DA:126,0
DA:128,0
DA:131,0
DA:134,0
DA:135,0
DA:136,0
DA:139,0
DA:141,0
DA:142,0
DA:144,0
DA:146,0
DA:147,0
DA:148,0
DA:149,0
DA:150,0
DA:152,0
DA:154,0
DA:155,0
DA:156,0
DA:158,0
DA:159,0
DA:160,0
DA:161,0
DA:162,0
DA:163,0
DA:164,0
DA:165,0
DA:167,0
DA:173,0
DA:174,0
DA:175,0
DA:176,0
DA:179,0
DA:180,0
DA:181,0
DA:182,0
DA:183,0
DA:184,0
DA:188,0
DA:194,0
DA:195,0
DA:196,0
DA:197,0
DA:200,0
DA:201,0
DA:202,0
DA:208,0
DA:209,0
DA:210,0
DA:211,0
DA:218,0
DA:219,0
DA:222,0
DA:226,0
DA:227,0
DA:228,0
DA:236,0
DA:238,0
DA:240,0
DA:243,0
DA:245,0
DA:246,0
LF:102
LH:0
end_of_record
SF:lib\src\components\tag\t_select_tag.dart
DA:10,0
DA:18,0
DA:38,0
DA:39,0
DA:43,0
DA:45,0
DA:46,0
DA:47,0
DA:48,0
DA:51,0
DA:52,0
DA:54,0
DA:55,0
DA:58,0
DA:59,0
DA:60,0
DA:61,0
LF:17
LH:0
end_of_record
SF:lib\src\components\dropdown_menu\t_dropdown_panel.dart
DA:11,0
DA:23,0
DA:55,0
DA:56,0
DA:63,0
DA:65,0
DA:66,0
DA:67,0
DA:70,0
DA:72,0
DA:73,0
DA:74,0
DA:78,0
DA:80,0
DA:81,0
DA:84,0
DA:86,0
DA:87,0
DA:88,0
DA:89,0
DA:90,0
DA:91,0
DA:92,0
DA:100,0
DA:101,0
DA:104,0
DA:105,0
DA:106,0
DA:107,0
DA:110,0
DA:111,0
DA:112,0
DA:114,0
DA:115,0
DA:117,0
DA:121,0
DA:122,0
DA:124,0
DA:125,0
DA:127,0
DA:133,0
DA:134,0
DA:136,0
DA:138,0
DA:139,0
DA:140,0
DA:141,0
DA:142,0
DA:143,0
DA:144,0
DA:151,0
DA:152,0
DA:153,0
DA:154,0
DA:155,0
DA:159,0
DA:160,0
DA:161,0
DA:162,0
LF:59
LH:0
end_of_record
SF:lib\src\components\dropdown_menu\t_dropdown_theme_data.dart
DA:31,0
DA:42,0
DA:44,0
DA:45,0
DA:46,0
DA:47,0
DA:48,0
DA:49,0
DA:50,0
DA:51,0
DA:52,0
DA:56,0
DA:67,0
DA:68,0
DA:69,0
DA:70,0
DA:71,0
DA:72,0
DA:73,0
DA:74,0
DA:75,0
DA:79,0
DA:81,0
DA:82,0
DA:83,0
DA:84,0
DA:85,0
DA:86,0
DA:87,0
DA:88,0
DA:89,0
DA:90,0
DA:94,0
DA:96,0
LF:34
LH:0
end_of_record
SF:lib\src\components\empty\t_empty.dart
DA:10,1
DA:19,1
DA:43,1
DA:44,2
DA:46,1
DA:48,1
DA:49,0
DA:50,0
DA:51,0
DA:53,1
DA:55,1
DA:57,1
DA:58,1
DA:59,1
DA:60,1
DA:62,2
DA:64,3
DA:65,1
DA:66,1
DA:68,2
DA:69,2
DA:71,2
DA:72,1
DA:73,1
DA:75,1
DA:76,2
DA:79,1
DA:81,1
LF:28
LH:25
end_of_record
SF:lib\src\components\empty\t_empty_theme_data.dart
DA:22,0
DA:29,0
DA:36,0
DA:37,0
DA:38,0
DA:39,0
DA:40,0
DA:44,0
DA:46,0
DA:47,0
DA:48,0
DA:49,0
DA:50,0
DA:51,0
LF:14
LH:0
end_of_record
SF:lib\src\components\fab\t_fab.dart
DA:43,1
DA:107,1
DA:110,2
DA:111,2
DA:114,1
DA:115,1
DA:116,1
DA:117,1
DA:118,1
DA:119,1
DA:120,1
DA:121,1
DA:122,1
DA:123,1
DA:124,1
DA:128,1
DA:130,1
DA:133,1
DA:137,1
DA:139,1
DA:140,1
DA:141,1
DA:142,1
DA:143,1
DA:149,1
DA:150,1
DA:154,1
DA:155,0
DA:157,1
DA:158,0
DA:162,1
DA:166,1
DA:167,1
DA:168,1
LF:34
LH:32
end_of_record
SF:lib\src\components\fab\t_fab_defaults.dart
DA:10,0
DA:27,0
LF:2
LH:0
end_of_record
SF:lib\src\components\fab\t_fab_drag.dart
DA:10,1
DA:19,1
DA:22,1
DA:27,1
DA:28,1
DA:29,1
DA:33,0
DA:46,0
DA:64,0
DA:65,0
DA:73,0
DA:75,0
DA:76,0
DA:77,0
DA:80,0
DA:82,0
DA:83,0
DA:84,0
DA:85,0
DA:86,0
DA:87,0
DA:88,0
DA:89,0
DA:94,0
DA:95,0
DA:98,0
DA:99,0
DA:100,0
DA:102,0
DA:104,0
DA:105,0
DA:106,0
DA:107,0
DA:108,0
DA:111,0
DA:112,0
DA:113,0
DA:114,0
DA:120,0
DA:121,0
DA:125,0
DA:126,0
DA:128,0
DA:129,0
DA:134,0
DA:139,0
DA:140,0
DA:141,0
DA:142,0
DA:144,0
DA:145,0
DA:148,0
DA:149,0
DA:150,0
DA:151,0
DA:152,0
DA:155,0
DA:156,0
DA:158,0
DA:162,0
DA:165,0
DA:166,0
DA:167,0
DA:168,0
DA:174,0
DA:175,0
DA:176,0
DA:179,0
DA:180,0
DA:181,0
DA:183,0
DA:186,0
DA:187,0
DA:188,0
DA:191,0
DA:192,0
DA:193,0
DA:196,0
DA:197,0
LF:79
LH:6
end_of_record
SF:lib\src\components\fab\t_fab_layout.dart
DA:17,0
DA:30,0
DA:50,0
DA:71,1
LF:4
LH:1
end_of_record
SF:lib\src\components\fab\t_fab_resolve.dart
DA:13,0
DA:16,1
DA:31,2
DA:34,1
DA:36,1
DA:41,1
DA:43,1
DA:47,1
DA:63,1
DA:70,1
DA:75,2
DA:76,0
DA:81,1
DA:82,1
DA:85,2
DA:86,1
DA:88,2
DA:89,0
DA:91,2
DA:92,1
DA:94,2
DA:95,0
DA:101,2
DA:103,1
DA:105,1
DA:106,2
DA:107,1
DA:108,3
DA:109,3
DA:110,1
LF:30
LH:26
end_of_record
SF:lib\src\components\fab\t_fab_theme_data.dart
DA:30,1
DA:39,1
DA:48,1
DA:49,0
DA:50,1
DA:51,1
DA:52,1
DA:54,1
DA:55,1
DA:59,1
DA:61,1
DA:64,1
DA:65,3
DA:66,3
DA:68,2
DA:70,2
DA:72,2
DA:73,3
LF:18
LH:17
end_of_record
SF:lib\src\components\footer\t_footer.dart
DA:19,0
DA:26,0
DA:43,0
DA:44,0
DA:49,0
DA:50,0
DA:52,0
DA:54,0
DA:56,0
DA:57,0
DA:58,0
DA:60,0
DA:61,0
DA:62,0
DA:65,0
DA:66,0
DA:70,0
DA:72,0
DA:79,0
DA:80,0
DA:81,0
DA:82,0
DA:84,0
DA:85,0
DA:87,0
DA:93,0
DA:94,0
DA:96,0
DA:97,0
DA:99,0
DA:101,0
DA:102,0
DA:103,0
DA:104,0
DA:105,0
DA:106,0
DA:107,0
DA:109,0
DA:114,0
DA:117,0
DA:119,0
DA:121,0
DA:127,0
DA:128,0
DA:129,0
DA:131,0
DA:133,0
LF:47
LH:0
end_of_record
SF:lib\src\components\footer\t_footer_theme_data.dart
DA:15,0
DA:20,0
DA:25,0
DA:26,0
DA:27,0
DA:31,0
DA:33,0
DA:34,0
DA:35,0
DA:36,0
LF:10
LH:0
end_of_record
SF:lib\src\components\form\t_form.dart
DA:7,1
DA:28,1
DA:97,1
DA:98,1
DA:110,1
DA:112,1
DA:113,3
DA:114,2
DA:115,4
DA:116,4
DA:117,1
DA:118,4
DA:119,1
DA:125,1
DA:126,2
DA:127,2
DA:128,4
DA:129,1
DA:133,1
DA:134,2
DA:135,1
DA:137,3
DA:139,2
DA:143,2
DA:144,1
DA:147,4
DA:151,1
DA:152,3
DA:153,4
DA:162,1
DA:164,3
DA:165,3
DA:166,1
DA:167,3
DA:168,4
DA:170,1
DA:171,2
DA:172,2
DA:173,2
DA:174,1
DA:175,2
DA:176,2
DA:177,2
DA:178,2
DA:179,1
DA:180,0
DA:182,0
DA:184,1
DA:185,1
DA:186,1
DA:187,2
DA:188,3
DA:201,1
DA:202,1
DA:203,1
DA:206,1
DA:207,1
DA:208,1
DA:209,1
LF:59
LH:57
end_of_record
SF:lib\src\components\form\t_form_inherited.dart
DA:19,1
DA:34,1
DA:36,1
DA:37,1
DA:40,1
DA:42,3
DA:43,0
DA:44,0
DA:45,0
DA:46,0
DA:47,0
DA:48,0
DA:49,0
LF:13
LH:6
end_of_record
SF:lib\src\components\form\t_form_item.dart
DA:18,1
DA:42,1
DA:109,1
DA:110,1
DA:114,1
DA:117,1
DA:118,2
DA:119,0
DA:120,0
DA:125,1
DA:127,1
DA:128,2
DA:129,0
DA:130,0
DA:134,1
DA:136,1
DA:137,1
DA:139,1
DA:140,1
DA:142,1
DA:147,1
DA:148,2
DA:152,2
DA:153,0
DA:157,1
DA:158,1
DA:164,0
DA:165,0
DA:169,0
DA:170,0
DA:171,0
DA:173,0
DA:177,0
DA:181,1
DA:182,2
DA:183,1
DA:184,1
DA:189,1
DA:190,2
DA:191,1
DA:192,1
DA:198,1
DA:199,2
DA:200,1
DA:203,1
DA:204,3
DA:208,1
DA:209,2
DA:210,2
DA:211,2
DA:213,0
DA:218,1
DA:219,2
DA:220,1
DA:229,1
DA:230,2
DA:231,2
DA:236,1
DA:237,2
DA:238,2
DA:242,2
DA:243,2
DA:246,4
DA:247,1
DA:258,0
DA:259,0
DA:260,0
DA:261,0
DA:262,0
DA:263,0
DA:264,0
DA:268,1
DA:270,1
DA:271,1
DA:272,2
DA:273,1
DA:274,1
DA:275,2
DA:276,1
DA:277,1
DA:278,3
DA:279,2
DA:280,2
DA:281,1
DA:282,2
DA:283,3
DA:284,1
DA:286,1
DA:289,2
DA:293,1
DA:295,1
DA:296,1
DA:297,1
DA:298,1
DA:300,3
DA:302,3
DA:305,1
DA:307,1
DA:308,1
DA:309,1
DA:310,1
DA:311,1
DA:313,3
DA:315,3
DA:318,2
DA:319,1
DA:320,0
DA:321,1
DA:323,4
DA:324,1
DA:326,1
DA:328,1
DA:329,1
DA:330,1
DA:331,1
DA:335,1
DA:340,1
DA:342,3
DA:345,0
DA:346,0
DA:348,0
DA:349,0
DA:351,0
DA:353,0
DA:354,0
DA:355,0
DA:356,0
DA:360,0
DA:365,0
DA:368,0
DA:369,0
DA:370,0
DA:371,0
DA:372,0
DA:373,0
DA:374,0
DA:377,0
DA:378,0
DA:379,0
DA:380,0
DA:383,0
DA:384,0
DA:389,0
DA:393,0
DA:394,0
DA:396,0
DA:397,0
DA:399,0
DA:401,0
DA:402,0
DA:403,0
DA:404,0
DA:406,0
DA:407,0
DA:408,0
DA:410,0
DA:412,0
DA:414,0
DA:415,0
DA:416,0
DA:417,0
DA:418,0
DA:419,0
DA:420,0
DA:421,0
DA:422,0
DA:425,0
DA:429,0
DA:432,0
DA:433,0
DA:434,0
DA:435,0
DA:437,0
DA:438,0
DA:439,0
DA:440,0
DA:441,0
DA:444,0
DA:446,0
DA:447,0
DA:448,0
DA:449,0
DA:450,0
DA:451,0
DA:452,0
DA:453,0
DA:454,0
DA:456,0
DA:460,0
DA:467,0
DA:468,0
DA:469,0
DA:470,0
DA:471,0
DA:473,0
DA:475,0
DA:476,0
DA:477,0
DA:478,0
DA:479,0
DA:480,0
DA:481,0
DA:482,0
DA:484,0
DA:487,0
DA:493,0
DA:494,0
DA:495,0
DA:496,0
DA:497,0
DA:498,0
DA:499,0
DA:503,0
DA:505,0
DA:507,0
DA:508,0
DA:509,0
DA:511,0
DA:513,0
DA:519,0
DA:521,0
DA:522,0
DA:523,0
DA:526,0
DA:527,0
DA:529,0
DA:531,0
DA:532,0
DA:533,0
DA:534,0
DA:536,0
DA:538,0
DA:543,0
DA:546,0
DA:547,0
DA:548,0
DA:550,0
DA:552,0
DA:558,0
DA:560,0
DA:562,0
DA:568,0
DA:576,1
DA:577,1
DA:579,1
DA:580,2
DA:581,0
DA:582,0
DA:583,0
DA:584,0
DA:585,0
DA:586,0
DA:588,0
DA:589,0
DA:590,0
DA:591,0
DA:592,0
DA:593,0
DA:598,1
DA:599,1
DA:600,1
DA:601,2
DA:602,1
DA:603,1
DA:604,3
DA:605,2
DA:606,1
DA:607,1
DA:609,1
DA:610,1
DA:611,1
DA:612,3
DA:613,2
DA:614,3
DA:627,0
DA:629,0
DA:630,0
DA:631,0
DA:634,0
DA:636,0
DA:637,0
LF:281
LH:117
end_of_record
SF:lib\src\components\form\t_form_theme_data.dart
DA:25,0
DA:34,0
DA:43,0
DA:44,0
DA:45,0
DA:46,0
DA:47,0
DA:48,0
DA:49,0
DA:53,0
DA:55,0
DA:56,0
DA:57,0
DA:58,0
DA:59,0
DA:60,0
DA:61,0
DA:63,0
LF:18
LH:0
end_of_record
SF:lib\src\components\form\t_form_validation.dart
DA:7,1
DA:23,1
DA:24,2
DA:25,1
LF:4
LH:4
end_of_record
SF:lib\src\components\icon\t_icon.dart
DA:45,1
DA:56,1
DA:63,1
DA:65,2
DA:67,1
DA:76,1
DA:79,2
DA:82,4
DA:84,4
DA:86,1
DA:87,1
DA:90,1
LF:12
LH:12
end_of_record
SF:lib\src\components\icon\t_icon_theme_data.dart
DA:16,1
DA:18,1
DA:20,1
DA:21,0
DA:22,1
DA:26,1
DA:28,1
DA:31,1
DA:32,3
DA:33,3
LF:10
LH:9
end_of_record
SF:lib\src\components\image\image_widget.dart
DA:68,0
DA:96,0
DA:98,0
DA:126,0
DA:127,0
DA:128,0
DA:129,0
DA:130,0
DA:132,0
DA:160,0
DA:164,0
DA:166,0
DA:169,0
DA:170,0
DA:171,0
DA:173,0
DA:200,0
DA:201,0
DA:203,0
DA:204,0
DA:205,0
DA:207,0
DA:209,0
DA:220,0
DA:222,0
DA:223,0
DA:224,0
DA:228,0
DA:229,0
DA:230,0
DA:231,0
DA:232,0
DA:233,0
DA:234,0
DA:235,0
DA:236,0
DA:237,0
DA:238,0
DA:239,0
DA:240,0
DA:241,0
DA:242,0
DA:243,0
DA:244,0
DA:245,0
DA:246,0
DA:247,0
DA:248,0
DA:249,0
DA:250,0
DA:251,0
DA:253,0
DA:254,0
DA:255,0
DA:256,0
DA:257,0
DA:258,0
DA:259,0
DA:260,0
DA:261,0
DA:262,0
DA:263,0
DA:264,0
DA:265,0
DA:266,0
DA:267,0
DA:268,0
DA:269,0
DA:270,0
DA:271,0
DA:272,0
DA:274,0
DA:275,0
DA:276,0
DA:277,0
DA:278,0
DA:279,0
DA:280,0
DA:281,0
DA:282,0
DA:283,0
DA:284,0
DA:285,0
DA:286,0
DA:287,0
DA:288,0
DA:289,0
DA:290,0
DA:291,0
DA:292,0
DA:293,0
DA:295,0
DA:296,0
DA:298,0
DA:299,0
DA:300,0
DA:301,0
DA:304,0
DA:306,0
DA:307,0
DA:308,0
DA:309,0
DA:310,0
DA:314,0
DA:316,0
DA:317,0
DA:318,0
DA:319,0
DA:323,0
DA:326,0
DA:328,0
DA:329,0
DA:332,0
DA:334,0
DA:335,0
DA:338,0
DA:339,0
DA:342,0
DA:343,0
DA:346,0
DA:352,0
DA:353,0
DA:356,0
DA:357,0
DA:360,0
DA:366,0
DA:367,0
DA:371,0
DA:374,0
DA:376,0
DA:377,0
LF:131
LH:0
end_of_record
SF:lib\src\components\image\t_image.dart
DA:35,0
DA:51,0
DA:89,0
DA:90,0
DA:95,0
DA:96,0
DA:99,0
DA:102,0
DA:105,0
DA:107,0
DA:109,0
DA:111,0
DA:113,0
DA:115,0
DA:116,0
DA:117,0
DA:123,0
DA:124,0
DA:125,0
DA:126,0
DA:127,0
DA:128,0
DA:129,0
DA:130,0
DA:131,0
DA:132,0
DA:134,0
DA:135,0
DA:136,0
DA:137,0
DA:138,0
DA:139,0
DA:140,0
DA:141,0
DA:142,0
DA:143,0
DA:144,0
DA:145,0
DA:146,0
DA:147,0
DA:148,0
DA:149,0
DA:150,0
DA:152,0
DA:153,0
DA:154,0
DA:155,0
DA:156,0
DA:157,0
DA:159,0
DA:160,0
DA:161,0
DA:162,0
DA:163,0
DA:164,0
DA:165,0
DA:166,0
DA:167,0
DA:168,0
DA:169,0
DA:170,0
DA:171,0
DA:172,0
DA:173,0
DA:174,0
DA:176,0
DA:177,0
DA:178,0
DA:179,0
DA:181,0
DA:182,0
DA:183,0
DA:184,0
DA:185,0
DA:186,0
DA:187,0
DA:188,0
DA:189,0
DA:190,0
DA:191,0
DA:192,0
DA:193,0
DA:194,0
DA:195,0
DA:199,0
DA:201,0
DA:203,0
DA:204,0
DA:205,0
DA:206,0
DA:207,0
DA:208,0
DA:209,0
DA:210,0
DA:211,0
DA:212,0
DA:214,0
DA:215,0
DA:216,0
DA:217,0
DA:219,0
DA:221,0
DA:222,0
DA:224,0
DA:225,0
DA:226,0
DA:227,0
DA:230,0
LF:108
LH:0
end_of_record
SF:lib\src\components\image\t_image_theme_data.dart
DA:48,0
DA:63,0
DA:78,0
DA:79,0
DA:80,0
DA:81,0
DA:82,0
DA:83,0
DA:84,0
DA:85,0
DA:86,0
DA:87,0
DA:88,0
DA:89,0
DA:90,0
DA:94,0
DA:96,0
DA:99,0
DA:100,0
DA:101,0
DA:102,0
DA:103,0
DA:104,0
DA:105,0
DA:106,0
DA:107,0
DA:109,0
DA:110,0
DA:111,0
DA:112,0
LF:30
LH:0
end_of_record
SF:lib\src\components\image_viewer\t_image_viewer.dart
DA:12,0
DA:42,0
DA:43,0
DA:44,0
DA:45,0
DA:46,0
DA:47,0
DA:48,0
DA:49,0
DA:50,0
DA:51,0
DA:56,0
DA:57,0
LF:13
LH:0
end_of_record
SF:lib\src\components\image_viewer\t_image_viewer_theme_data.dart
DA:31,0
DA:42,0
DA:53,0
DA:54,0
DA:56,0
DA:57,0
DA:58,0
DA:59,0
DA:60,0
DA:61,0
DA:62,0
DA:66,0
DA:69,0
DA:70,0
DA:71,0
DA:73,0
DA:74,0
DA:75,0
DA:76,0
DA:77,0
DA:78,0
DA:79,0
LF:22
LH:0
end_of_record
SF:lib\src\components\image_viewer\t_image_viewer_widget.dart
DA:19,0
DA:45,0
DA:119,0
DA:121,0
DA:129,0
DA:131,0
DA:132,0
DA:133,0
DA:135,0
DA:136,0
DA:138,0
DA:139,0
DA:140,0
DA:142,0
DA:145,0
DA:146,0
DA:147,0
DA:151,0
DA:153,0
DA:155,0
DA:156,0
DA:157,0
DA:159,0
DA:166,0
DA:167,0
DA:168,0
DA:170,0
DA:174,0
DA:175,0
DA:176,0
DA:178,0
DA:179,0
DA:180,0
DA:181,0
DA:182,0
DA:194,0
DA:196,0
DA:203,0
DA:206,0
DA:207,0
DA:208,0
DA:210,0
DA:211,0
DA:212,0
DA:213,0
DA:214,0
DA:216,0
DA:217,0
DA:220,0
DA:221,0
DA:222,0
DA:223,0
DA:225,0
DA:226,0
DA:227,0
DA:233,0
DA:234,0
DA:236,0
DA:237,0
DA:241,0
DA:242,0
DA:243,0
DA:245,0
DA:246,0
DA:247,0
DA:248,0
DA:250,0
DA:253,0
DA:255,0
DA:260,0
DA:261,0
DA:262,0
DA:264,0
DA:265,0
DA:266,0
DA:267,0
DA:268,0
DA:269,0
DA:270,0
DA:272,0
DA:273,0
DA:274,0
DA:278,0
DA:279,0
DA:283,0
DA:285,0
DA:291,0
DA:293,0
DA:294,0
DA:295,0
DA:296,0
DA:297,0
DA:302,0
DA:304,0
DA:307,0
DA:312,0
DA:313,0
DA:314,0
DA:315,0
DA:316,0
DA:317,0
DA:318,0
DA:319,0
DA:320,0
DA:321,0
DA:322,0
DA:323,0
DA:324,0
DA:327,0
DA:328,0
DA:329,0
DA:330,0
DA:331,0
DA:334,0
DA:338,0
DA:339,0
DA:340,0
DA:341,0
DA:344,0
DA:345,0
DA:346,0
DA:347,0
DA:349,0
DA:351,0
LF:124
LH:0
end_of_record
SF:lib\src\components\navbar\t_nav_bar.dart
DA:14,2
DA:39,2
DA:109,2
DA:110,2
DA:112,1
DA:113,2
DA:117,2
DA:118,6
DA:123,2
DA:124,4
DA:125,4
DA:126,4
DA:128,2
DA:129,4
DA:130,4
DA:131,4
DA:133,2
DA:134,8
DA:136,2
DA:137,8
DA:139,2
DA:140,8
DA:142,2
DA:143,4
DA:144,4
DA:145,6
DA:147,10
DA:149,2
DA:150,4
DA:151,4
DA:152,2
DA:153,6
DA:154,6
DA:157,2
DA:158,8
DA:160,2
DA:161,8
DA:163,2
DA:164,8
DA:166,2
DA:167,8
DA:169,2
DA:170,8
DA:172,2
DA:173,2
DA:174,8
DA:175,2
DA:176,6
DA:177,4
DA:178,8
DA:179,2
DA:180,2
DA:181,2
DA:188,2
DA:192,2
DA:193,2
DA:194,4
DA:195,2
DA:197,2
DA:200,2
DA:201,8
DA:206,2
DA:207,4
DA:208,2
DA:212,1
DA:213,3
DA:214,2
DA:216,4
DA:219,2
DA:220,10
DA:222,2
DA:223,6
DA:225,2
DA:227,2
DA:228,2
DA:229,6
DA:230,2
DA:231,2
DA:232,4
DA:233,2
DA:242,2
DA:243,2
DA:245,6
DA:247,2
DA:248,2
DA:249,2
DA:251,2
DA:254,0
DA:255,0
DA:257,0
DA:259,0
DA:264,2
DA:265,4
DA:266,2
DA:267,4
DA:270,2
DA:274,2
DA:275,2
DA:276,2
DA:277,4
DA:278,2
DA:279,2
DA:280,4
DA:282,4
DA:285,2
DA:286,3
DA:287,1
DA:293,2
DA:295,2
DA:296,2
DA:297,4
DA:302,2
DA:303,2
DA:304,4
DA:305,4
DA:306,2
DA:308,2
DA:310,2
DA:312,4
DA:313,0
DA:315,0
DA:316,0
DA:350,2
DA:360,2
DA:361,2
DA:363,2
DA:364,2
DA:365,2
DA:367,6
DA:368,6
DA:369,2
DA:370,2
DA:371,2
DA:372,2
DA:373,2
DA:374,2
LF:136
LH:129
end_of_record
SF:lib\src\components\indexes\sticky_header\sticky_header_render.dart
DA:14,1
DA:25,1
DA:26,1
DA:33,2
DA:36,0
DA:37,0
DA:40,0
DA:41,0
DA:44,2
DA:47,0
DA:48,0
DA:51,0
DA:52,0
DA:55,2
DA:58,0
DA:59,0
DA:62,0
DA:63,0
DA:66,2
DA:69,0
DA:70,0
DA:73,0
DA:75,0
DA:77,0
DA:81,2
DA:84,1
DA:85,1
DA:86,0
DA:88,1
DA:89,1
DA:90,2
DA:95,2
DA:98,1
DA:99,1
DA:100,0
DA:102,1
DA:103,1
DA:104,2
DA:108,1
DA:110,2
DA:111,2
DA:115,1
DA:117,1
DA:118,1
DA:119,0
DA:121,1
DA:122,0
DA:126,1
DA:128,1
DA:129,1
DA:130,2
DA:132,1
DA:133,2
DA:137,1
DA:139,1
DA:140,0
DA:142,1
DA:143,0
DA:147,1
DA:149,1
DA:150,2
DA:152,1
DA:153,2
DA:157,0
DA:159,0
DA:160,0
DA:161,0
DA:163,0
DA:164,0
DA:169,1
DA:170,1
DA:173,2
DA:174,2
DA:175,1
DA:176,3
DA:177,0
DA:178,0
DA:182,3
DA:184,1
DA:186,1
DA:187,0
DA:192,5
DA:194,1
DA:195,2
DA:196,1
DA:197,1
DA:198,2
DA:202,2
DA:206,1
DA:207,2
DA:208,2
DA:210,1
DA:211,0
DA:217,0
DA:219,2
DA:220,2
DA:221,4
DA:222,4
DA:223,7
DA:224,3
DA:225,3
DA:229,2
DA:230,1
DA:231,0
DA:232,0
DA:237,1
DA:238,4
DA:239,2
DA:242,2
DA:243,2
DA:244,1
DA:246,3
DA:247,5
DA:248,2
DA:249,1
DA:250,4
DA:251,1
DA:254,2
DA:256,1
DA:257,1
DA:259,1
DA:260,0
DA:262,1
DA:263,4
DA:265,0
DA:266,0
DA:271,1
DA:272,2
DA:273,3
DA:274,1
DA:275,3
DA:276,5
DA:277,3
DA:279,2
DA:280,6
DA:281,5
DA:283,6
DA:284,2
DA:285,1
DA:289,2
DA:290,1
DA:292,2
DA:293,2
DA:294,1
DA:295,2
DA:296,1
DA:297,1
DA:298,2
DA:306,1
DA:307,9
DA:309,1
DA:310,4
DA:312,0
DA:313,0
DA:315,0
DA:316,0
DA:322,0
DA:325,0
DA:326,0
DA:327,0
DA:328,0
DA:329,0
DA:330,0
DA:332,0
DA:333,0
DA:334,0
DA:335,0
DA:336,0
DA:341,0
DA:342,0
DA:343,0
DA:344,0
DA:345,0
DA:347,0
DA:348,0
DA:349,0
DA:354,0
DA:356,0
DA:357,0
DA:359,0
DA:360,0
DA:365,0
DA:367,0
DA:368,0
DA:369,0
DA:371,0
DA:375,1
DA:377,1
DA:378,1
DA:381,1
DA:383,2
DA:384,4
DA:385,2
DA:386,4
DA:390,1
DA:391,2
DA:392,4
LF:197
LH:124
end_of_record
SF:lib\src\components\indexes\sticky_header\sticky_header_widget.dart
DA:20,0
DA:24,0
DA:25,0
DA:26,0
DA:27,0
DA:41,0
DA:44,0
DA:60,1
DA:61,1
DA:62,0
DA:65,0
DA:66,0
DA:72,0
DA:74,0
DA:75,0
DA:78,0
DA:80,0
DA:81,0
DA:84,0
DA:86,0
DA:87,0
DA:88,0
DA:94,0
DA:98,0
DA:102,0
DA:104,0
DA:111,2
DA:120,1
DA:125,1
DA:129,6
DA:132,0
DA:134,0
DA:152,1
DA:160,1
DA:169,1
DA:177,1
DA:179,1
DA:180,3
DA:213,1
DA:215,1
DA:216,1
DA:217,1
DA:218,2
DA:219,2
DA:223,1
DA:224,1
DA:226,0
DA:232,0
DA:233,0
DA:234,0
DA:235,0
DA:241,2
DA:243,1
DA:244,1
DA:250,1
DA:252,1
DA:253,2
DA:255,1
DA:256,2
DA:260,0
DA:262,0
DA:263,0
DA:264,0
DA:266,0
DA:267,0
DA:271,1
DA:273,1
DA:274,5
DA:275,5
DA:278,0
DA:280,0
DA:281,0
DA:282,0
DA:283,0
DA:286,1
DA:288,1
DA:289,1
DA:290,1
DA:292,1
DA:293,1
DA:295,3
DA:298,0
DA:300,0
DA:303,0
DA:305,0
DA:306,0
DA:307,0
DA:309,0
DA:310,0
DA:312,0
LF:90
LH:39
end_of_record
SF:lib\src\components\indexes\t_indexes.dart
DA:15,1
DA:30,1
DA:75,1
DA:76,1
DA:88,0
DA:90,0
DA:94,1
DA:95,3
DA:100,0
DA:101,0
DA:102,0
DA:105,1
DA:107,1
DA:108,3
DA:109,4
DA:110,4
DA:113,0
DA:115,0
DA:116,0
DA:117,0
DA:118,0
DA:120,0
DA:121,0
DA:122,0
DA:126,1
DA:128,2
DA:129,1
DA:132,1
DA:134,1
DA:135,1
DA:136,2
DA:137,1
DA:138,1
DA:139,1
DA:140,1
DA:141,2
DA:142,1
DA:144,1
DA:145,1
DA:146,1
DA:147,0
DA:148,0
DA:149,0
DA:150,0
DA:152,2
DA:153,2
DA:160,1
DA:161,1
DA:162,2
DA:163,2
DA:164,2
DA:165,2
DA:166,2
DA:167,3
DA:168,3
DA:169,1
DA:172,4
DA:174,1
DA:175,2
DA:176,4
DA:177,0
DA:178,0
DA:179,0
DA:182,1
DA:185,1
DA:186,2
DA:190,1
DA:191,1
DA:192,1
DA:193,2
DA:194,1
DA:196,3
DA:198,3
DA:204,1
DA:207,0
DA:208,0
DA:211,0
DA:215,0
DA:217,0
DA:218,0
DA:219,0
DA:220,0
DA:221,0
DA:222,0
DA:223,0
DA:225,0
DA:226,0
DA:227,0
DA:228,0
DA:230,0
DA:234,0
DA:236,0
DA:237,0
DA:238,0
LF:94
LH:54
end_of_record
SF:lib\src\components\indexes\t_indexes_theme_data.dart
DA:23,2
DA:31,1
DA:39,1
DA:40,0
DA:41,1
DA:42,0
DA:43,1
DA:44,1
DA:48,1
DA:50,1
DA:53,1
DA:54,2
DA:56,6
DA:57,2
DA:58,2
DA:60,6
LF:16
LH:14
end_of_record
SF:lib\src\components\indexes\t_indexes_anchor.dart
DA:7,1
DA:14,1
DA:32,1
DA:34,1
DA:35,1
DA:36,1
DA:37,2
DA:38,1
DA:40,1
DA:41,1
DA:42,2
DA:43,2
DA:44,1
DA:45,1
DA:46,2
DA:48,1
DA:50,2
DA:51,2
DA:52,1
DA:53,3
DA:56,1
DA:57,1
DA:58,2
DA:59,1
DA:60,1
DA:61,2
DA:65,1
DA:66,1
DA:69,2
DA:70,2
DA:72,2
DA:73,2
LF:32
LH:32
end_of_record
SF:lib\src\components\indexes\t_indexes_list.dart
DA:14,1
DA:21,1
DA:39,1
DA:40,1
DA:49,1
DA:51,1
DA:52,1
DA:55,1
DA:56,1
DA:57,7
DA:60,0
DA:62,0
DA:63,0
DA:64,0
DA:68,1
DA:70,1
DA:71,1
DA:74,1
DA:76,1
DA:77,2
DA:80,1
DA:81,1
DA:82,2
DA:83,1
DA:84,1
DA:86,0
DA:87,0
DA:89,0
DA:90,0
DA:91,0
DA:93,0
DA:94,0
DA:96,1
DA:97,2
DA:98,1
DA:99,1
DA:101,3
DA:102,1
DA:103,1
DA:104,2
DA:105,0
DA:106,0
DA:107,0
DA:110,1
DA:112,1
DA:113,1
DA:114,0
DA:115,0
DA:116,0
DA:117,0
DA:118,0
DA:119,0
DA:120,0
DA:121,0
DA:122,0
DA:123,0
DA:124,0
DA:126,0
DA:127,0
DA:130,0
DA:131,0
DA:133,0
DA:138,1
DA:139,2
DA:140,1
DA:141,2
DA:142,1
DA:143,1
DA:144,1
DA:146,1
DA:147,1
DA:148,2
DA:149,1
DA:150,1
DA:153,1
DA:154,1
DA:158,2
DA:159,2
DA:161,2
DA:162,2
DA:170,1
DA:181,0
DA:182,0
DA:183,0
DA:184,0
DA:185,0
DA:186,0
DA:187,0
DA:191,0
DA:192,0
DA:194,0
DA:196,0
DA:198,0
DA:200,0
DA:207,0
DA:208,0
DA:209,0
DA:211,0
DA:212,0
DA:213,0
LF:100
LH:51
end_of_record
SF:lib\src\components\input\input_view.dart
DA:85,2
DA:114,2
DA:118,2
DA:120,2
DA:121,2
DA:122,2
DA:123,2
DA:124,2
DA:125,2
DA:126,2
DA:127,2
DA:128,2
DA:129,2
DA:130,2
DA:131,2
DA:132,2
DA:133,2
DA:134,2
DA:135,2
DA:136,2
DA:137,2
DA:138,2
DA:139,2
DA:140,2
DA:141,2
DA:142,2
DA:143,2
DA:144,2
DA:145,2
DA:146,2
DA:148,2
DA:149,2
DA:150,2
DA:151,2
DA:171,2
LF:35
LH:35
end_of_record
SF:lib\src\components\input\t_input.dart
DA:11,1
DA:222,1
DA:224,2
DA:226,2
DA:227,1
DA:228,4
DA:229,1
DA:233,1
DA:235,1
DA:236,1
DA:237,1
DA:238,1
DA:239,1
DA:240,1
DA:241,1
DA:242,1
DA:243,1
DA:244,1
DA:245,1
DA:246,1
DA:247,1
DA:248,1
DA:253,1
DA:255,1
DA:258,1
DA:259,3
DA:263,1
DA:264,1
DA:267,1
DA:268,2
DA:272,1
DA:274,2
DA:275,2
DA:276,3
DA:277,1
DA:278,4
DA:281,1
DA:283,1
DA:284,1
DA:285,1
DA:286,1
DA:287,1
DA:288,1
DA:289,0
DA:291,1
DA:292,1
DA:293,1
DA:294,1
DA:295,0
DA:301,1
DA:303,1
DA:305,1
DA:307,2
DA:308,1
DA:311,3
DA:312,1
DA:314,1
DA:315,1
DA:317,1
DA:318,1
DA:321,1
DA:322,1
[...]
DA:625,10
DA:626,4
DA:627,2
DA:628,2
DA:632,2
DA:634,2
DA:635,4
DA:636,2
DA:637,2
DA:640,0
DA:642,0
DA:643,0
DA:644,0
DA:645,0
DA:646,0
DA:647,0
DA:648,0
DA:649,0
DA:650,0
DA:653,0
DA:654,0
DA:655,0
DA:656,0
DA:657,0
DA:661,2
DA:663,4
DA:664,2
DA:665,8
DA:666,6
DA:668,2
DA:670,2
DA:673,0
DA:675,1
DA:677,2
DA:680,2
DA:681,2
DA:682,1
DA:683,0
DA:685,1
DA:688,3
DA:691,0
DA:692,0
DA:693,0
DA:694,0
DA:697,1
DA:699,1
DA:700,1
DA:703,0
DA:704,0
DA:705,0
DA:706,0
DA:709,0
DA:710,0
DA:711,0
DA:713,0
DA:714,0
DA:715,0
DA:718,0
DA:719,0
DA:721,0
DA:723,0
DA:725,0
DA:727,0
DA:730,0
DA:734,0
DA:737,0
DA:740,1
DA:741,1
DA:742,2
DA:744,0
DA:745,0
DA:749,1
DA:750,4
DA:751,3
DA:752,2
DA:753,0
DA:756,2
DA:763,2
DA:765,2
DA:766,4
DA:769,1
DA:770,6
DA:771,2
DA:772,3
DA:775,2
DA:777,2
DA:780,4
DA:781,4
DA:782,4
DA:783,4
DA:788,2
DA:789,6
DA:790,1
DA:791,2
DA:792,5
DA:793,2
DA:794,1
DA:799,2
DA:800,6
DA:801,1
DA:802,5
DA:804,6
DA:805,2
DA:806,1
DA:808,5
DA:809,1
DA:810,6
DA:811,3
DA:813,1
DA:814,1
DA:816,1
DA:817,3
DA:818,1
DA:819,4
DA:820,3
DA:822,4
DA:823,0
DA:832,2
DA:833,6
DA:834,2
DA:835,3
DA:841,2
DA:842,4
DA:845,2
DA:846,4
DA:847,5
DA:848,0
DA:849,0
DA:852,4
DA:853,2
DA:854,2
DA:855,0
DA:856,0
DA:860,2
DA:864,2
DA:866,2
DA:868,8
DA:869,2
DA:870,2
DA:871,4
DA:872,12
DA:873,0
DA:874,0
DA:875,0
DA:879,2
DA:880,2
DA:881,6
DA:882,0
DA:883,0
DA:887,10
DA:891,6
DA:892,4
DA:893,0
DA:894,0
DA:895,0
DA:903,6
DA:906,2
DA:907,2
DA:908,2
DA:909,2
DA:910,2
DA:912,2
DA:914,4
DA:916,0
DA:918,2
DA:919,4
DA:920,2
DA:921,2
DA:922,6
DA:934,2
DA:935,4
DA:937,4
DA:939,2
DA:940,2
DA:941,2
DA:942,3
DA:943,1
DA:944,2
DA:947,2
DA:949,4
DA:950,2
DA:951,4
DA:952,4
DA:953,2
DA:955,3
DA:956,1
DA:957,2
DA:959,12
DA:960,4
DA:962,6
DA:963,2
DA:964,4
DA:972,6
DA:973,4
DA:974,4
DA:975,8
DA:976,2
DA:977,8
DA:978,2
DA:979,4
DA:980,1
DA:981,1
DA:983,4
DA:984,4
DA:985,2
DA:986,6
DA:987,6
DA:989,2
DA:990,2
DA:991,2
DA:992,2
DA:993,4
DA:994,2
DA:995,2
DA:1003,6
DA:1004,6
DA:1008,2
DA:1009,2
DA:1010,2
DA:1013,4
DA:1014,4
DA:1015,4
DA:1016,4
DA:1017,2
DA:1018,2
DA:1019,2
DA:1027,4
DA:1029,1
DA:1031,0
DA:1032,2
DA:1033,2
DA:1034,1
DA:1035,2
DA:1037,1
DA:1039,2
DA:1042,4
DA:1043,0
DA:1044,0
DA:1059,1
DA:1063,1
DA:1066,1
DA:1070,1
DA:1080,1
DA:1085,1
DA:1096,1
DA:1099,2
DA:1107,3
DA:1108,3
DA:1109,1
DA:1112,1
DA:1118,2
DA:1127,2
DA:1139,2
DA:1141,2
DA:1146,2
DA:1147,2
DA:1149,2
DA:1150,6
DA:1151,6
DA:1152,2
DA:1154,2
DA:1155,2
DA:1156,2
DA:1157,0
DA:1159,2
DA:1160,6
DA:1163,10
DA:1171,2
DA:1176,2
DA:1187,2
DA:1189,2
DA:1190,2
DA:1191,2
DA:1192,2
DA:1193,2
DA:1194,2
DA:1195,2
DA:1196,2
DA:1200,1
DA:1203,1
DA:1204,2
DA:1210,2
DA:1215,2
DA:1216,4
DA:1218,2
DA:1220,4
DA:1221,2
DA:1225,2
DA:1227,4
DA:1228,2
DA:1232,2
DA:1234,6
DA:1235,8
DA:1237,8
DA:1238,10
DA:1260,0
DA:1266,0
DA:1294,0
DA:1295,0
DA:1309,0
DA:1311,0
DA:1312,0
DA:1313,0
DA:1315,0
DA:1317,0
DA:1321,0
DA:1322,0
DA:1324,0
DA:1325,0
DA:1326,0
DA:1330,0
DA:1332,0
DA:1333,0
DA:1336,0
DA:1338,0
DA:1339,0
DA:1340,0
DA:1341,0
DA:1344,0
DA:1346,0
DA:1347,0
DA:1348,0
DA:1349,0
DA:1350,0
DA:1352,0
DA:1353,0
DA:1357,0
DA:1359,0
DA:1360,0
DA:1362,0
DA:1364,0
DA:1367,0
DA:1368,0
DA:1369,0
DA:1372,0
DA:1373,0
DA:1377,0
DA:1378,0
DA:1379,0
DA:1383,0
DA:1384,0
DA:1385,0
DA:1388,0
DA:1389,0
DA:1392,0
DA:1394,0
DA:1395,0
DA:1396,0
DA:1399,0
DA:1401,0
DA:1402,0
DA:1403,0
DA:1405,0
DA:1406,0
DA:1409,0
DA:1410,0
DA:1411,0
DA:1412,0
DA:1413,0
DA:1414,0
DA:1415,0
DA:1417,0
DA:1418,0
DA:1419,0
DA:1420,0
DA:1422,0
DA:1424,0
DA:1426,0
DA:1427,0
DA:1429,0
DA:1430,0
DA:1431,0
DA:1432,0
DA:1434,0
DA:1440,0
DA:1441,0
DA:1445,0
DA:1449,0
DA:1450,0
DA:1451,0
DA:1452,0
DA:1453,0
DA:1454,0
DA:1456,0
DA:1457,0
DA:1458,0
DA:1459,0
DA:1460,0
DA:1461,0
DA:1462,0
DA:1463,0
DA:1466,0
DA:1471,0
DA:1473,0
DA:1474,0
DA:1475,0
DA:1476,0
DA:1477,0
DA:1481,0
DA:1482,0
DA:1483,0
DA:1484,0
DA:1485,0
DA:1486,0
DA:1487,0
DA:1488,0
DA:1489,0
DA:1490,0
DA:1503,0
DA:1508,0
DA:1519,0
DA:1521,0
DA:1522,0
DA:1523,0
DA:1525,0
DA:1526,0
DA:1527,0
DA:1543,0
DA:1549,0
DA:1550,0
DA:1573,0
DA:1580,0
DA:1582,0
DA:1583,0
DA:1584,0
DA:1585,0
DA:1586,0
DA:1588,0
DA:1593,0
DA:1594,0
DA:1595,0
DA:1596,0
DA:1597,0
DA:1598,0
DA:1599,0
DA:1601,0
DA:1604,0
DA:1606,0
DA:1607,0
DA:1611,0
DA:1613,0
DA:1615,0
DA:1617,0
DA:1619,0
DA:1620,0
DA:1621,0
DA:1622,0
DA:1624,0
DA:1625,0
DA:1626,0
DA:1629,0
DA:1631,0
DA:1632,0
DA:1633,0
DA:1634,0
DA:1635,0
DA:1636,0
DA:1639,0
DA:1640,0
DA:1642,0
LF:631
LH:353
end_of_record
SF:lib\src\components\tabs\t_tab_bar_theme_data.dart
DA:64,2
DA:93,1
DA:122,1
DA:123,1
DA:124,1
DA:125,1
DA:126,1
DA:127,1
DA:128,1
DA:129,1
DA:130,1
DA:131,1
DA:132,1
DA:133,0
DA:134,1
DA:135,1
DA:136,1
DA:137,1
DA:138,1
DA:139,0
DA:140,1
DA:141,1
DA:142,1
DA:143,1
DA:144,1
DA:145,1
DA:146,1
DA:147,1
DA:148,1
DA:152,1
DA:154,1
DA:157,1
DA:158,2
DA:159,3
DA:160,3
DA:161,3
DA:162,3
DA:163,3
DA:165,3
DA:166,2
DA:167,2
DA:169,2
DA:170,3
DA:171,2
DA:172,2
DA:173,2
DA:174,2
DA:175,2
DA:176,2
DA:177,3
DA:178,3
DA:179,3
DA:181,3
DA:182,2
DA:183,2
DA:184,2
DA:185,3
DA:186,2
LF:58
LH:56
end_of_record
SF:lib\src\components\tabs\t_tab.dart
DA:46,2
DA:60,2
DA:72,2
DA:76,2
DA:78,2
DA:79,1
DA:81,0
DA:84,1
DA:87,1
DA:88,1
DA:89,1
DA:90,2
DA:91,2
DA:93,1
DA:97,2
DA:98,1
DA:100,1
DA:101,2
DA:102,1
DA:103,1
DA:111,2
DA:112,2
DA:113,2
DA:115,2
DA:116,2
DA:124,2
DA:125,2
DA:126,1
DA:127,1
DA:128,1
DA:129,1
DA:130,4
DA:133,2
DA:134,2
DA:137,4
DA:141,2
DA:142,2
DA:143,4
DA:144,2
DA:146,4
LF:40
LH:39
end_of_record
SF:lib\src\components\tabs\t_tab_bar.dart
DA:13,2
DA:42,2
DA:46,2
DA:126,2
DA:127,2
DA:134,2
DA:135,6
DA:138,2
DA:140,2
DA:141,10
DA:142,8
DA:143,4
DA:144,4
DA:145,6
DA:146,1
DA:147,2
DA:148,2
DA:149,2
DA:150,2
DA:151,4
DA:152,4
DA:153,4
DA:154,6
DA:156,2
DA:157,2
DA:158,4
DA:159,4
DA:160,4
DA:161,4
DA:162,2
DA:163,8
DA:165,4
DA:166,6
DA:167,8
DA:169,8
DA:170,4
DA:171,4
DA:172,4
DA:173,6
DA:174,4
DA:175,4
DA:177,4
DA:178,4
DA:179,2
DA:180,4
DA:182,8
DA:183,4
DA:184,4
DA:185,8
DA:186,8
DA:187,4
DA:188,4
DA:189,4
DA:190,8
DA:191,1
DA:192,3
DA:198,2
DA:199,2
DA:201,6
DA:204,2
DA:205,2
DA:207,6
DA:210,2
DA:211,4
DA:212,1
DA:213,1
DA:214,2
DA:215,2
DA:216,2
DA:218,2
DA:236,1
DA:243,1
DA:245,1
DA:255,1
DA:256,4
DA:257,4
DA:258,2
DA:261,1
DA:263,1
DA:264,8
DA:265,5
DA:266,8
DA:267,5
DA:268,3
DA:271,1
DA:272,2
DA:274,1
DA:275,2
DA:289,0
DA:295,0
DA:297,0
DA:307,0
DA:308,0
DA:309,0
DA:312,0
DA:314,0
DA:315,0
DA:316,0
DA:317,0
DA:319,0
DA:320,0
DA:321,0
DA:323,0
DA:326,0
DA:327,0
DA:329,0
DA:330,0
DA:335,2
DA:337,2
DA:341,2
LF:110
LH:91
end_of_record
SF:lib\src\components\tabs\t_tab_bar_view.dart
DA:19,1
DA:24,1
DA:26,1
DA:27,1
DA:31,1
DA:32,3
DA:35,1
DA:36,2
DA:37,2
DA:40,1
DA:42,1
DA:43,1
DA:44,2
DA:45,2
LF:14
LH:14
end_of_record
SF:lib\src\components\tag\t_tag.dart
DA:14,1
DA:21,1
DA:39,1
DA:40,2
DA:42,1
DA:44,1
DA:45,1
DA:46,0
DA:47,0
DA:48,0
DA:49,0
DA:50,0
DA:51,0
DA:52,0
DA:53,0
DA:54,0
DA:55,0
DA:56,0
DA:57,0
DA:58,0
DA:59,0
DA:62,1
DA:63,1
DA:65,1
DA:66,1
DA:69,1
DA:70,1
DA:71,1
DA:74,2
DA:76,0
DA:78,0
DA:85,0
DA:87,0
DA:88,0
DA:89,0
DA:90,0
DA:92,0
DA:94,0
DA:101,0
DA:107,1
DA:109,1
DA:110,1
DA:111,1
DA:112,2
DA:114,1
DA:122,1
DA:130,0
DA:131,0
DA:134,0
DA:135,0
DA:144,1
DA:146,0
DA:147,0
DA:148,0
DA:150,2
DA:151,2
DA:155,0
DA:157,0
DA:158,0
DA:159,0
DA:161,0
DA:162,0
DA:166,0
DA:168,0
DA:169,0
DA:170,0
DA:172,0
DA:173,0
DA:177,0
DA:179,0
DA:180,0
DA:181,0
DA:183,0
DA:184,0
DA:191,0
DA:192,0
DA:193,0
DA:195,0
DA:196,0
DA:201,1
DA:209,1
DA:211,1
DA:212,3
DA:213,0
DA:214,0
DA:215,0
DA:216,0
DA:217,0
DA:218,0
DA:223,1
DA:227,1
DA:228,0
DA:230,0
DA:231,0
DA:232,0
DA:236,0
DA:237,0
DA:238,0
DA:246,1
DA:247,1
DA:248,1
DA:249,0
DA:250,1
DA:251,0
DA:252,1
DA:253,0
DA:255,2
DA:260,1
DA:263,1
DA:264,1
DA:268,1
DA:272,1
DA:276,0
DA:283,1
DA:284,1
DA:288,1
DA:289,1
DA:293,1
DA:301,0
DA:302,0
DA:303,0
DA:305,0
DA:307,0
DA:309,0
DA:325,1
LF:125
LH:48
end_of_record
SF:lib\src\components\text\t_font_loader.dart
DA:9,0
DA:12,0
DA:17,0
DA:18,0
DA:20,0
DA:21,0
DA:22,0
DA:23,0
DA:26,0
DA:27,0
DA:31,0
DA:32,0
DA:40,0
DA:44,0
DA:52,0
DA:53,0
DA:59,0
DA:61,0
DA:62,0
DA:65,0
DA:66,0
DA:67,0
DA:69,0
DA:70,0
DA:71,0
DA:72,0
DA:75,0
DA:76,0
DA:80,0
DA:83,0
DA:85,0
DA:87,0
DA:88,0
DA:89,0
DA:90,0
DA:91,0
DA:92,0
DA:93,0
DA:94,0
DA:95,0
DA:96,0
DA:97,0
DA:98,0
DA:99,0
DA:100,0
DA:101,0
DA:102,0
DA:103,0
DA:104,0
DA:105,0
DA:106,0
DA:107,0
DA:108,0
DA:109,0
LF:54
LH:0
end_of_record
SF:lib\src\components\text\t_text_resolve.dart
DA:19,0
DA:24,29
DA:42,29
DA:43,58
DA:45,29
DA:49,1
DA:50,17
DA:51,0
DA:54,37
DA:57,36
DA:61,34
DA:64,29
DA:70,29
DA:78,16
DA:80,1
DA:81,9
DA:84,16
DA:85,1
DA:88,16
DA:90,1
DA:93,29
DA:94,16
DA:101,16
DA:102,16
DA:103,16
DA:104,16
DA:106,16
DA:107,16
DA:108,16
DA:109,16
DA:110,16
DA:111,16
DA:114,16
DA:115,16
DA:116,16
DA:118,16
DA:127,1
DA:141,0
DA:143,0
DA:148,0
DA:149,0
DA:150,1
DA:152,2
DA:154,2
DA:157,1
DA:163,1
DA:165,0
DA:166,0
DA:168,1
DA:169,0
DA:172,1
DA:174,0
DA:177,1
DA:178,1
DA:180,1
DA:183,1
DA:184,1
DA:185,1
DA:186,1
DA:187,2
DA:188,1
DA:189,1
DA:190,1
DA:191,1
DA:192,1
DA:193,1
DA:196,1
DA:197,1
DA:198,1
DA:200,1
DA:201,0
DA:208,29
DA:214,17
DA:217,1
DA:218,1
DA:221,29
DA:222,0
DA:224,0
DA:232,1
DA:237,1
DA:240,1
DA:241,0
DA:243,0
DA:251,29
DA:257,1
DA:260,1
DA:261,1
LF:87
LH:72
end_of_record
SF:lib\src\components\text\t_text_theme_data.dart
DA:64,1
DA:78,1
DA:92,1
DA:93,1
DA:94,0
DA:96,1
DA:97,1
DA:98,1
DA:99,1
DA:100,1
DA:101,1
DA:102,1
DA:103,1
DA:104,1
DA:108,1
DA:110,1
DA:113,1
DA:114,3
DA:116,3
DA:117,1
DA:118,2
DA:119,3
DA:120,3
DA:122,3
DA:124,3
DA:125,3
DA:127,3
DA:129,3
DA:130,3
LF:29
LH:28
end_of_record
SF:lib\src\components\textarea\t_textarea.dart
DA:19,1
DA:63,1
DA:194,1
DA:195,1
DA:202,1
DA:204,1
DA:205,4
DA:206,3
DA:209,1
DA:211,3
DA:212,2
DA:213,2
DA:215,2
DA:216,1
DA:219,1
DA:220,4
DA:223,1
DA:225,2
DA:226,2
DA:227,1
DA:229,2
DA:230,1
DA:232,2
DA:233,5
DA:236,1
DA:237,1
DA:239,3
DA:240,1
DA:244,1
DA:246,2
DA:253,1
DA:254,1
DA:255,3
DA:257,3
DA:258,3
DA:259,5
DA:260,2
DA:261,2
DA:264,1
DA:265,2
DA:267,1
DA:268,3
DA:269,1
DA:271,1
DA:272,2
DA:273,5
DA:274,1
DA:275,1
DA:276,1
DA:277,2
DA:278,2
DA:280,1
DA:281,2
DA:284,1
DA:286,2
DA:287,2
DA:288,1
DA:294,2
DA:295,3
DA:296,1
DA:298,3
DA:299,1
DA:301,1
DA:302,2
DA:313,1
DA:315,1
DA:316,2
DA:317,1
DA:318,2
DA:319,1
DA:320,2
DA:322,1
DA:323,1
DA:325,1
DA:327,2
DA:328,2
DA:329,2
DA:330,2
DA:331,2
DA:332,2
DA:333,2
DA:334,1
DA:335,2
DA:336,2
DA:337,3
DA:340,1
DA:341,3
DA:342,2
DA:343,2
DA:344,2
DA:345,1
DA:346,2
DA:347,2
DA:350,1
DA:352,2
DA:353,2
DA:354,5
DA:355,1
DA:357,3
DA:358,3
DA:361,1
DA:362,2
DA:363,2
DA:370,1
DA:371,3
DA:372,2
DA:373,3
DA:375,5
DA:376,1
DA:378,1
DA:379,1
DA:380,1
DA:381,1
DA:382,1
DA:383,1
DA:385,1
DA:386,2
DA:387,1
DA:388,3
DA:389,1
DA:391,2
DA:392,2
DA:403,0
DA:406,2
DA:407,7
DA:408,1
DA:409,3
DA:410,2
DA:413,1
DA:415,1
DA:423,1
DA:425,2
DA:426,1
DA:427,1
DA:428,2
DA:429,3
DA:430,1
DA:431,2
DA:433,2
DA:434,2
DA:436,3
DA:437,1
DA:438,2
DA:441,4
DA:442,1
DA:443,1
DA:451,1
DA:453,2
DA:454,1
DA:455,3
DA:456,1
DA:457,2
DA:458,2
DA:459,3
DA:460,2
DA:462,1
DA:464,1
DA:466,1
DA:471,1
DA:473,1
DA:482,1
DA:484,1
DA:485,0
DA:486,1
DA:487,2
LF:165
LH:163
end_of_record
SF:lib\src\components\time_counter\t_time_counter.dart
DA:10,0
DA:12,0
DA:14,0
DA:15,0
DA:16,0
DA:19,0
DA:24,0
DA:39,0
DA:80,0
DA:81,0
DA:96,0
DA:98,0
DA:99,0
DA:100,0
DA:103,0
DA:105,0
DA:107,0
DA:108,0
DA:109,0
DA:110,0
DA:111,0
DA:112,0
DA:113,0
DA:114,0
DA:117,0
DA:119,0
DA:120,0
DA:121,0
DA:122,0
DA:123,0
DA:124,0
DA:128,0
DA:130,0
DA:131,0
DA:132,0
DA:133,0
DA:135,0
DA:136,0
DA:140,0
DA:142,0
DA:143,0
DA:144,0
DA:148,0
DA:149,0
DA:152,0
DA:153,0
DA:154,0
DA:155,0
DA:156,0
DA:157,0
DA:158,0
DA:159,0
DA:161,0
DA:162,0
DA:165,0
DA:166,0
DA:168,0
DA:169,0
DA:171,0
DA:173,0
DA:177,0
DA:178,0
DA:182,0
DA:183,0
DA:187,0
DA:188,0
DA:189,0
DA:190,0
DA:192,0
DA:193,0
DA:196,0
DA:198,0
DA:199,0
DA:200,0
DA:205,0
DA:206,0
DA:207,0
DA:208,0
DA:210,0
DA:211,0
DA:213,0
DA:214,0
DA:216,0
DA:217,0
DA:224,0
DA:226,0
DA:227,0
DA:228,0
DA:230,0
DA:231,0
DA:233,0
DA:236,0
DA:237,0
DA:238,0
DA:239,0
DA:240,0
DA:241,0
DA:243,0
DA:244,0
DA:245,0
DA:246,0
DA:247,0
DA:248,0
DA:249,0
DA:252,0
DA:253,0
DA:256,0
DA:260,0
DA:261,0
DA:262,0
DA:263,0
DA:264,0
DA:265,0
DA:266,0
DA:267,0
DA:268,0
DA:270,0
DA:271,0
DA:272,0
DA:273,0
DA:274,0
DA:275,0
DA:276,0
DA:282,0
DA:283,0
DA:284,0
DA:285,0
DA:287,0
DA:288,0
DA:289,0
DA:290,0
DA:291,0
DA:294,0
DA:300,0
DA:301,0
DA:302,0
DA:303,0
DA:304,0
DA:305,0
DA:306,0
DA:307,0
DA:309,0
DA:310,0
DA:311,0
DA:314,0
DA:315,0
DA:316,0
DA:317,0
DA:318,0
DA:321,0
DA:322,0
DA:323,0
DA:324,0
DA:325,0
DA:328,0
DA:329,0
DA:330,0
DA:331,0
DA:332,0
DA:335,0
DA:336,0
LF:161
LH:0
end_of_record
SF:lib\src\components\time_counter\t_time_counter_style.dart
DA:39,0
DA:103,0
DA:109,0
DA:112,0
DA:113,0
DA:114,0
DA:115,0
DA:116,0
DA:117,0
DA:118,0
DA:120,0
DA:121,0
DA:122,0
DA:123,0
DA:125,0
DA:127,0
DA:128,0
DA:129,0
DA:130,0
DA:131,0
DA:132,0
DA:133,0
DA:135,0
DA:136,0
DA:137,0
DA:138,0
DA:140,0
DA:142,0
DA:143,0
DA:144,0
DA:145,0
DA:146,0
DA:147,0
DA:148,0
DA:150,0
DA:151,0
DA:152,0
DA:153,0
DA:155,0
DA:159,0
DA:160,0
DA:162,0
DA:164,0
DA:165,0
DA:167,0
DA:168,0
DA:170,0
DA:171,0
DA:173,0
DA:174,0
DA:176,0
DA:177,0
DA:178,0
DA:179,0
DA:180,0
DA:184,0
LF:56
LH:0
end_of_record
SF:lib\src\components\time_counter\t_time_counter_controller.dart
DA:23,0
DA:27,0
DA:30,0
DA:31,0
DA:35,0
DA:36,0
DA:40,0
DA:41,0
DA:45,0
DA:46,0
DA:47,0
DA:48,0
DA:50,0
DA:51,0
LF:14
LH:0
end_of_record
SF:lib\src\components\time_counter\t_time_counter_theme_data.dart
DA:19,0
DA:26,0
DA:33,0
DA:34,0
DA:35,0
DA:36,0
DA:37,0
DA:41,0
DA:43,0
DA:44,0
DA:45,0
DA:46,0
DA:47,0
DA:48,0
LF:14
LH:0
end_of_record
SF:lib\src\components\toast\t_toast.dart
DA:27,1
DA:33,0
DA:34,0
DA:35,0
DA:36,0
DA:37,0
DA:45,3
DA:49,1
DA:50,2
DA:54,1
DA:66,1
DA:67,1
DA:68,1
DA:73,1
DA:89,1
DA:103,1
DA:104,1
DA:105,1
DA:110,1
DA:128,0
DA:141,0
DA:158,0
DA:171,0
DA:188,0
DA:201,0
DA:218,0
DA:230,0
DA:231,0
DA:232,0
DA:235,0
DA:253,0
DA:262,0
DA:263,0
DA:264,0
DA:265,0
DA:282,0
DA:283,0
DA:285,0
DA:286,0
DA:291,0
DA:292,0
DA:293,0
DA:295,0
DA:299,0
DA:301,0
DA:302,0
DA:303,0
DA:304,0
DA:306,0
DA:307,0
DA:311,1
DA:319,1
DA:323,0
DA:324,0
DA:329,0
DA:331,0
DA:339,1
DA:340,2
DA:346,1
DA:351,1
DA:352,2
DA:353,2
DA:354,1
DA:355,1
DA:356,1
DA:358,2
DA:359,1
DA:360,2
DA:366,3
DA:381,1
DA:389,1
DA:390,1
DA:391,1
DA:393,1
DA:395,1
DA:396,3
DA:397,2
DA:399,1
DA:402,1
DA:403,1
DA:404,1
DA:405,2
DA:406,3
DA:409,1
DA:410,1
DA:411,1
DA:412,3
DA:413,2
DA:414,1
DA:416,3
DA:423,1
DA:424,1
DA:425,1
DA:427,1
DA:429,1
DA:430,3
DA:431,2
DA:433,1
DA:436,1
DA:437,1
DA:438,1
DA:439,2
DA:440,3
DA:443,1
DA:444,1
DA:445,3
DA:446,2
DA:447,1
DA:449,3
DA:457,1
DA:459,2
DA:460,1
DA:461,1
DA:470,0
DA:476,0
DA:478,0
DA:479,0
DA:483,0
DA:484,0
DA:485,0
DA:487,0
DA:490,0
DA:491,0
DA:492,0
DA:493,0
DA:497,0
DA:498,0
DA:499,0
DA:500,0
DA:501,0
DA:504,0
DA:514,0
DA:518,0
DA:520,0
DA:521,0
DA:525,0
DA:526,0
DA:527,0
DA:529,0
DA:530,0
DA:531,0
DA:545,1
DA:553,1
DA:555,1
DA:556,1
DA:557,3
DA:558,1
DA:560,1
DA:561,3
DA:562,2
DA:564,1
DA:565,1
DA:566,1
DA:567,3
DA:568,2
DA:569,1
DA:571,4
LF:157
LH:89
end_of_record
SF:lib\src\components\toast\t_toast_theme_data.dart
DA:35,1
DA:49,0
DA:51,0
DA:52,0
DA:53,0
DA:54,0
DA:55,0
DA:56,0
DA:57,0
DA:58,0
DA:59,0
DA:60,0
DA:64,0
DA:76,0
DA:77,0
DA:78,0
DA:79,0
DA:80,0
DA:81,0
DA:82,0
DA:83,0
DA:84,0
DA:85,0
DA:89,0
DA:91,0
DA:92,0
DA:93,0
DA:94,0
DA:95,0
DA:96,0
DA:97,0
DA:98,0
DA:99,0
DA:100,0
DA:101,0
DA:105,0
DA:107,0
LF:37
LH:1
end_of_record
SF:lib\src\components\tree\t_tree_select.dart
DA:14,0
DA:21,0
DA:55,0
DA:64,0
DA:87,0
DA:88,0
DA:97,0
DA:99,0
DA:101,0
DA:103,0
DA:105,0
DA:107,0
DA:108,0
DA:109,0
DA:110,0
DA:111,0
DA:112,0
DA:114,0
DA:115,0
DA:116,0
DA:117,0
DA:118,0
DA:119,0
DA:121,0
DA:123,0
DA:125,0
DA:126,0
DA:127,0
DA:128,0
DA:129,0
DA:133,0
DA:135,0
DA:136,0
DA:137,0
DA:140,0
DA:142,0
DA:144,0
DA:145,0
DA:149,0
DA:150,0
DA:153,0
DA:154,0
DA:155,0
DA:156,0
DA:157,0
DA:162,0
DA:167,0
DA:170,0
DA:171,0
DA:172,0
DA:173,0
DA:175,0
DA:176,0
DA:178,0
DA:179,0
DA:181,0
DA:182,0
DA:183,0
DA:184,0
DA:185,0
DA:186,0
DA:187,0
DA:188,0
DA:190,0
DA:191,0
DA:193,0
DA:194,0
DA:196,0
DA:197,0
DA:199,0
DA:200,0
DA:201,0
DA:203,0
DA:204,0
DA:205,0
DA:208,0
DA:211,0
DA:212,0
DA:213,0
DA:216,0
DA:218,0
DA:221,0
DA:222,0
DA:223,0
DA:225,0
DA:231,0
DA:232,0
DA:233,0
DA:235,0
DA:237,0
DA:239,0
DA:240,0
DA:249,0
DA:252,0
DA:253,0
DA:254,0
DA:256,0
DA:263,0
DA:266,0
DA:267,0
DA:268,0
DA:270,0
DA:283,0
DA:288,0
DA:290,0
DA:291,0
DA:292,0
DA:294,0
DA:295,0
DA:297,0
DA:298,0
DA:299,0
DA:301,0
DA:302,0
DA:306,0
DA:307,0
DA:308,0
DA:309,0
DA:311,0
DA:312,0
DA:318,0
DA:319,0
DA:320,0
DA:321,0
DA:327,0
DA:329,0
DA:331,0
DA:332,0
DA:333,0
DA:337,0
DA:338,0
DA:339,0
DA:340,0
DA:341,0
DA:342,0
DA:343,0
DA:344,0
DA:345,0
DA:348,0
DA:349,0
DA:350,0
DA:351,0
DA:354,0
DA:357,0
DA:358,0
DA:363,0
DA:366,0
DA:367,0
DA:369,0
DA:371,0
DA:373,0
DA:375,0
DA:376,0
DA:377,0
DA:378,0
DA:379,0
DA:380,0
DA:382,0
DA:384,0
DA:385,0
DA:387,0
DA:389,0
DA:392,0
DA:394,0
DA:395,0
DA:399,0
DA:400,0
DA:401,0
DA:402,0
DA:406,0
DA:407,0
DA:408,0
DA:409,0
DA:410,0
DA:414,0
DA:415,0
DA:417,0
DA:419,0
DA:422,0
DA:426,0
DA:429,0
DA:430,0
DA:431,0
DA:433,0
DA:435,0
DA:436,0
DA:437,0
DA:440,0
DA:441,0
DA:444,0
DA:447,0
DA:448,0
DA:456,0
DA:458,0
DA:461,0
DA:463,0
DA:465,0
DA:495,0
DA:497,0
DA:499,0
DA:500,0
DA:501,0
DA:503,0
DA:504,0
DA:506,0
DA:507,0
DA:509,0
DA:510,0
DA:511,0
DA:512,0
DA:513,0
DA:514,0
DA:517,0
DA:519,0
DA:521,0
DA:522,0
DA:523,0
DA:524,0
DA:525,0
DA:526,0
DA:529,0
DA:533,0
DA:536,0
DA:538,0
LF:224
LH:0
end_of_record
SF:lib\src\components\tree\t_tree_select_theme_data.dart
DA:18,0
DA:24,0
DA:30,0
DA:31,0
DA:32,0
DA:33,0
DA:37,0
DA:40,0
DA:41,0
DA:42,0
DA:43,0
DA:45,0
LF:12
LH:0
end_of_record
SF:lib\src\components\upload\t_upload.dart
DA:56,0
DA:116,0
DA:138,0
DA:200,0
DA:201,0
DA:206,0
DA:210,0
DA:211,0
DA:212,0
DA:221,0
DA:223,0
DA:224,0
DA:225,0
DA:226,0
DA:230,0
DA:231,0
DA:232,0
DA:233,0
DA:234,0
DA:235,0
DA:237,0
DA:243,0
DA:244,0
DA:245,0
DA:248,0
DA:251,0
DA:254,0
DA:255,0
DA:257,0
DA:260,0
DA:264,0
DA:266,0
DA:267,0
DA:268,0
DA:269,0
DA:270,0
DA:272,0
DA:274,0
DA:275,0
DA:276,0
DA:279,0
DA:280,0
DA:288,0
DA:289,0
DA:293,0
DA:296,0
DA:297,0
DA:303,0
DA:305,0
DA:306,0
DA:307,0
DA:308,0
DA:309,0
DA:310,0
DA:313,0
DA:314,0
DA:319,0
DA:320,0
DA:324,0
DA:327,0
DA:328,0
DA:333,0
DA:334,0
DA:336,0
DA:337,0
DA:342,0
DA:347,0
DA:349,0
DA:350,0
DA:352,0
DA:358,0
DA:359,0
DA:360,0
DA:361,0
DA:362,0
DA:373,0
DA:374,0
DA:375,0
DA:379,0
DA:381,0
DA:382,0
DA:383,0
DA:384,0
DA:385,0
DA:388,0
DA:389,0
DA:391,0
DA:392,0
DA:397,0
DA:399,0
DA:400,0
DA:401,0
DA:402,0
DA:408,0
DA:410,0
DA:412,0
DA:414,0
DA:415,0
DA:416,0
DA:417,0
DA:418,0
DA:420,0
DA:422,0
DA:423,0
DA:424,0
DA:425,0
DA:426,0
DA:427,0
DA:429,0
DA:435,0
DA:436,0
DA:437,0
DA:438,0
DA:439,0
DA:442,0
DA:443,0
DA:444,0
DA:447,0
DA:448,0
DA:449,0
DA:450,0
DA:451,0
DA:452,0
DA:453,0
DA:454,0
DA:456,0
DA:457,0
DA:458,0
DA:459,0
DA:460,0
DA:461,0
DA:464,0
DA:465,0
DA:466,0
DA:468,0
DA:471,0
DA:472,0
DA:474,0
DA:476,0
DA:477,0
DA:478,0
DA:479,0
DA:480,0
DA:481,0
DA:482,0
DA:496,0
DA:498,0
DA:499,0
DA:501,0
DA:503,0
DA:504,0
DA:506,0
DA:507,0
DA:512,0
DA:513,0
DA:514,0
DA:515,0
DA:516,0
DA:518,0
DA:520,0
DA:521,0
DA:523,0
DA:524,0
DA:526,0
DA:527,0
DA:529,0
DA:530,0
DA:531,0
DA:532,0
DA:533,0
DA:542,0
DA:543,0
DA:544,0
DA:545,0
DA:546,0
DA:552,0
DA:554,0
LF:177
LH:0
end_of_record
SF:lib\src\components\upload\t_upload_theme_data.dart
DA:25,0
DA:34,0
DA:43,0
DA:44,0
DA:45,0
DA:46,0
DA:47,0
DA:48,0
DA:49,0
DA:53,0
DA:55,0
DA:56,0
DA:57,0
DA:58,0
DA:59,0
DA:60,0
DA:61,0
DA:62,0
LF:18
LH:0
end_of_record
SF:lib\src\theme\t_font_family.dart
DA:5,0
LF:1
LH:0
end_of_record
SF:lib\src\theme\t_shadows.dart
DA:7,0
DA:10,0
DA:13,6
LF:3
LH:1
end_of_record
SF:lib\src\util\log.dart
DA:6,0
DA:16,0
DA:18,0
DA:20,0
DA:22,0
DA:24,0
DA:26,0
DA:27,0
LF:8
LH:0
end_of_record
SF:lib\src\util\string_util.dart
DA:5,43
DA:7,86
DA:9,86
DA:14,0
DA:17,86
DA:18,43
DA:20,43
DA:23,86
DA:24,43
DA:27,43
DA:30,86
LF:11
LH:10
end_of_record
